[2020-9-30 17:5:36] [INFO] Booting the 'HTTP' middleware...
[2020-9-30 17:5:36] [INFO] Booting the 'Statics' middleware...
[2020-9-30 17:5:36] [INFO] Routes :: Mounting API Routes...
[2020-9-30 17:5:36] [INFO] Configuration :: Booting @ Master...
[2020-9-30 17:5:36] [INFO] Server :: Cluster with ProcessID '3088' has responded after it was forked! 
[2020-9-30 17:5:36] [INFO] Server :: Cluster with ProcessID '7544' has responded after it was forked! 
[2020-9-30 17:5:36] [INFO] Server :: Cluster with ProcessID '8268' has responded after it was forked! 
[2020-9-30 17:5:36] [INFO] Server :: Cluster with ProcessID '10996' has responded after it was forked! 
[2020-9-30 17:5:45] [INFO] Routes :: Mounting API Routes...
[2020-9-30 17:5:45] [INFO] Booting the 'HTTP' middleware...
[2020-9-30 17:5:45] [INFO] Booting the 'Statics' middleware...
[2020-9-30 17:5:45] [INFO] Database :: Booting @ Master...
[2020-9-30 17:5:45] [INFO] Server :: Booting @ Master...
[2020-9-30 17:5:45] [INFO] Routes :: Mounting API Routes...
[2020-9-30 17:5:45] [INFO] Booting the 'HTTP' middleware...
[2020-9-30 17:5:45] [INFO] Booting the 'Statics' middleware...
[2020-9-30 17:5:45] [INFO] Database :: Booting @ Master...
[2020-9-30 17:5:45] [INFO] Server :: Booting @ Master...
[2020-9-30 17:5:36] [INFO] Server :: Cluster with ProcessID '7544' Connected!
[2020-9-30 17:5:36] [INFO] Server :: Cluster with ProcessID '8268' Connected!
[2020-9-30 17:5:45] [INFO] Routes :: Mounting API Routes...
[2020-9-30 17:5:45] [INFO] Booting the 'HTTP' middleware...
[2020-9-30 17:5:45] [INFO] Booting the 'Statics' middleware...
[2020-9-30 17:5:45] [INFO] Database :: Booting @ Master...
[2020-9-30 17:5:45] [INFO] Server :: Booting @ Master...
[2020-9-30 17:5:36] [INFO] Server :: Cluster with ProcessID '3088' Connected!
[2020-9-30 17:5:45] [INFO] Routes :: Mounting API Routes...
[2020-9-30 17:5:45] [INFO] Booting the 'HTTP' middleware...
[2020-9-30 17:5:45] [INFO] Booting the 'Statics' middleware...
[2020-9-30 17:5:45] [INFO] Database :: Booting @ Master...
[2020-9-30 17:5:45] [INFO] Server :: Booting @ Master...
[2020-9-30 17:5:36] [INFO] Server :: Cluster with ProcessID '10996' Connected!
[2020-9-30 17:5:45] [INFO] Database :: Mount...
[2020-9-30 17:5:45] [INFO] Connected to oracledb server at : localhost:1521/orcl
[2020-9-30 17:5:45] [INFO] Connected to oracledb server at : localhost:1521/orcl
[2020-9-30 17:5:45] [INFO] Database :: Mount...
[2020-9-30 17:5:45] [INFO] Connected to oracledb server at : localhost:1521/orcl
[2020-9-30 17:5:45] [INFO] Database :: Mount...
[2020-9-30 17:5:45] [INFO] Connected to oracledb server at : localhost:1521/orcl
[2020-9-30 17:5:45] [INFO] Database :: Mount...
[2020-9-30 17:5:36] [INFO] Server :: Cluster with ProcessID '3088' Disconnected!
[2020-9-30 17:5:36] [INFO] Server :: Cluster with ProcessID '7544' Disconnected!
[2020-9-30 17:5:36] [INFO] Server :: Cluster with ProcessID '8268' Disconnected!
[2020-9-30 17:5:36] [INFO] Server :: Cluster with ProcessID '3088' is Dead with Code '1, and signal: 'null'
[2020-9-30 17:5:36] [INFO] Server :: Cluster with ProcessID '10996' Disconnected!
[2020-9-30 17:6:14] [INFO] Routes :: Mounting API Routes...
[2020-9-30 17:6:14] [INFO] Booting the 'Statics' middleware...
[2020-9-30 17:6:14] [INFO] Configuration :: Booting @ Master...
[2020-9-30 17:6:14] [INFO] Booting the 'HTTP' middleware...
[2020-9-30 17:6:14] [INFO] Server :: Cluster with ProcessID '24776' has responded after it was forked! 
[2020-9-30 17:6:14] [INFO] Server :: Cluster with ProcessID '24580' has responded after it was forked! 
[2020-9-30 17:6:14] [INFO] Server :: Cluster with ProcessID '24592' has responded after it was forked! 
[2020-9-30 17:6:14] [INFO] Server :: Cluster with ProcessID '6288' has responded after it was forked! 
[2020-9-30 17:6:23] [INFO] Routes :: Mounting API Routes...
[2020-9-30 17:6:23] [INFO] Booting the 'HTTP' middleware...
[2020-9-30 17:6:23] [INFO] Booting the 'Statics' middleware...
[2020-9-30 17:6:23] [INFO] Database :: Booting @ Master...
[2020-9-30 17:6:23] [INFO] Server :: Booting @ Master...
[2020-9-30 17:6:23] [INFO] Routes :: Mounting API Routes...
[2020-9-30 17:6:23] [INFO] Booting the 'Statics' middleware...
[2020-9-30 17:6:23] [INFO] Booting the 'HTTP' middleware...
[2020-9-30 17:6:23] [INFO] Database :: Booting @ Master...
[2020-9-30 17:6:23] [INFO] Server :: Booting @ Master...
[2020-9-30 17:6:23] [INFO] Routes :: Mounting API Routes...
[2020-9-30 17:6:23] [INFO] Booting the 'HTTP' middleware...
[2020-9-30 17:6:23] [INFO] Booting the 'Statics' middleware...
[2020-9-30 17:6:23] [INFO] Database :: Booting @ Master...
[2020-9-30 17:6:23] [INFO] Server :: Booting @ Master...
[2020-9-30 17:6:23] [INFO] Routes :: Mounting API Routes...
[2020-9-30 17:6:23] [INFO] Booting the 'HTTP' middleware...
[2020-9-30 17:6:23] [INFO] Booting the 'Statics' middleware...
[2020-9-30 17:6:23] [INFO] Database :: Booting @ Master...
[2020-9-30 17:6:23] [INFO] Server :: Booting @ Master...
[2020-9-30 17:6:14] [INFO] Server :: Cluster with ProcessID '24592' Connected!
[2020-9-30 17:6:14] [INFO] Server :: Cluster with ProcessID '6288' Connected!
[2020-9-30 17:6:14] [INFO] Server :: Cluster with ProcessID '24580' Connected!
[2020-9-30 17:6:14] [INFO] Server :: Cluster with ProcessID '24776' Connected!
[2020-9-30 17:6:23] [INFO] Connected to oracledb server at : localhost:1521/orcl
[2020-9-30 17:6:23] [INFO] Database :: Mount...
[2020-9-30 17:6:23] [INFO] Connected to oracledb server at : localhost:1521/orcl
[2020-9-30 17:6:23] [INFO] Database :: Mount...
[2020-9-30 17:6:23] [INFO] Connected to oracledb server at : localhost:1521/orcl
[2020-9-30 17:6:23] [INFO] Database :: Mount...
[2020-9-30 17:6:23] [INFO] Connected to oracledb server at : localhost:1521/orcl
[2020-9-30 17:6:23] [INFO] Database :: Mount...
[2020-9-30 17:6:14] [INFO] Worker :: Booting @ Master...
[2020-9-30 17:6:14] [INFO] Server :: Cluster with ProcessID '24592' Disconnected!
[2020-9-30 17:6:14] [INFO] Server :: Cluster with ProcessID '24592' is Dead with Code '0, and signal: 'null'
[2020-9-30 17:6:14] [INFO] Server :: Cluster with ProcessID '5868' has responded after it was forked! 
[2020-9-30 17:6:14] [INFO] Server :: Cluster with ProcessID '24580' Disconnected!
[2020-9-30 17:6:14] [INFO] Server :: Cluster with ProcessID '24580' is Dead with Code '0, and signal: 'null'
[2020-9-30 17:6:14] [INFO] Server :: Cluster with ProcessID '10232' has responded after it was forked! 
[2020-9-30 17:6:14] [INFO] Server :: Cluster with ProcessID '24776' Disconnected!
[2020-9-30 17:6:14] [INFO] Server :: Cluster with ProcessID '24776' is Dead with Code '0, and signal: 'null'
[2020-9-30 17:6:14] [INFO] Server :: Cluster with ProcessID '6288' Disconnected!
[2020-9-30 17:6:14] [INFO] Server :: Cluster with ProcessID '6288' is Dead with Code '0, and signal: 'null'
[2020-9-30 17:6:14] [INFO] Server :: Cluster with ProcessID '9472' has responded after it was forked! 
[2020-9-30 17:6:14] [INFO] Server :: Cluster with ProcessID '10344' has responded after it was forked! 
[2020-9-30 17:9:8] [INFO] Routes :: Mounting API Routes...
[2020-9-30 17:9:8] [INFO] Booting the 'HTTP' middleware...
[2020-9-30 17:9:8] [INFO] Booting the 'Statics' middleware...
[2020-9-30 17:9:8] [INFO] Database :: Booting @ Master...
[2020-9-30 17:9:8] [INFO] Server :: Booting @ Master...
[2020-9-30 17:6:14] [INFO] Server :: Cluster with ProcessID '5868' Connected!
[2020-9-30 17:9:8] [INFO] Connected to oracledb server at : localhost:1521/orcl
[2020-9-30 17:9:8] [INFO] Database :: Mount...
[2020-9-30 17:9:10] [INFO] Routes :: Mounting API Routes...
[2020-9-30 17:9:10] [INFO] Booting the 'HTTP' middleware...
[2020-9-30 17:9:10] [INFO] Booting the 'Statics' middleware...
[2020-9-30 17:9:10] [INFO] Database :: Booting @ Master...
[2020-9-30 17:9:10] [INFO] Server :: Booting @ Master...
[2020-9-30 17:6:14] [INFO] Server :: Cluster with ProcessID '10232' Connected!
[2020-9-30 17:9:10] [INFO] Routes :: Mounting API Routes...
[2020-9-30 17:9:10] [INFO] Booting the 'HTTP' middleware...
[2020-9-30 17:9:10] [INFO] Booting the 'Statics' middleware...
[2020-9-30 17:9:10] [INFO] Database :: Booting @ Master...
[2020-9-30 17:9:10] [INFO] Server :: Booting @ Master...
[2020-9-30 17:6:14] [INFO] Server :: Cluster with ProcessID '9472' Connected!
[2020-9-30 17:9:11] [INFO] Routes :: Mounting API Routes...
[2020-9-30 17:9:11] [INFO] Booting the 'HTTP' middleware...
[2020-9-30 17:9:11] [INFO] Booting the 'Statics' middleware...
[2020-9-30 17:9:11] [INFO] Database :: Booting @ Master...
[2020-9-30 17:9:11] [INFO] Server :: Booting @ Master...
[2020-9-30 17:6:14] [INFO] Server :: Cluster with ProcessID '10344' Connected!
[2020-9-30 17:9:10] [INFO] Connected to oracledb server at : localhost:1521/orcl
[2020-9-30 17:9:10] [INFO] Database :: Mount...
[2020-9-30 17:9:10] [INFO] Connected to oracledb server at : localhost:1521/orcl
[2020-9-30 17:9:10] [INFO] Database :: Mount...
[2020-9-30 17:9:11] [INFO] Connected to oracledb server at : localhost:1521/orcl
[2020-9-30 17:9:11] [INFO] Database :: Mount...
[2020-9-30 17:9:35] [INFO] Routes :: Mounting API Routes...
[2020-9-30 17:9:35] [INFO] Booting the 'HTTP' middleware...
[2020-9-30 17:9:35] [INFO] Booting the 'Statics' middleware...
[2020-9-30 17:9:35] [INFO] Configuration :: Booting @ Master...
[2020-9-30 17:9:35] [INFO] Server :: Cluster with ProcessID '15700' has responded after it was forked! 
[2020-9-30 17:9:35] [INFO] Server :: Cluster with ProcessID '23900' has responded after it was forked! 
[2020-9-30 17:9:35] [INFO] Server :: Cluster with ProcessID '23856' has responded after it was forked! 
[2020-9-30 17:9:35] [INFO] Server :: Cluster with ProcessID '24364' has responded after it was forked! 
[2020-9-30 17:9:43] [INFO] Routes :: Mounting API Routes...
[2020-9-30 17:9:43] [INFO] Booting the 'HTTP' middleware...
[2020-9-30 17:9:43] [INFO] Booting the 'Statics' middleware...
[2020-9-30 17:9:43] [INFO] Database :: Booting @ Master...
[2020-9-30 17:9:43] [INFO] Server :: Booting @ Master...
[2020-9-30 17:9:35] [INFO] Server :: Cluster with ProcessID '23856' Connected!
[2020-9-30 17:9:43] [INFO] Routes :: Mounting API Routes...
[2020-9-30 17:9:43] [INFO] Booting the 'HTTP' middleware...
[2020-9-30 17:9:43] [INFO] Booting the 'Statics' middleware...
[2020-9-30 17:9:43] [INFO] Database :: Booting @ Master...
[2020-9-30 17:9:43] [INFO] Server :: Booting @ Master...
[2020-9-30 17:9:35] [INFO] Server :: Cluster with ProcessID '15700' Connected!
[2020-9-30 17:9:44] [INFO] Routes :: Mounting API Routes...
[2020-9-30 17:9:44] [INFO] Booting the 'HTTP' middleware...
[2020-9-30 17:9:44] [INFO] Booting the 'Statics' middleware...
[2020-9-30 17:9:44] [INFO] Database :: Booting @ Master...
[2020-9-30 17:9:44] [INFO] Server :: Booting @ Master...
[2020-9-30 17:9:35] [INFO] Server :: Cluster with ProcessID '23900' Connected!
[2020-9-30 17:9:44] [INFO] Routes :: Mounting API Routes...
[2020-9-30 17:9:44] [INFO] Booting the 'HTTP' middleware...
[2020-9-30 17:9:44] [INFO] Booting the 'Statics' middleware...
[2020-9-30 17:9:44] [INFO] Database :: Booting @ Master...
[2020-9-30 17:9:44] [INFO] Server :: Booting @ Master...
[2020-9-30 17:9:35] [INFO] Server :: Cluster with ProcessID '24364' Connected!
[2020-9-30 17:9:43] [INFO] Connected to oracledb server at : localhost:1521/orcl
[2020-9-30 17:9:43] [INFO] Database :: Mount...
[2020-9-30 17:9:43] [INFO] Connected to oracledb server at : localhost:1521/orcl
[2020-9-30 17:9:43] [INFO] Database :: Mount...
[2020-9-30 17:9:44] [INFO] Connected to oracledb server at : localhost:1521/orcl
[2020-9-30 17:9:44] [INFO] Database :: Mount...
[2020-9-30 17:9:44] [INFO] Connected to oracledb server at : localhost:1521/orcl
[2020-9-30 17:9:44] [INFO] Database :: Mount...
[2020-9-30 17:9:35] [INFO] Server :: Cluster with ProcessID '15700' Disconnected!
[2020-9-30 17:9:35] [INFO] Server :: Cluster with ProcessID '23856' Disconnected!
[2020-9-30 17:9:35] [INFO] Server :: Cluster with ProcessID '15700' is Dead with Code '1, and signal: 'null'
[2020-9-30 17:9:35] [INFO] Server :: Cluster with ProcessID '23900' Disconnected!
[2020-9-30 17:9:35] [INFO] Server :: Cluster with ProcessID '24364' Disconnected!
[2020-9-30 17:9:35] [INFO] Server :: Cluster with ProcessID '23856' is Dead with Code '1, and signal: 'null'
[2020-9-30 17:10:40] [INFO] Routes :: Mounting API Routes...
[2020-9-30 17:10:40] [INFO] Booting the 'HTTP' middleware...
[2020-9-30 17:10:40] [INFO] Booting the 'Statics' middleware...
[2020-9-30 17:10:40] [INFO] Configuration :: Booting @ Master...
[2020-9-30 17:10:40] [INFO] Server :: Cluster with ProcessID '4312' has responded after it was forked! 
[2020-9-30 17:10:40] [INFO] Server :: Cluster with ProcessID '1732' has responded after it was forked! 
[2020-9-30 17:10:40] [INFO] Server :: Cluster with ProcessID '5476' has responded after it was forked! 
[2020-9-30 17:10:40] [INFO] Server :: Cluster with ProcessID '10916' has responded after it was forked! 
[2020-9-30 17:10:49] [INFO] Routes :: Mounting API Routes...
[2020-9-30 17:10:49] [INFO] Booting the 'HTTP' middleware...
[2020-9-30 17:10:49] [INFO] Booting the 'Statics' middleware...
[2020-9-30 17:10:49] [INFO] Database :: Booting @ Master...
[2020-9-30 17:10:49] [INFO] Server :: Booting @ Master...
[2020-9-30 17:10:40] [INFO] Server :: Cluster with ProcessID '4312' Connected!
[2020-9-30 17:10:49] [INFO] Routes :: Mounting API Routes...
[2020-9-30 17:10:49] [INFO] Booting the 'HTTP' middleware...
[2020-9-30 17:10:49] [INFO] Booting the 'Statics' middleware...
[2020-9-30 17:10:49] [INFO] Database :: Booting @ Master...
[2020-9-30 17:10:49] [INFO] Server :: Booting @ Master...
[2020-9-30 17:10:40] [INFO] Server :: Cluster with ProcessID '5476' Connected!
[2020-9-30 17:10:50] [INFO] Routes :: Mounting API Routes...
[2020-9-30 17:10:50] [INFO] Booting the 'HTTP' middleware...
[2020-9-30 17:10:50] [INFO] Booting the 'Statics' middleware...
[2020-9-30 17:10:50] [INFO] Database :: Booting @ Master...
[2020-9-30 17:10:50] [INFO] Server :: Booting @ Master...
[2020-9-30 17:10:50] [INFO] Routes :: Mounting API Routes...
[2020-9-30 17:10:50] [INFO] Booting the 'HTTP' middleware...
[2020-9-30 17:10:50] [INFO] Booting the 'Statics' middleware...
[2020-9-30 17:10:50] [INFO] Database :: Booting @ Master...
[2020-9-30 17:10:50] [INFO] Server :: Booting @ Master...
[2020-9-30 17:10:40] [INFO] Server :: Cluster with ProcessID '1732' Connected!
[2020-9-30 17:10:40] [INFO] Server :: Cluster with ProcessID '10916' Connected!
[2020-9-30 17:10:49] [INFO] Connected to oracledb server at : localhost:1521/orcl
[2020-9-30 17:10:49] [INFO] Database :: Mount...
[2020-9-30 17:10:50] [INFO] Connected to oracledb server at : localhost:1521/orcl
[2020-9-30 17:10:50] [INFO] Database :: Mount...
[2020-9-30 17:10:49] [INFO] Connected to oracledb server at : localhost:1521/orcl
[2020-9-30 17:10:49] [INFO] Database :: Mount...
[2020-9-30 17:10:50] [INFO] Connected to oracledb server at : localhost:1521/orcl
[2020-9-30 17:10:50] [INFO] Database :: Mount...
[2020-9-30 17:11:37] [INFO] Routes :: Mounting API Routes...
[2020-9-30 17:11:37] [INFO] Booting the 'HTTP' middleware...
[2020-9-30 17:11:37] [INFO] Booting the 'Statics' middleware...
[2020-9-30 17:11:37] [INFO] Configuration :: Booting @ Master...
[2020-9-30 17:11:37] [INFO] Server :: Cluster with ProcessID '12740' has responded after it was forked! 
[2020-9-30 17:11:37] [INFO] Server :: Cluster with ProcessID '11672' has responded after it was forked! 
[2020-9-30 17:11:37] [INFO] Server :: Cluster with ProcessID '16724' has responded after it was forked! 
[2020-9-30 17:11:37] [INFO] Server :: Cluster with ProcessID '2596' has responded after it was forked! 
[2020-9-30 17:11:46] [INFO] Routes :: Mounting API Routes...
[2020-9-30 17:11:46] [INFO] Booting the 'HTTP' middleware...
[2020-9-30 17:11:46] [INFO] Booting the 'Statics' middleware...
[2020-9-30 17:11:46] [INFO] Database :: Booting @ Master...
[2020-9-30 17:11:46] [INFO] Server :: Booting @ Master...
[2020-9-30 17:11:37] [INFO] Server :: Cluster with ProcessID '2596' Connected!
[2020-9-30 17:11:46] [INFO] Routes :: Mounting API Routes...
[2020-9-30 17:11:46] [INFO] Booting the 'HTTP' middleware...
[2020-9-30 17:11:46] [INFO] Booting the 'Statics' middleware...
[2020-9-30 17:11:46] [INFO] Database :: Booting @ Master...
[2020-9-30 17:11:46] [INFO] Server :: Booting @ Master...
[2020-9-30 17:11:37] [INFO] Server :: Cluster with ProcessID '11672' Connected!
[2020-9-30 17:11:46] [INFO] Routes :: Mounting API Routes...
[2020-9-30 17:11:46] [INFO] Booting the 'HTTP' middleware...
[2020-9-30 17:11:46] [INFO] Booting the 'Statics' middleware...
[2020-9-30 17:11:46] [INFO] Database :: Booting @ Master...
[2020-9-30 17:11:46] [INFO] Server :: Booting @ Master...
[2020-9-30 17:11:46] [INFO] Booting the 'HTTP' middleware...
[2020-9-30 17:11:46] [INFO] Routes :: Mounting API Routes...
[2020-9-30 17:11:46] [INFO] Booting the 'Statics' middleware...
[2020-9-30 17:11:46] [INFO] Database :: Booting @ Master...
[2020-9-30 17:11:46] [INFO] Server :: Booting @ Master...
[2020-9-30 17:11:37] [INFO] Server :: Cluster with ProcessID '12740' Connected!
[2020-9-30 17:11:37] [INFO] Server :: Cluster with ProcessID '16724' Connected!
[2020-9-30 17:11:46] [INFO] Connected to oracledb server at : localhost:1521/orcl
[2020-9-30 17:11:46] [INFO] Database :: Mount...
[2020-9-30 17:11:46] [INFO] Connected to oracledb server at : localhost:1521/orcl
[2020-9-30 17:11:46] [INFO] Database :: Mount...
[2020-9-30 17:11:46] [INFO] Connected to oracledb server at : localhost:1521/orcl
[2020-9-30 17:11:46] [INFO] Database :: Mount...
[2020-9-30 17:11:46] [INFO] Connected to oracledb server at : localhost:1521/orcl
[2020-9-30 17:11:46] [INFO] Database :: Mount...
[2020-9-30 17:13:39] [INFO] Booting the 'HTTP' middleware...
[2020-9-30 17:13:39] [INFO] Booting the 'Statics' middleware...
[2020-9-30 17:13:39] [INFO] Configuration :: Booting @ Master...
[2020-9-30 17:13:39] [INFO] Routes :: Mounting API Routes...
[2020-9-30 17:13:39] [INFO] Server :: Cluster with ProcessID '5560' has responded after it was forked! 
[2020-9-30 17:13:39] [INFO] Server :: Cluster with ProcessID '24652' has responded after it was forked! 
[2020-9-30 17:13:39] [INFO] Server :: Cluster with ProcessID '10972' has responded after it was forked! 
[2020-9-30 17:13:39] [INFO] Server :: Cluster with ProcessID '16204' has responded after it was forked! 
[2020-9-30 17:13:48] [INFO] Routes :: Mounting API Routes...
[2020-9-30 17:13:48] [INFO] Booting the 'HTTP' middleware...
[2020-9-30 17:13:48] [INFO] Booting the 'Statics' middleware...
[2020-9-30 17:13:48] [INFO] Server :: Booting @ Master...
[2020-9-30 17:13:48] [INFO] Database :: Booting @ Master...
[2020-9-30 17:13:39] [INFO] Server :: Cluster with ProcessID '10972' Connected!
[2020-9-30 17:13:48] [INFO] Routes :: Mounting API Routes...
[2020-9-30 17:13:48] [INFO] Booting the 'HTTP' middleware...
[2020-9-30 17:13:48] [INFO] Booting the 'Statics' middleware...
[2020-9-30 17:13:48] [INFO] Database :: Booting @ Master...
[2020-9-30 17:13:48] [INFO] Server :: Booting @ Master...
[2020-9-30 17:13:39] [INFO] Server :: Cluster with ProcessID '5560' Connected!
[2020-9-30 17:13:48] [INFO] Routes :: Mounting API Routes...
[2020-9-30 17:13:48] [INFO] Booting the 'HTTP' middleware...
[2020-9-30 17:13:48] [INFO] Booting the 'Statics' middleware...
[2020-9-30 17:13:48] [INFO] Database :: Booting @ Master...
[2020-9-30 17:13:48] [INFO] Server :: Booting @ Master...
[2020-9-30 17:13:39] [INFO] Server :: Cluster with ProcessID '24652' Connected!
[2020-9-30 17:13:48] [INFO] Connected to oracledb server at : localhost:1521/orcl
[2020-9-30 17:13:48] [INFO] Database :: Mount...
[2020-9-30 17:13:48] [INFO] Connected to oracledb server at : localhost:1521/orcl
[2020-9-30 17:13:48] [INFO] Database :: Mount...
[2020-9-30 17:13:48] [INFO] Connected to oracledb server at : localhost:1521/orcl
[2020-9-30 17:13:48] [INFO] Database :: Mount...
[2020-9-30 17:13:49] [INFO] Routes :: Mounting API Routes...
[2020-9-30 17:13:49] [INFO] Booting the 'HTTP' middleware...
[2020-9-30 17:13:49] [INFO] Booting the 'Statics' middleware...
[2020-9-30 17:13:49] [INFO] Database :: Booting @ Master...
[2020-9-30 17:13:49] [INFO] Server :: Booting @ Master...
[2020-9-30 17:13:39] [INFO] Server :: Cluster with ProcessID '16204' Connected!
[2020-9-30 17:13:49] [INFO] Connected to oracledb server at : localhost:1521/orcl
[2020-9-30 17:13:49] [INFO] Database :: Mount...
[2020-9-30 17:18:46] [INFO] Routes :: Mounting API Routes...
[2020-9-30 17:18:46] [INFO] Booting the 'HTTP' middleware...
[2020-9-30 17:18:46] [INFO] Configuration :: Booting @ Master...
[2020-9-30 17:18:46] [INFO] Booting the 'Statics' middleware...
[2020-9-30 17:18:46] [INFO] Server :: Cluster with ProcessID '11792' has responded after it was forked! 
[2020-9-30 17:18:46] [INFO] Server :: Cluster with ProcessID '7776' has responded after it was forked! 
[2020-9-30 17:18:46] [INFO] Server :: Cluster with ProcessID '9860' has responded after it was forked! 
[2020-9-30 17:18:46] [INFO] Server :: Cluster with ProcessID '12396' has responded after it was forked! 
[2020-9-30 17:18:54] [INFO] Routes :: Mounting API Routes...
[2020-9-30 17:18:54] [INFO] Booting the 'HTTP' middleware...
[2020-9-30 17:18:54] [INFO] Booting the 'Statics' middleware...
[2020-9-30 17:18:54] [INFO] Database :: Booting @ Master...
[2020-9-30 17:18:54] [INFO] Server :: Booting @ Master...
[2020-9-30 17:18:54] [INFO] Routes :: Mounting API Routes...
[2020-9-30 17:18:54] [INFO] Booting the 'HTTP' middleware...
[2020-9-30 17:18:54] [INFO] Booting the 'Statics' middleware...
[2020-9-30 17:18:54] [INFO] Database :: Booting @ Master...
[2020-9-30 17:18:54] [INFO] Server :: Booting @ Master...
[2020-9-30 17:18:46] [INFO] Server :: Cluster with ProcessID '7776' Connected!
[2020-9-30 17:18:46] [INFO] Server :: Cluster with ProcessID '11792' Connected!
[2020-9-30 17:18:54] [INFO] Routes :: Mounting API Routes...
[2020-9-30 17:18:54] [INFO] Booting the 'HTTP' middleware...
[2020-9-30 17:18:54] [INFO] Booting the 'Statics' middleware...
[2020-9-30 17:18:54] [INFO] Database :: Booting @ Master...
[2020-9-30 17:18:54] [INFO] Server :: Booting @ Master...
[2020-9-30 17:18:46] [INFO] Server :: Cluster with ProcessID '12396' Connected!
[2020-9-30 17:18:54] [INFO] Routes :: Mounting API Routes...
[2020-9-30 17:18:54] [INFO] Booting the 'HTTP' middleware...
[2020-9-30 17:18:54] [INFO] Booting the 'Statics' middleware...
[2020-9-30 17:18:54] [INFO] Database :: Booting @ Master...
[2020-9-30 17:18:54] [INFO] Server :: Booting @ Master...
[2020-9-30 17:18:46] [INFO] Server :: Cluster with ProcessID '9860' Connected!
[2020-9-30 17:18:54] [INFO] Connected to oracledb server at : localhost:1521/orcl
[2020-9-30 17:18:54] [INFO] Database :: Mount...
[2020-9-30 17:18:54] [INFO] Connected to oracledb server at : localhost:1521/orcl
[2020-9-30 17:18:54] [INFO] Database :: Mount...
[2020-9-30 17:18:54] [INFO] Connected to oracledb server at : localhost:1521/orcl
[2020-9-30 17:18:54] [INFO] Database :: Mount...
[2020-9-30 17:18:54] [INFO] Connected to oracledb server at : localhost:1521/orcl
[2020-9-30 17:18:54] [INFO] Database :: Mount...
[2020-9-30 17:20:20] [INFO] Routes :: Mounting API Routes...
[2020-9-30 17:20:20] [INFO] Booting the 'HTTP' middleware...
[2020-9-30 17:20:20] [INFO] Booting the 'Statics' middleware...
[2020-9-30 17:20:20] [INFO] Configuration :: Booting @ Master...
[2020-9-30 17:20:20] [INFO] Server :: Cluster with ProcessID '9236' has responded after it was forked! 
[2020-9-30 17:20:20] [INFO] Server :: Cluster with ProcessID '24516' has responded after it was forked! 
[2020-9-30 17:20:20] [INFO] Server :: Cluster with ProcessID '11948' has responded after it was forked! 
[2020-9-30 17:20:20] [INFO] Server :: Cluster with ProcessID '22860' has responded after it was forked! 
[2020-9-30 17:20:28] [INFO] Routes :: Mounting API Routes...
[2020-9-30 17:20:28] [INFO] Booting the 'HTTP' middleware...
[2020-9-30 17:20:28] [INFO] Booting the 'Statics' middleware...
[2020-9-30 17:20:28] [INFO] Database :: Booting @ Master...
[2020-9-30 17:20:28] [INFO] Server :: Booting @ Master...
[2020-9-30 17:20:20] [INFO] Server :: Cluster with ProcessID '24516' Connected!
[2020-9-30 17:20:28] [INFO] Routes :: Mounting API Routes...
[2020-9-30 17:20:28] [INFO] Booting the 'HTTP' middleware...
[2020-9-30 17:20:28] [INFO] Booting the 'Statics' middleware...
[2020-9-30 17:20:28] [INFO] Database :: Booting @ Master...
[2020-9-30 17:20:28] [INFO] Server :: Booting @ Master...
[2020-9-30 17:20:20] [INFO] Server :: Cluster with ProcessID '11948' Connected!
[2020-9-30 17:20:28] [INFO] Routes :: Mounting API Routes...
[2020-9-30 17:20:28] [INFO] Booting the 'HTTP' middleware...
[2020-9-30 17:20:28] [INFO] Booting the 'Statics' middleware...
[2020-9-30 17:20:28] [INFO] Database :: Booting @ Master...
[2020-9-30 17:20:28] [INFO] Server :: Booting @ Master...
[2020-9-30 17:20:20] [INFO] Server :: Cluster with ProcessID '9236' Connected!
[2020-9-30 17:20:28] [INFO] Routes :: Mounting API Routes...
[2020-9-30 17:20:28] [INFO] Booting the 'HTTP' middleware...
[2020-9-30 17:20:28] [INFO] Booting the 'Statics' middleware...
[2020-9-30 17:20:28] [INFO] Database :: Booting @ Master...
[2020-9-30 17:20:28] [INFO] Server :: Booting @ Master...
[2020-9-30 17:20:20] [INFO] Server :: Cluster with ProcessID '22860' Connected!
[2020-9-30 17:20:28] [INFO] Connected to oracledb server at : localhost:1521/orcl
[2020-9-30 17:20:28] [INFO] Database :: Mount...
[2020-9-30 17:20:28] [INFO] Connected to oracledb server at : localhost:1521/orcl
[2020-9-30 17:20:28] [INFO] Database :: Mount...
[2020-9-30 17:20:28] [INFO] Database :: Mount...
[2020-9-30 17:20:28] [INFO] Connected to oracledb server at : localhost:1521/orcl
[2020-9-30 17:20:28] [INFO] Connected to oracledb server at : localhost:1521/orcl
[2020-9-30 17:20:28] [INFO] Database :: Mount...
[2020-9-30 17:20:20] [INFO] Server :: Cluster with ProcessID '11948' Disconnected!
[2020-9-30 17:20:20] [INFO] Server :: Cluster with ProcessID '9236' Disconnected!
[2020-9-30 17:20:20] [INFO] Server :: Cluster with ProcessID '11948' is Dead with Code '0, and signal: 'null'
[2020-9-30 17:20:20] [INFO] Server :: Cluster with ProcessID '22860' Disconnected!
[2020-9-30 17:20:20] [INFO] Server :: Cluster with ProcessID '9236' is Dead with Code '0, and signal: 'null'
[2020-9-30 17:20:20] [INFO] Server :: Cluster with ProcessID '22860' is Dead with Code '0, and signal: 'null'
[2020-9-30 17:20:20] [INFO] Server :: Cluster with ProcessID '15600' has responded after it was forked! 
[2020-9-30 17:20:20] [INFO] Server :: Cluster with ProcessID '1792' has responded after it was forked! 
[2020-9-30 17:20:20] [INFO] Server :: Cluster with ProcessID '15144' has responded after it was forked! 
[2020-9-30 17:21:31] [INFO] Routes :: Mounting API Routes...
[2020-9-30 17:21:31] [INFO] Booting the 'HTTP' middleware...
[2020-9-30 17:21:31] [INFO] Booting the 'Statics' middleware...
[2020-9-30 17:21:31] [INFO] Configuration :: Booting @ Master...
[2020-9-30 17:21:31] [INFO] Server :: Cluster with ProcessID '20996' has responded after it was forked! 
[2020-9-30 17:21:31] [INFO] Server :: Cluster with ProcessID '1148' has responded after it was forked! 
[2020-9-30 17:21:31] [INFO] Server :: Cluster with ProcessID '19160' has responded after it was forked! 
[2020-9-30 17:21:31] [INFO] Server :: Cluster with ProcessID '19584' has responded after it was forked! 
[2020-9-30 17:21:39] [INFO] Routes :: Mounting API Routes...
[2020-9-30 17:21:39] [INFO] Booting the 'HTTP' middleware...
[2020-9-30 17:21:39] [INFO] Booting the 'Statics' middleware...
[2020-9-30 17:21:39] [INFO] Database :: Booting @ Master...
[2020-9-30 17:21:39] [INFO] Server :: Booting @ Master...
[2020-9-30 17:21:39] [INFO] Routes :: Mounting API Routes...
[2020-9-30 17:21:39] [INFO] Booting the 'HTTP' middleware...
[2020-9-30 17:21:39] [INFO] Booting the 'Statics' middleware...
[2020-9-30 17:21:39] [INFO] Database :: Booting @ Master...
[2020-9-30 17:21:39] [INFO] Server :: Booting @ Master...
[2020-9-30 17:21:31] [INFO] Server :: Cluster with ProcessID '19160' Connected!
[2020-9-30 17:21:31] [INFO] Server :: Cluster with ProcessID '20996' Connected!
[2020-9-30 17:21:39] [INFO] Routes :: Mounting API Routes...
[2020-9-30 17:21:39] [INFO] Booting the 'HTTP' middleware...
[2020-9-30 17:21:39] [INFO] Booting the 'Statics' middleware...
[2020-9-30 17:21:39] [INFO] Database :: Booting @ Master...
[2020-9-30 17:21:39] [INFO] Server :: Booting @ Master...
[2020-9-30 17:21:31] [INFO] Server :: Cluster with ProcessID '1148' Connected!
[2020-9-30 17:21:39] [INFO] Routes :: Mounting API Routes...
[2020-9-30 17:21:39] [INFO] Booting the 'HTTP' middleware...
[2020-9-30 17:21:39] [INFO] Booting the 'Statics' middleware...
[2020-9-30 17:21:39] [INFO] Database :: Booting @ Master...
[2020-9-30 17:21:39] [INFO] Server :: Booting @ Master...
[2020-9-30 17:21:31] [INFO] Server :: Cluster with ProcessID '19584' Connected!
[2020-9-30 17:21:39] [INFO] Connected to oracledb server at : localhost:1521/orcl
[2020-9-30 17:21:39] [INFO] Database :: Mount...
[2020-9-30 17:21:39] [INFO] Connected to oracledb server at : localhost:1521/orcl
[2020-9-30 17:21:39] [INFO] Database :: Mount...
[2020-9-30 17:21:39] [INFO] Connected to oracledb server at : localhost:1521/orcl
[2020-9-30 17:21:39] [INFO] Database :: Mount...
[2020-9-30 17:21:39] [INFO] Connected to oracledb server at : localhost:1521/orcl
[2020-9-30 17:21:39] [INFO] Database :: Mount...
[2020-9-30 17:21:31] [INFO] Server :: Cluster with ProcessID '19160' Disconnected!
[2020-9-30 17:21:31] [INFO] Server :: Cluster with ProcessID '19160' is Dead with Code '0, and signal: 'null'
[2020-9-30 17:21:31] [INFO] Server :: Cluster with ProcessID '1148' Disconnected!
[2020-9-30 17:21:31] [INFO] Server :: Cluster with ProcessID '20996' Disconnected!
[2020-9-30 17:21:31] [INFO] Server :: Cluster with ProcessID '1148' is Dead with Code '0, and signal: 'null'
[2020-9-30 17:21:31] [INFO] Server :: Cluster with ProcessID '19584' Disconnected!
[2020-9-30 17:21:31] [INFO] Server :: Cluster with ProcessID '20996' is Dead with Code '0, and signal: 'null'
[2020-9-30 17:21:31] [INFO] Server :: Cluster with ProcessID '24700' has responded after it was forked! 
[2020-9-30 17:21:31] [INFO] Server :: Cluster with ProcessID '19584' is Dead with Code '0, and signal: 'null'
[2020-9-30 17:21:31] [INFO] Server :: Cluster with ProcessID '8060' has responded after it was forked! 
[2020-9-30 17:21:31] [INFO] Server :: Cluster with ProcessID '11016' has responded after it was forked! 
[2020-9-30 17:21:31] [INFO] Server :: Cluster with ProcessID '16348' has responded after it was forked! 
[2020-9-30 17:21:54] [INFO] Routes :: Mounting API Routes...
[2020-9-30 17:21:54] [INFO] Routes :: Mounting API Routes...
[2020-9-30 17:21:54] [INFO] Booting the 'HTTP' middleware...
[2020-9-30 17:21:54] [INFO] Booting the 'Statics' middleware...
[2020-9-30 17:21:54] [INFO] Database :: Booting @ Master...
[2020-9-30 17:21:54] [INFO] Server :: Booting @ Master...
[2020-9-30 17:21:54] [INFO] Booting the 'HTTP' middleware...
[2020-9-30 17:21:54] [INFO] Booting the 'Statics' middleware...
[2020-9-30 17:21:54] [INFO] Database :: Booting @ Master...
[2020-9-30 17:21:54] [INFO] Server :: Booting @ Master...
[2020-9-30 17:21:54] [INFO] Routes :: Mounting API Routes...
[2020-9-30 17:21:54] [INFO] Booting the 'HTTP' middleware...
[2020-9-30 17:21:54] [INFO] Booting the 'Statics' middleware...
[2020-9-30 17:21:54] [INFO] Database :: Booting @ Master...
[2020-9-30 17:21:54] [INFO] Server :: Booting @ Master...
[2020-9-30 17:21:31] [INFO] Server :: Cluster with ProcessID '24700' Connected!
[2020-9-30 17:21:31] [INFO] Server :: Cluster with ProcessID '8060' Connected!
[2020-9-30 17:21:31] [INFO] Server :: Cluster with ProcessID '11016' Connected!
[2020-9-30 17:21:54] [INFO] Connected to oracledb server at : localhost:1521/orcl
[2020-9-30 17:21:54] [INFO] Database :: Mount...
[2020-9-30 17:21:54] [INFO] Database :: Mount...
[2020-9-30 17:21:54] [INFO] Connected to oracledb server at : localhost:1521/orcl
[2020-9-30 17:21:54] [INFO] Connected to oracledb server at : localhost:1521/orcl
[2020-9-30 17:21:54] [INFO] Database :: Mount...
[2020-9-30 17:21:31] [INFO] Server :: Cluster with ProcessID '8060' Disconnected!
[2020-9-30 17:21:31] [INFO] Server :: Cluster with ProcessID '8060' is Dead with Code '0, and signal: 'null'
[2020-9-30 17:21:31] [INFO] Server :: Cluster with ProcessID '24700' Disconnected!
[2020-9-30 17:21:31] [INFO] Server :: Cluster with ProcessID '11016' Disconnected!
[2020-9-30 17:21:31] [INFO] Server :: Cluster with ProcessID '22180' has responded after it was forked! 
[2020-9-30 17:21:31] [INFO] Server :: Cluster with ProcessID '24700' is Dead with Code '0, and signal: 'null'
[2020-9-30 17:21:31] [INFO] Server :: Cluster with ProcessID '11016' is Dead with Code '0, and signal: 'null'
[2020-9-30 17:21:31] [INFO] Server :: Cluster with ProcessID '16416' has responded after it was forked! 
[2020-9-30 17:21:31] [INFO] Server :: Cluster with ProcessID '21104' has responded after it was forked! 
[2020-9-30 17:21:55] [INFO] Routes :: Mounting API Routes...
[2020-9-30 17:21:55] [INFO] Booting the 'HTTP' middleware...
[2020-9-30 17:21:55] [INFO] Booting the 'Statics' middleware...
[2020-9-30 17:21:55] [INFO] Database :: Booting @ Master...
[2020-9-30 17:21:55] [INFO] Server :: Booting @ Master...
[2020-9-30 17:21:31] [INFO] Server :: Cluster with ProcessID '16348' Connected!
[2020-9-30 17:21:55] [INFO] Connected to oracledb server at : localhost:1521/orcl
[2020-9-30 17:21:55] [INFO] Database :: Mount...
[2020-9-30 17:21:31] [INFO] Server :: Cluster with ProcessID '16348' Disconnected!
[2020-9-30 17:21:31] [INFO] Server :: Cluster with ProcessID '16348' is Dead with Code '0, and signal: 'null'
[2020-9-30 17:21:31] [INFO] Server :: Cluster with ProcessID '10140' has responded after it was forked! 
[2020-9-30 17:22:9] [INFO] Routes :: Mounting API Routes...
[2020-9-30 17:22:9] [INFO] Booting the 'HTTP' middleware...
[2020-9-30 17:22:9] [INFO] Booting the 'Statics' middleware...
[2020-9-30 17:22:9] [INFO] Database :: Booting @ Master...
[2020-9-30 17:22:9] [INFO] Server :: Booting @ Master...
[2020-9-30 17:22:9] [INFO] Routes :: Mounting API Routes...
[2020-9-30 17:22:9] [INFO] Booting the 'HTTP' middleware...
[2020-9-30 17:22:9] [INFO] Booting the 'Statics' middleware...
[2020-9-30 17:22:9] [INFO] Database :: Booting @ Master...
[2020-9-30 17:22:9] [INFO] Server :: Booting @ Master...
[2020-9-30 17:21:31] [INFO] Server :: Cluster with ProcessID '22180' Connected!
[2020-9-30 17:21:31] [INFO] Server :: Cluster with ProcessID '16416' Connected!
[2020-9-30 17:22:9] [INFO] Connected to oracledb server at : localhost:1521/orcl
[2020-9-30 17:22:9] [INFO] Database :: Mount...
[2020-9-30 17:22:9] [INFO] Connected to oracledb server at : localhost:1521/orcl
[2020-9-30 17:22:9] [INFO] Database :: Mount...
[2020-9-30 17:22:9] [INFO] Routes :: Mounting API Routes...
[2020-9-30 17:22:9] [INFO] Booting the 'HTTP' middleware...
[2020-9-30 17:22:9] [INFO] Booting the 'Statics' middleware...
[2020-9-30 17:22:9] [INFO] Database :: Booting @ Master...
[2020-9-30 17:22:9] [INFO] Server :: Booting @ Master...
[2020-9-30 17:21:31] [INFO] Server :: Cluster with ProcessID '21104' Connected!
[2020-9-30 17:21:31] [INFO] Server :: Cluster with ProcessID '22180' Disconnected!
[2020-9-30 17:21:31] [INFO] Server :: Cluster with ProcessID '22180' is Dead with Code '0, and signal: 'null'
[2020-9-30 17:21:31] [INFO] Server :: Cluster with ProcessID '16416' Disconnected!
[2020-9-30 17:22:9] [INFO] Connected to oracledb server at : localhost:1521/orcl
[2020-9-30 17:22:9] [INFO] Database :: Mount...
[2020-9-30 17:21:31] [INFO] Server :: Cluster with ProcessID '16416' is Dead with Code '0, and signal: 'null'
[2020-9-30 17:21:31] [INFO] Server :: Cluster with ProcessID '18004' has responded after it was forked! 
[2020-9-30 17:21:31] [INFO] Server :: Cluster with ProcessID '15848' has responded after it was forked! 
[2020-9-30 17:26:7] [INFO] Routes :: Mounting API Routes...
[2020-9-30 17:26:7] [INFO] Booting the 'HTTP' middleware...
[2020-9-30 17:26:7] [INFO] Booting the 'Statics' middleware...
[2020-9-30 17:26:7] [INFO] Configuration :: Booting @ Master...
[2020-9-30 17:26:7] [INFO] Server :: Cluster with ProcessID '24300' has responded after it was forked! 
[2020-9-30 17:26:7] [INFO] Server :: Cluster with ProcessID '16132' has responded after it was forked! 
[2020-9-30 17:26:7] [INFO] Server :: Cluster with ProcessID '24156' has responded after it was forked! 
[2020-9-30 17:26:7] [INFO] Server :: Cluster with ProcessID '22224' has responded after it was forked! 
[2020-9-30 17:26:18] [INFO] Routes :: Mounting API Routes...
[2020-9-30 17:26:18] [INFO] Booting the 'HTTP' middleware...
[2020-9-30 17:26:18] [INFO] Booting the 'Statics' middleware...
[2020-9-30 17:26:18] [INFO] Database :: Booting @ Master...
[2020-9-30 17:26:18] [INFO] Server :: Booting @ Master...
[2020-9-30 17:26:17] [INFO] Routes :: Mounting API Routes...
[2020-9-30 17:26:17] [INFO] Booting the 'HTTP' middleware...
[2020-9-30 17:26:17] [INFO] Booting the 'Statics' middleware...
[2020-9-30 17:26:17] [INFO] Database :: Booting @ Master...
[2020-9-30 17:26:17] [INFO] Server :: Booting @ Master...
[2020-9-30 17:26:7] [INFO] Server :: Cluster with ProcessID '24300' Connected!
[2020-9-30 17:26:17] [INFO] Routes :: Mounting API Routes...
[2020-9-30 17:26:17] [INFO] Booting the 'HTTP' middleware...
[2020-9-30 17:26:17] [INFO] Booting the 'Statics' middleware...
[2020-9-30 17:26:17] [INFO] Database :: Booting @ Master...
[2020-9-30 17:26:17] [INFO] Server :: Booting @ Master...
[2020-9-30 17:26:18] [INFO] Routes :: Mounting API Routes...
[2020-9-30 17:26:18] [INFO] Booting the 'HTTP' middleware...
[2020-9-30 17:26:18] [INFO] Booting the 'Statics' middleware...
[2020-9-30 17:26:18] [INFO] Database :: Booting @ Master...
[2020-9-30 17:26:18] [INFO] Server :: Booting @ Master...
[2020-9-30 17:26:7] [INFO] Server :: Cluster with ProcessID '24156' Connected!
[2020-9-30 17:26:7] [INFO] Server :: Cluster with ProcessID '16132' Connected!
[2020-9-30 17:26:7] [INFO] Server :: Cluster with ProcessID '22224' Connected!
[2020-9-30 17:26:17] [INFO] Connected to oracledb server at : localhost:1521/orcl
[2020-9-30 17:26:17] [INFO] Database :: Mount...
[2020-9-30 17:26:17] [INFO] Connected to oracledb server at : localhost:1521/orcl
[2020-9-30 17:26:17] [INFO] Database :: Mount...
[2020-9-30 17:26:18] [INFO] Connected to oracledb server at : localhost:1521/orcl
[2020-9-30 17:26:18] [INFO] Database :: Mount...
[2020-9-30 17:26:18] [INFO] Database :: Mount...
[2020-9-30 17:26:18] [INFO] Connected to oracledb server at : localhost:1521/orcl
[2020-9-30 17:28:22] [INFO] Routes :: Mounting API Routes...
[2020-9-30 17:28:22] [INFO] Booting the 'HTTP' middleware...
[2020-9-30 17:28:22] [INFO] Booting the 'Statics' middleware...
[2020-9-30 17:28:22] [INFO] Configuration :: Booting @ Master...
[2020-9-30 17:28:22] [INFO] Server :: Cluster with ProcessID '22812' has responded after it was forked! 
[2020-9-30 17:28:22] [INFO] Server :: Cluster with ProcessID '10636' has responded after it was forked! 
[2020-9-30 17:28:22] [INFO] Server :: Cluster with ProcessID '9288' has responded after it was forked! 
[2020-9-30 17:28:22] [INFO] Server :: Cluster with ProcessID '2124' has responded after it was forked! 
[2020-9-30 17:28:27] [INFO] Routes :: Mounting API Routes...
[2020-9-30 17:28:27] [INFO] Booting the 'HTTP' middleware...
[2020-9-30 17:28:27] [INFO] Booting the 'Statics' middleware...
[2020-9-30 17:28:27] [INFO] Database :: Booting @ Master...
[2020-9-30 17:28:27] [INFO] Server :: Booting @ Master...
[2020-9-30 17:28:27] [INFO] Routes :: Mounting API Routes...
[2020-9-30 17:28:27] [INFO] Booting the 'HTTP' middleware...
[2020-9-30 17:28:27] [INFO] Booting the 'Statics' middleware...
[2020-9-30 17:28:27] [INFO] Database :: Booting @ Master...
[2020-9-30 17:28:27] [INFO] Server :: Booting @ Master...
[2020-9-30 17:28:22] [INFO] Server :: Cluster with ProcessID '2124' Connected!
[2020-9-30 17:28:22] [INFO] Server :: Cluster with ProcessID '9288' Connected!
[2020-9-30 17:28:27] [INFO] Routes :: Mounting API Routes...
[2020-9-30 17:28:27] [INFO] Booting the 'HTTP' middleware...
[2020-9-30 17:28:27] [INFO] Booting the 'Statics' middleware...
[2020-9-30 17:28:27] [INFO] Database :: Booting @ Master...
[2020-9-30 17:28:27] [INFO] Server :: Booting @ Master...
[2020-9-30 17:28:22] [INFO] Server :: Cluster with ProcessID '10636' Connected!
[2020-9-30 17:28:27] [INFO] Routes :: Mounting API Routes...
[2020-9-30 17:28:27] [INFO] Booting the 'HTTP' middleware...
[2020-9-30 17:28:27] [INFO] Booting the 'Statics' middleware...
[2020-9-30 17:28:27] [INFO] Database :: Booting @ Master...
[2020-9-30 17:28:27] [INFO] Server :: Booting @ Master...
[2020-9-30 17:28:22] [INFO] Server :: Cluster with ProcessID '22812' Connected!
[2020-9-30 17:28:27] [INFO] Connected to oracledb server at : localhost:1521/orcl
[2020-9-30 17:28:27] [INFO] Database :: Mount...
[2020-9-30 17:28:27] [INFO] Connected to oracledb server at : localhost:1521/orcl
[2020-9-30 17:28:27] [INFO] Database :: Mount...
[2020-9-30 17:28:27] [INFO] Connected to oracledb server at : localhost:1521/orcl
[2020-9-30 17:28:27] [INFO] Database :: Mount...
[2020-9-30 17:28:27] [INFO] Database :: Mount...
[2020-9-30 17:28:27] [INFO] Connected to oracledb server at : localhost:1521/orcl
[2020-9-30 17:28:22] [INFO] Worker :: Booting @ Master...
[2020-9-30 17:28:22] [INFO] Server :: Cluster with ProcessID '22812' Disconnected!
[2020-9-30 17:28:22] [INFO] Server :: Cluster with ProcessID '22812' is Dead with Code '0, and signal: 'null'
[2020-9-30 17:28:22] [INFO] Server :: Cluster with ProcessID '9288' Disconnected!
[2020-9-30 17:28:22] [INFO] Server :: Cluster with ProcessID '4048' has responded after it was forked! 
[2020-9-30 17:28:22] [INFO] Server :: Cluster with ProcessID '9288' is Dead with Code '0, and signal: 'null'
[2020-9-30 17:28:22] [INFO] Server :: Cluster with ProcessID '9708' has responded after it was forked! 
[2020-9-30 17:28:22] [INFO] Server :: Cluster with ProcessID '10636' Disconnected!
[2020-9-30 17:28:22] [INFO] Server :: Cluster with ProcessID '10636' is Dead with Code '0, and signal: 'null'
[2020-9-30 17:28:22] [INFO] Server :: Cluster with ProcessID '6920' has responded after it was forked! 
[2020-9-30 17:29:35] [INFO] Routes :: Mounting API Routes...
[2020-9-30 17:29:35] [INFO] Booting the 'HTTP' middleware...
[2020-9-30 17:29:35] [INFO] Booting the 'Statics' middleware...
[2020-9-30 17:29:35] [INFO] Database :: Booting @ Master...
[2020-9-30 17:29:35] [INFO] Server :: Booting @ Master...
[2020-9-30 17:28:22] [INFO] Server :: Cluster with ProcessID '4048' Connected!
[2020-9-30 17:28:22] [INFO] Server :: Cluster with ProcessID '2124' Disconnected!
[2020-9-30 17:29:36] [INFO] Routes :: Mounting API Routes...
[2020-9-30 17:29:36] [INFO] Booting the 'HTTP' middleware...
[2020-9-30 17:29:36] [INFO] Booting the 'Statics' middleware...
[2020-9-30 17:29:36] [INFO] Database :: Booting @ Master...
[2020-9-30 17:29:36] [INFO] Server :: Booting @ Master...
[2020-9-30 17:28:22] [INFO] Server :: Cluster with ProcessID '2124' is Dead with Code '0, and signal: 'null'
[2020-9-30 17:28:22] [INFO] Server :: Cluster with ProcessID '9708' Connected!
[2020-9-30 17:28:22] [INFO] Server :: Cluster with ProcessID '25000' has responded after it was forked! 
[2020-9-30 17:29:35] [INFO] Connected to oracledb server at : localhost:1521/orcl
[2020-9-30 17:29:35] [INFO] Database :: Mount...
[2020-9-30 17:29:36] [INFO] Connected to oracledb server at : localhost:1521/orcl
[2020-9-30 17:29:36] [INFO] Database :: Mount...
[2020-9-30 17:29:37] [INFO] Routes :: Mounting API Routes...
[2020-9-30 17:29:37] [INFO] Booting the 'HTTP' middleware...
[2020-9-30 17:29:37] [INFO] Booting the 'Statics' middleware...
[2020-9-30 17:29:37] [INFO] Database :: Booting @ Master...
[2020-9-30 17:29:37] [INFO] Server :: Booting @ Master...
[2020-9-30 17:28:22] [INFO] Server :: Cluster with ProcessID '6920' Connected!
[2020-9-30 17:29:37] [INFO] Connected to oracledb server at : localhost:1521/orcl
[2020-9-30 17:29:37] [INFO] Database :: Mount...
[2020-9-30 17:29:43] [INFO] Routes :: Mounting API Routes...
[2020-9-30 17:29:43] [INFO] Booting the 'HTTP' middleware...
[2020-9-30 17:29:43] [INFO] Booting the 'Statics' middleware...
[2020-9-30 17:29:43] [INFO] Database :: Booting @ Master...
[2020-9-30 17:29:43] [INFO] Server :: Booting @ Master...
[2020-9-30 17:28:22] [INFO] Server :: Cluster with ProcessID '25000' Connected!
[2020-9-30 17:29:43] [INFO] Connected to oracledb server at : localhost:1521/orcl
[2020-9-30 17:29:43] [INFO] Database :: Mount...
[2020-9-30 17:28:22] [INFO] Server :: Cluster with ProcessID '9708' Disconnected!
[2020-9-30 17:28:22] [INFO] Server :: Cluster with ProcessID '9708' is Dead with Code '0, and signal: 'null'
[2020-9-30 17:28:22] [INFO] Server :: Cluster with ProcessID '16124' has responded after it was forked! 
[2020-9-30 17:28:22] [INFO] Server :: Cluster with ProcessID '6920' Disconnected!
[2020-9-30 17:28:22] [INFO] Server :: Cluster with ProcessID '6920' is Dead with Code '0, and signal: 'null'
[2020-9-30 17:28:22] [INFO] Server :: Cluster with ProcessID '11524' has responded after it was forked! 
[2020-9-30 17:28:22] [INFO] Server :: Cluster with ProcessID '4048' Disconnected!
[2020-9-30 17:28:22] [INFO] Server :: Cluster with ProcessID '4048' is Dead with Code '0, and signal: 'null'
[2020-9-30 17:28:22] [INFO] Server :: Cluster with ProcessID '7016' has responded after it was forked! 
[2020-9-30 17:31:9] [INFO] Routes :: Mounting API Routes...
[2020-9-30 17:31:9] [INFO] Booting the 'HTTP' middleware...
[2020-9-30 17:31:9] [INFO] Booting the 'Statics' middleware...
[2020-9-30 17:31:9] [INFO] Database :: Booting @ Master...
[2020-9-30 17:31:9] [INFO] Server :: Booting @ Master...
[2020-9-30 17:28:22] [INFO] Server :: Cluster with ProcessID '16124' Connected!
[2020-9-30 17:31:9] [INFO] Connected to oracledb server at : localhost:1521/orcl
[2020-9-30 17:31:9] [INFO] Database :: Mount...
[2020-9-30 17:31:11] [INFO] Routes :: Mounting API Routes...
[2020-9-30 17:31:11] [INFO] Booting the 'HTTP' middleware...
[2020-9-30 17:31:11] [INFO] Booting the 'Statics' middleware...
[2020-9-30 17:31:11] [INFO] Database :: Booting @ Master...
[2020-9-30 17:31:11] [INFO] Server :: Booting @ Master...
[2020-9-30 17:28:22] [INFO] Server :: Cluster with ProcessID '11524' Connected!
[2020-9-30 17:31:11] [INFO] Connected to oracledb server at : localhost:1521/orcl
[2020-9-30 17:31:11] [INFO] Database :: Mount...
[2020-9-30 17:31:12] [INFO] Routes :: Mounting API Routes...
[2020-9-30 17:31:12] [INFO] Booting the 'HTTP' middleware...
[2020-9-30 17:31:12] [INFO] Booting the 'Statics' middleware...
[2020-9-30 17:31:12] [INFO] Database :: Booting @ Master...
[2020-9-30 17:31:12] [INFO] Server :: Booting @ Master...
[2020-9-30 17:28:22] [INFO] Server :: Cluster with ProcessID '7016' Connected!
[2020-9-30 17:28:22] [INFO] Server :: Cluster with ProcessID '25000' Disconnected!
[2020-9-30 17:31:12] [INFO] Connected to oracledb server at : localhost:1521/orcl
[2020-9-30 17:31:12] [INFO] Database :: Mount...
[2020-9-30 17:28:22] [INFO] Server :: Cluster with ProcessID '25000' is Dead with Code '0, and signal: 'null'
[2020-9-30 17:28:22] [INFO] Server :: Cluster with ProcessID '23984' has responded after it was forked! 
[2020-9-30 17:31:23] [INFO] Routes :: Mounting API Routes...
[2020-9-30 17:31:23] [INFO] Booting the 'HTTP' middleware...
[2020-9-30 17:31:23] [INFO] Booting the 'Statics' middleware...
[2020-9-30 17:31:23] [INFO] Database :: Booting @ Master...
[2020-9-30 17:31:23] [INFO] Server :: Booting @ Master...
[2020-9-30 17:28:22] [INFO] Server :: Cluster with ProcessID '23984' Connected!
[2020-9-30 17:31:23] [INFO] Connected to oracledb server at : localhost:1521/orcl
[2020-9-30 17:31:23] [INFO] Database :: Mount...
[2020-9-30 17:28:22] [INFO] Server :: Cluster with ProcessID '16124' Disconnected!
[2020-9-30 17:28:22] [INFO] Server :: Cluster with ProcessID '16124' is Dead with Code '0, and signal: 'null'
[2020-9-30 17:28:22] [INFO] Server :: Cluster with ProcessID '11524' Disconnected!
[2020-9-30 17:28:22] [INFO] Server :: Cluster with ProcessID '11664' has responded after it was forked! 
[2020-9-30 17:28:22] [INFO] Server :: Cluster with ProcessID '11524' is Dead with Code '0, and signal: 'null'
[2020-9-30 17:28:22] [INFO] Server :: Cluster with ProcessID '16756' has responded after it was forked! 
[2020-9-30 17:32:36] [INFO] Routes :: Mounting API Routes...
[2020-9-30 17:32:36] [INFO] Booting the 'HTTP' middleware...
[2020-9-30 17:32:36] [INFO] Booting the 'Statics' middleware...
[2020-9-30 17:32:36] [INFO] Database :: Booting @ Master...
[2020-9-30 17:32:36] [INFO] Server :: Booting @ Master...
[2020-9-30 17:28:22] [INFO] Server :: Cluster with ProcessID '11664' Connected!
[2020-9-30 17:32:37] [INFO] Routes :: Mounting API Routes...
[2020-9-30 17:32:37] [INFO] Booting the 'HTTP' middleware...
[2020-9-30 17:32:37] [INFO] Booting the 'Statics' middleware...
[2020-9-30 17:32:37] [INFO] Database :: Booting @ Master...
[2020-9-30 17:32:37] [INFO] Server :: Booting @ Master...
[2020-9-30 17:28:22] [INFO] Server :: Cluster with ProcessID '16756' Connected!
[2020-9-30 17:32:36] [INFO] Connected to oracledb server at : localhost:1521/orcl
[2020-9-30 17:32:36] [INFO] Database :: Mount...
[2020-9-30 17:32:37] [INFO] Database :: Mount...
[2020-9-30 17:32:37] [INFO] Connected to oracledb server at : localhost:1521/orcl
[2020-9-30 17:28:22] [INFO] Server :: Cluster with ProcessID '7016' Disconnected!
[2020-9-30 17:28:22] [INFO] Server :: Cluster with ProcessID '7016' is Dead with Code '0, and signal: 'null'
[2020-9-30 17:28:22] [INFO] Server :: Cluster with ProcessID '9132' has responded after it was forked! 
[2020-9-30 17:32:54] [INFO] Routes :: Mounting API Routes...
[2020-9-30 17:32:54] [INFO] Booting the 'HTTP' middleware...
[2020-9-30 17:32:54] [INFO] Booting the 'Statics' middleware...
[2020-9-30 17:32:54] [INFO] Database :: Booting @ Master...
[2020-9-30 17:32:54] [INFO] Server :: Booting @ Master...
[2020-9-30 17:28:22] [INFO] Server :: Cluster with ProcessID '9132' Connected!
[2020-9-30 17:32:54] [INFO] Connected to oracledb server at : localhost:1521/orcl
[2020-9-30 17:32:54] [INFO] Database :: Mount...
[2020-9-30 17:28:22] [INFO] Server :: Cluster with ProcessID '23984' Disconnected!
[2020-9-30 17:28:22] [INFO] Server :: Cluster with ProcessID '23984' is Dead with Code '0, and signal: 'null'
[2020-9-30 17:28:22] [INFO] Server :: Cluster with ProcessID '8040' has responded after it was forked! 
[2020-9-30 17:34:18] [INFO] Routes :: Mounting API Routes...
[2020-9-30 17:34:18] [INFO] Booting the 'HTTP' middleware...
[2020-9-30 17:34:18] [INFO] Booting the 'Statics' middleware...
[2020-9-30 17:34:18] [INFO] Database :: Booting @ Master...
[2020-9-30 17:34:18] [INFO] Server :: Booting @ Master...
[2020-9-30 17:28:22] [INFO] Server :: Cluster with ProcessID '8040' Connected!
[2020-9-30 17:34:18] [INFO] Connected to oracledb server at : localhost:1521/orcl
[2020-9-30 17:34:18] [INFO] Database :: Mount...
[2020-9-30 17:28:22] [INFO] Server :: Cluster with ProcessID '11664' Disconnected!
[2020-9-30 17:28:22] [INFO] Server :: Cluster with ProcessID '11664' is Dead with Code '0, and signal: 'null'
[2020-9-30 17:28:22] [INFO] Server :: Cluster with ProcessID '25496' has responded after it was forked! 
[2020-9-30 17:28:22] [INFO] Server :: Cluster with ProcessID '16756' Disconnected!
[2020-9-30 17:28:22] [INFO] Server :: Cluster with ProcessID '16756' is Dead with Code '0, and signal: 'null'
[2020-9-30 17:28:22] [INFO] Server :: Cluster with ProcessID '21264' has responded after it was forked! 
[2020-9-30 17:35:4] [INFO] Routes :: Mounting API Routes...
[2020-9-30 17:35:4] [INFO] Booting the 'HTTP' middleware...
[2020-9-30 17:35:4] [INFO] Booting the 'Statics' middleware...
[2020-9-30 17:35:4] [INFO] Database :: Booting @ Master...
[2020-9-30 17:35:4] [INFO] Server :: Booting @ Master...
[2020-9-30 17:28:22] [INFO] Server :: Cluster with ProcessID '25496' Connected!
[2020-9-30 17:35:4] [INFO] Connected to oracledb server at : localhost:1521/orcl
[2020-9-30 17:35:4] [INFO] Database :: Mount...
[2020-9-30 17:35:4] [INFO] Routes :: Mounting API Routes...
[2020-9-30 17:35:4] [INFO] Booting the 'HTTP' middleware...
[2020-9-30 17:35:4] [INFO] Booting the 'Statics' middleware...
[2020-9-30 17:35:4] [INFO] Database :: Booting @ Master...
[2020-9-30 17:35:4] [INFO] Server :: Booting @ Master...
[2020-9-30 17:28:22] [INFO] Server :: Cluster with ProcessID '21264' Connected!
[2020-9-30 17:35:4] [INFO] Connected to oracledb server at : localhost:1521/orcl
[2020-9-30 17:35:4] [INFO] Database :: Mount...
[2020-9-30 17:28:22] [INFO] Server :: Cluster with ProcessID '9132' Disconnected!
[2020-9-30 17:28:22] [INFO] Server :: Cluster with ProcessID '9132' is Dead with Code '0, and signal: 'null'
[2020-9-30 17:28:22] [INFO] Server :: Cluster with ProcessID '340' has responded after it was forked! 
[2020-9-30 17:35:23] [INFO] Routes :: Mounting API Routes...
[2020-9-30 17:35:23] [INFO] Booting the 'HTTP' middleware...
[2020-9-30 17:35:23] [INFO] Database :: Booting @ Master...
[2020-9-30 17:35:23] [INFO] Booting the 'Statics' middleware...
[2020-9-30 17:35:23] [INFO] Server :: Booting @ Master...
[2020-9-30 17:28:22] [INFO] Server :: Cluster with ProcessID '340' Connected!
[2020-9-30 17:35:23] [INFO] Connected to oracledb server at : localhost:1521/orcl
[2020-9-30 17:35:23] [INFO] Database :: Mount...
[2020-9-30 17:28:22] [INFO] Server :: Cluster with ProcessID '8040' Disconnected!
[2020-9-30 17:28:22] [INFO] Server :: Cluster with ProcessID '8040' is Dead with Code '0, and signal: 'null'
[2020-9-30 17:28:22] [INFO] Server :: Cluster with ProcessID '19692' has responded after it was forked! 
[2020-9-30 17:28:22] [INFO] Server :: Cluster with ProcessID '21264' Disconnected!
[2020-9-30 17:28:22] [INFO] Server :: Cluster with ProcessID '21264' is Dead with Code '0, and signal: 'null'
[2020-9-30 17:28:22] [INFO] Server :: Cluster with ProcessID '24100' has responded after it was forked! 
[2020-9-30 17:36:4] [INFO] Routes :: Mounting API Routes...
[2020-9-30 17:36:4] [INFO] Booting the 'HTTP' middleware...
[2020-9-30 17:36:4] [INFO] Booting the 'Statics' middleware...
[2020-9-30 17:36:4] [INFO] Database :: Booting @ Master...
[2020-9-30 17:36:4] [INFO] Server :: Booting @ Master...
[2020-9-30 17:28:22] [INFO] Server :: Cluster with ProcessID '19692' Connected!
[2020-9-30 17:36:4] [INFO] Connected to oracledb server at : localhost:1521/orcl
[2020-9-30 17:36:4] [INFO] Database :: Mount...
[2020-9-30 17:36:7] [INFO] Routes :: Mounting API Routes...
[2020-9-30 17:36:7] [INFO] Booting the 'HTTP' middleware...
[2020-9-30 17:36:7] [INFO] Booting the 'Statics' middleware...
[2020-9-30 17:36:7] [INFO] Database :: Booting @ Master...
[2020-9-30 17:36:7] [INFO] Server :: Booting @ Master...
[2020-9-30 17:28:22] [INFO] Server :: Cluster with ProcessID '24100' Connected!
[2020-9-30 17:36:7] [INFO] Connected to oracledb server at : localhost:1521/orcl
[2020-9-30 17:36:7] [INFO] Database :: Mount...
[2020-9-30 17:28:22] [INFO] Server :: Cluster with ProcessID '25496' Disconnected!
[2020-9-30 17:28:22] [INFO] Server :: Cluster with ProcessID '25496' is Dead with Code '0, and signal: 'null'
[2020-9-30 17:28:22] [INFO] Server :: Cluster with ProcessID '20828' has responded after it was forked! 
[2020-9-30 17:36:13] [INFO] Routes :: Mounting API Routes...
[2020-9-30 17:36:13] [INFO] Booting the 'HTTP' middleware...
[2020-9-30 17:36:13] [INFO] Booting the 'Statics' middleware...
[2020-9-30 17:36:13] [INFO] Database :: Booting @ Master...
[2020-9-30 17:36:13] [INFO] Server :: Booting @ Master...
[2020-9-30 17:28:22] [INFO] Server :: Cluster with ProcessID '20828' Connected!
[2020-9-30 17:36:13] [INFO] Connected to oracledb server at : localhost:1521/orcl
[2020-9-30 17:36:13] [INFO] Database :: Mount...
[2020-9-30 17:28:22] [INFO] Server :: Cluster with ProcessID '340' Disconnected!
[2020-9-30 17:28:22] [INFO] Server :: Cluster with ProcessID '340' is Dead with Code '0, and signal: 'null'
[2020-9-30 17:28:22] [INFO] Server :: Cluster with ProcessID '15864' has responded after it was forked! 
[2020-9-30 17:28:22] [INFO] Server :: Cluster with ProcessID '19692' Disconnected!
[2020-9-30 17:28:22] [INFO] Server :: Cluster with ProcessID '19692' is Dead with Code '0, and signal: 'null'
[2020-9-30 17:28:22] [INFO] Server :: Cluster with ProcessID '25412' has responded after it was forked! 
[2020-9-30 17:37:0] [INFO] Routes :: Mounting API Routes...
[2020-9-30 17:37:0] [INFO] Booting the 'HTTP' middleware...
[2020-9-30 17:37:0] [INFO] Booting the 'Statics' middleware...
[2020-9-30 17:37:0] [INFO] Database :: Booting @ Master...
[2020-9-30 17:37:0] [INFO] Server :: Booting @ Master...
[2020-9-30 17:28:22] [INFO] Server :: Cluster with ProcessID '15864' Connected!
[2020-9-30 17:37:0] [INFO] Connected to oracledb server at : localhost:1521/orcl
[2020-9-30 17:37:0] [INFO] Database :: Mount...
[2020-9-30 17:37:49] [INFO] Routes :: Mounting API Routes...
[2020-9-30 17:37:49] [INFO] Booting the 'HTTP' middleware...
[2020-9-30 17:37:49] [INFO] Booting the 'Statics' middleware...
[2020-9-30 17:37:49] [INFO] Configuration :: Booting @ Master...
[2020-9-30 17:37:49] [INFO] Server :: Cluster with ProcessID '16000' has responded after it was forked! 
[2020-9-30 17:37:49] [INFO] Server :: Cluster with ProcessID '18864' has responded after it was forked! 
[2020-9-30 17:37:49] [INFO] Server :: Cluster with ProcessID '23504' has responded after it was forked! 
[2020-9-30 17:37:49] [INFO] Server :: Cluster with ProcessID '7788' has responded after it was forked! 
[2020-9-30 17:37:54] [INFO] Routes :: Mounting API Routes...
[2020-9-30 17:37:54] [INFO] Booting the 'HTTP' middleware...
[2020-9-30 17:37:54] [INFO] Booting the 'Statics' middleware...
[2020-9-30 17:37:54] [INFO] Database :: Booting @ Master...
[2020-9-30 17:37:54] [INFO] Server :: Booting @ Master...
[2020-9-30 17:37:49] [INFO] Server :: Cluster with ProcessID '16000' Connected!
[2020-9-30 17:37:54] [INFO] Routes :: Mounting API Routes...
[2020-9-30 17:37:54] [INFO] Booting the 'HTTP' middleware...
[2020-9-30 17:37:54] [INFO] Booting the 'Statics' middleware...
[2020-9-30 17:37:54] [INFO] Database :: Booting @ Master...
[2020-9-30 17:37:54] [INFO] Server :: Booting @ Master...
[2020-9-30 17:37:49] [INFO] Server :: Cluster with ProcessID '7788' Connected!
[2020-9-30 17:37:54] [INFO] Routes :: Mounting API Routes...
[2020-9-30 17:37:54] [INFO] Booting the 'HTTP' middleware...
[2020-9-30 17:37:54] [INFO] Booting the 'Statics' middleware...
[2020-9-30 17:37:54] [INFO] Database :: Booting @ Master...
[2020-9-30 17:37:54] [INFO] Server :: Booting @ Master...
[2020-9-30 17:37:54] [INFO] Routes :: Mounting API Routes...
[2020-9-30 17:37:54] [INFO] Booting the 'HTTP' middleware...
[2020-9-30 17:37:54] [INFO] Booting the 'Statics' middleware...
[2020-9-30 17:37:54] [INFO] Database :: Booting @ Master...
[2020-9-30 17:37:54] [INFO] Server :: Booting @ Master...
[2020-9-30 17:37:49] [INFO] Server :: Cluster with ProcessID '18864' Connected!
[2020-9-30 17:37:49] [INFO] Server :: Cluster with ProcessID '23504' Connected!
[2020-9-30 17:37:54] [INFO] Connected to oracledb server at : localhost:1521/orcl
[2020-9-30 17:37:54] [INFO] Database :: Mount...
[2020-9-30 17:37:54] [INFO] Connected to oracledb server at : localhost:1521/orcl
[2020-9-30 17:37:54] [INFO] Database :: Mount...
[2020-9-30 17:37:54] [INFO] Connected to oracledb server at : localhost:1521/orcl
[2020-9-30 17:37:54] [INFO] Database :: Mount...
[2020-9-30 17:37:54] [INFO] Connected to oracledb server at : localhost:1521/orcl
[2020-9-30 17:37:54] [INFO] Database :: Mount...
[2020-9-30 17:37:49] [INFO] Server :: Cluster with ProcessID '7788' Disconnected!
[2020-9-30 17:37:49] [INFO] Server :: Cluster with ProcessID '16000' Disconnected!
[2020-9-30 17:37:49] [INFO] Server :: Cluster with ProcessID '7788' is Dead with Code '0, and signal: 'null'
[2020-9-30 17:37:49] [INFO] Server :: Cluster with ProcessID '16000' is Dead with Code '0, and signal: 'null'
[2020-9-30 17:37:49] [INFO] Server :: Cluster with ProcessID '19792' has responded after it was forked! 
[2020-9-30 17:37:49] [INFO] Server :: Cluster with ProcessID '24100' has responded after it was forked! 
[2020-9-30 17:37:49] [INFO] Server :: Cluster with ProcessID '18864' Disconnected!
[2020-9-30 17:37:49] [INFO] Server :: Cluster with ProcessID '23504' Disconnected!
[2020-9-30 17:37:49] [INFO] Server :: Cluster with ProcessID '18864' is Dead with Code '0, and signal: 'null'
[2020-9-30 17:37:49] [INFO] Server :: Cluster with ProcessID '23504' is Dead with Code '0, and signal: 'null'
[2020-9-30 17:37:49] [INFO] Server :: Cluster with ProcessID '14628' has responded after it was forked! 
[2020-9-30 17:37:49] [INFO] Server :: Cluster with ProcessID '24948' has responded after it was forked! 
