[2020-9-18 0:0:27] [INFO] Routes :: Mounting API Routes...
[2020-9-18 0:0:27] [INFO] Configuration :: Booting @ Master...
[2020-9-18 0:0:27] [INFO] Server :: Cluster with ProcessID '8200' has responded after it was forked! 
[2020-9-18 0:0:27] [INFO] Server :: Cluster with ProcessID '7500' has responded after it was forked! 
[2020-9-18 0:0:27] [INFO] Server :: Cluster with ProcessID '9508' has responded after it was forked! 
[2020-9-18 0:0:27] [INFO] Server :: Cluster with ProcessID '9444' has responded after it was forked! 
[2020-9-18 0:0:34] [INFO] Routes :: Mounting API Routes...
[2020-9-18 0:0:34] [INFO] Server :: Booting @ Master...
[2020-9-18 0:0:34] [INFO] Routes :: Mounting API Routes...
[2020-9-18 0:0:34] [INFO] Server :: Booting @ Master...
[2020-9-18 0:0:27] [INFO] Server :: Cluster with ProcessID '9508' Connected!
[2020-9-18 0:0:27] [INFO] Server :: Cluster with ProcessID '7500' Connected!
[2020-9-18 0:0:34] [INFO] Routes :: Mounting API Routes...
[2020-9-18 0:0:34] [INFO] Server :: Booting @ Master...
[2020-9-18 0:0:27] [INFO] Server :: Cluster with ProcessID '8200' Connected!
[2020-9-18 0:0:34] [INFO] Routes :: Mounting API Routes...
[2020-9-18 0:0:34] [INFO] Server :: Booting @ Master...
[2020-9-18 0:0:27] [INFO] Server :: Cluster with ProcessID '9444' Connected!
[2020-9-18 0:0:27] [INFO] Worker :: Booting @ Master...
[2020-9-18 1:7:47] [INFO] Routes :: Mounting API Routes...
[2020-9-18 1:7:47] [INFO] Configuration :: Booting @ Master...
[2020-9-18 1:7:47] [INFO] Server :: Cluster with ProcessID '4352' has responded after it was forked! 
[2020-9-18 1:7:47] [INFO] Server :: Cluster with ProcessID '7232' has responded after it was forked! 
[2020-9-18 1:7:47] [INFO] Server :: Cluster with ProcessID '9492' has responded after it was forked! 
[2020-9-18 1:7:47] [INFO] Server :: Cluster with ProcessID '6584' has responded after it was forked! 
[2020-9-18 1:7:51] [INFO] Routes :: Mounting API Routes...
[2020-9-18 1:7:51] [INFO] Server :: Booting @ Master...
[2020-9-18 1:7:47] [INFO] Server :: Cluster with ProcessID '6584' Connected!
[2020-9-18 1:7:51] [INFO] Routes :: Mounting API Routes...
[2020-9-18 1:7:51] [INFO] Server :: Booting @ Master...
[2020-9-18 1:7:51] [INFO] Routes :: Mounting API Routes...
[2020-9-18 1:7:51] [INFO] Server :: Booting @ Master...
[2020-9-18 1:7:47] [INFO] Server :: Cluster with ProcessID '4352' Connected!
[2020-9-18 1:7:47] [INFO] Server :: Cluster with ProcessID '7232' Connected!
[2020-9-18 1:7:51] [INFO] Routes :: Mounting API Routes...
[2020-9-18 1:7:51] [INFO] Server :: Booting @ Master...
[2020-9-18 1:7:47] [INFO] Server :: Cluster with ProcessID '9492' Connected!
[2020-9-18 1:7:47] [INFO] Worker :: Booting @ Master...
[2020-9-18 1:7:47] [INFO] Server :: Cluster with ProcessID '4352' Disconnected!
[2020-9-18 1:7:47] [INFO] Server :: Cluster with ProcessID '7232' Disconnected!
[2020-9-18 1:7:47] [INFO] Server :: Cluster with ProcessID '9492' Disconnected!
[2020-9-18 1:7:47] [INFO] Server :: Cluster with ProcessID '6584' Disconnected!
[2020-9-18 1:8:51] [INFO] Routes :: Mounting API Routes...
[2020-9-18 1:8:51] [INFO] Configuration :: Booting @ Master...
[2020-9-18 1:8:51] [INFO] Server :: Cluster with ProcessID '5256' has responded after it was forked! 
[2020-9-18 1:8:51] [INFO] Server :: Cluster with ProcessID '9308' has responded after it was forked! 
[2020-9-18 1:8:51] [INFO] Server :: Cluster with ProcessID '2140' has responded after it was forked! 
[2020-9-18 1:8:51] [INFO] Server :: Cluster with ProcessID '3780' has responded after it was forked! 
[2020-9-18 1:8:55] [INFO] Routes :: Mounting API Routes...
[2020-9-18 1:8:55] [INFO] Server :: Booting @ Master...
[2020-9-18 1:8:51] [INFO] Server :: Cluster with ProcessID '9308' Connected!
[2020-9-18 1:8:55] [INFO] Routes :: Mounting API Routes...
[2020-9-18 1:8:55] [INFO] Server :: Booting @ Master...
[2020-9-18 1:8:51] [INFO] Server :: Cluster with ProcessID '2140' Connected!
[2020-9-18 1:8:55] [INFO] Routes :: Mounting API Routes...
[2020-9-18 1:8:55] [INFO] Server :: Booting @ Master...
[2020-9-18 1:8:51] [INFO] Server :: Cluster with ProcessID '3780' Connected!
[2020-9-18 1:8:55] [INFO] Routes :: Mounting API Routes...
[2020-9-18 1:8:55] [INFO] Server :: Booting @ Master...
[2020-9-18 1:8:51] [INFO] Server :: Cluster with ProcessID '5256' Connected!
[2020-9-18 1:8:51] [INFO] Worker :: Booting @ Master...
[2020-9-18 3:45:17] [INFO] Routes :: Mounting API Routes...
[2020-9-18 3:45:17] [INFO] Configuration :: Booting @ Master...
[2020-9-18 3:45:17] [INFO] Server :: Cluster with ProcessID '7540' has responded after it was forked! 
[2020-9-18 3:45:17] [INFO] Server :: Cluster with ProcessID '6500' has responded after it was forked! 
[2020-9-18 3:45:17] [INFO] Server :: Cluster with ProcessID '2612' has responded after it was forked! 
[2020-9-18 3:45:17] [INFO] Server :: Cluster with ProcessID '8728' has responded after it was forked! 
[2020-9-18 3:45:22] [INFO] Routes :: Mounting API Routes...
[2020-9-18 3:45:22] [INFO] Server :: Booting @ Master...
[2020-9-18 3:45:17] [INFO] Server :: Cluster with ProcessID '2612' Connected!
[2020-9-18 3:45:22] [INFO] Routes :: Mounting API Routes...
[2020-9-18 3:45:22] [INFO] Server :: Booting @ Master...
[2020-9-18 3:45:17] [INFO] Server :: Cluster with ProcessID '6500' Connected!
[2020-9-18 3:45:22] [INFO] Routes :: Mounting API Routes...
[2020-9-18 3:45:22] [INFO] Server :: Booting @ Master...
[2020-9-18 3:45:17] [INFO] Server :: Cluster with ProcessID '7540' Connected!
[2020-9-18 3:45:22] [INFO] Routes :: Mounting API Routes...
[2020-9-18 3:45:22] [INFO] Server :: Booting @ Master...
[2020-9-18 3:45:17] [INFO] Server :: Cluster with ProcessID '8728' Connected!
[2020-9-18 3:45:17] [INFO] Worker :: Booting @ Master...
[2020-9-18 3:49:48] [INFO] Routes :: Mounting API Routes...
[2020-9-18 3:49:48] [INFO] Configuration :: Booting @ Master...
[2020-9-18 3:49:48] [INFO] Server :: Cluster with ProcessID '3600' has responded after it was forked! 
[2020-9-18 3:49:48] [INFO] Server :: Cluster with ProcessID '7888' has responded after it was forked! 
[2020-9-18 3:49:48] [INFO] Server :: Cluster with ProcessID '1476' has responded after it was forked! 
[2020-9-18 3:49:48] [INFO] Server :: Cluster with ProcessID '9480' has responded after it was forked! 
[2020-9-18 3:49:53] [INFO] Routes :: Mounting API Routes...
[2020-9-18 3:49:53] [INFO] Server :: Booting @ Master...
[2020-9-18 3:49:48] [INFO] Server :: Cluster with ProcessID '9480' Connected!
[2020-9-18 3:49:53] [INFO] Routes :: Mounting API Routes...
[2020-9-18 3:49:53] [INFO] Server :: Booting @ Master...
[2020-9-18 3:49:48] [INFO] Server :: Cluster with ProcessID '1476' Connected!
[2020-9-18 3:49:53] [INFO] Routes :: Mounting API Routes...
[2020-9-18 3:49:53] [INFO] Server :: Booting @ Master...
[2020-9-18 3:49:48] [INFO] Server :: Cluster with ProcessID '3600' Connected!
[2020-9-18 3:49:53] [INFO] Routes :: Mounting API Routes...
[2020-9-18 3:49:53] [INFO] Server :: Booting @ Master...
[2020-9-18 3:49:48] [INFO] Server :: Cluster with ProcessID '7888' Connected!
[2020-9-18 3:49:48] [INFO] Worker :: Booting @ Master...
[2020-9-18 3:51:51] [INFO] Routes :: Mounting API Routes...
[2020-9-18 3:51:51] [INFO] Configuration :: Booting @ Master...
[2020-9-18 3:51:51] [INFO] Server :: Cluster with ProcessID '5536' has responded after it was forked! 
[2020-9-18 3:51:51] [INFO] Server :: Cluster with ProcessID '8440' has responded after it was forked! 
[2020-9-18 3:51:51] [INFO] Server :: Cluster with ProcessID '1756' has responded after it was forked! 
[2020-9-18 3:51:51] [INFO] Server :: Cluster with ProcessID '8800' has responded after it was forked! 
[2020-9-18 3:51:56] [INFO] Routes :: Mounting API Routes...
[2020-9-18 3:51:56] [INFO] Server :: Booting @ Master...
[2020-9-18 3:51:56] [INFO] Routes :: Mounting API Routes...
[2020-9-18 3:51:56] [INFO] Server :: Booting @ Master...
[2020-9-18 3:51:51] [INFO] Server :: Cluster with ProcessID '1756' Connected!
[2020-9-18 3:51:51] [INFO] Server :: Cluster with ProcessID '5536' Connected!
[2020-9-18 3:51:56] [INFO] Routes :: Mounting API Routes...
[2020-9-18 3:51:56] [INFO] Server :: Booting @ Master...
[2020-9-18 3:51:51] [INFO] Server :: Cluster with ProcessID '8800' Connected!
[2020-9-18 3:51:56] [INFO] Routes :: Mounting API Routes...
[2020-9-18 3:51:56] [INFO] Server :: Booting @ Master...
[2020-9-18 3:51:51] [INFO] Server :: Cluster with ProcessID '8440' Connected!
[2020-9-18 3:52:34] [INFO] Routes :: Mounting API Routes...
[2020-9-18 3:52:34] [INFO] Configuration :: Booting @ Master...
[2020-9-18 3:52:34] [INFO] Server :: Cluster with ProcessID '9276' has responded after it was forked! 
[2020-9-18 3:52:34] [INFO] Server :: Cluster with ProcessID '9828' has responded after it was forked! 
[2020-9-18 3:52:34] [INFO] Server :: Cluster with ProcessID '5932' has responded after it was forked! 
[2020-9-18 3:52:34] [INFO] Server :: Cluster with ProcessID '7640' has responded after it was forked! 
[2020-9-18 3:52:38] [INFO] Routes :: Mounting API Routes...
[2020-9-18 3:52:38] [INFO] Server :: Booting @ Master...
[2020-9-18 3:52:38] [INFO] Routes :: Mounting API Routes...
[2020-9-18 3:52:38] [INFO] Server :: Booting @ Master...
[2020-9-18 3:52:34] [INFO] Server :: Cluster with ProcessID '7640' Connected!
[2020-9-18 3:52:38] [INFO] Routes :: Mounting API Routes...
[2020-9-18 3:52:38] [INFO] Server :: Booting @ Master...
[2020-9-18 3:52:34] [INFO] Server :: Cluster with ProcessID '9276' Connected!
[2020-9-18 3:52:34] [INFO] Server :: Cluster with ProcessID '5932' Connected!
[2020-9-18 3:52:38] [INFO] Routes :: Mounting API Routes...
[2020-9-18 3:52:38] [INFO] Server :: Booting @ Master...
[2020-9-18 3:52:34] [INFO] Server :: Cluster with ProcessID '9828' Connected!
[2020-9-18 3:52:34] [INFO] Server :: Cluster with ProcessID '9276' Disconnected!
[2020-9-18 3:52:34] [INFO] Server :: Cluster with ProcessID '9828' Disconnected!
[2020-9-18 3:52:34] [INFO] Server :: Cluster with ProcessID '5932' Disconnected!
[2020-9-18 3:52:34] [INFO] Server :: Cluster with ProcessID '7640' Disconnected!
[2020-9-18 3:53:13] [INFO] Routes :: Mounting API Routes...
[2020-9-18 3:53:13] [INFO] Configuration :: Booting @ Master...
[2020-9-18 3:53:13] [INFO] Server :: Cluster with ProcessID '9104' has responded after it was forked! 
[2020-9-18 3:53:13] [INFO] Server :: Cluster with ProcessID '8576' has responded after it was forked! 
[2020-9-18 3:53:13] [INFO] Server :: Cluster with ProcessID '6716' has responded after it was forked! 
[2020-9-18 3:53:13] [INFO] Server :: Cluster with ProcessID '2872' has responded after it was forked! 
[2020-9-18 3:53:17] [INFO] Routes :: Mounting API Routes...
[2020-9-18 3:53:17] [INFO] Server :: Booting @ Master...
[2020-9-18 3:53:13] [INFO] Server :: Cluster with ProcessID '6716' Connected!
[2020-9-18 3:53:17] [INFO] Routes :: Mounting API Routes...
[2020-9-18 3:53:17] [INFO] Server :: Booting @ Master...
[2020-9-18 3:53:13] [INFO] Server :: Cluster with ProcessID '9104' Connected!
[2020-9-18 3:53:17] [INFO] Routes :: Mounting API Routes...
[2020-9-18 3:53:17] [INFO] Server :: Booting @ Master...
[2020-9-18 3:53:13] [INFO] Server :: Cluster with ProcessID '2872' Connected!
[2020-9-18 3:53:17] [INFO] Routes :: Mounting API Routes...
[2020-9-18 3:53:17] [INFO] Server :: Booting @ Master...
[2020-9-18 3:53:13] [INFO] Server :: Cluster with ProcessID '8576' Connected!
[2020-9-18 3:53:13] [INFO] Worker :: Booting @ Master...
[2020-9-18 3:53:13] [INFO] Server :: Cluster with ProcessID '9104' Disconnected!
[2020-9-18 3:53:13] [INFO] Server :: Cluster with ProcessID '8576' Disconnected!
[2020-9-18 3:53:13] [INFO] Server :: Cluster with ProcessID '6716' Disconnected!
[2020-9-18 3:54:29] [INFO] Routes :: Mounting API Routes...
[2020-9-18 3:54:29] [INFO] Configuration :: Booting @ Master...
[2020-9-18 3:54:29] [INFO] Server :: Cluster with ProcessID '9168' has responded after it was forked! 
[2020-9-18 3:54:29] [INFO] Server :: Cluster with ProcessID '8392' has responded after it was forked! 
[2020-9-18 3:54:29] [INFO] Server :: Cluster with ProcessID '4924' has responded after it was forked! 
[2020-9-18 3:54:29] [INFO] Server :: Cluster with ProcessID '5632' has responded after it was forked! 
[2020-9-18 3:54:34] [INFO] Routes :: Mounting API Routes...
[2020-9-18 3:54:34] [INFO] Server :: Booting @ Master...
[2020-9-18 3:54:29] [INFO] Server :: Cluster with ProcessID '5632' Connected!
[2020-9-18 3:54:34] [INFO] Routes :: Mounting API Routes...
[2020-9-18 3:54:34] [INFO] Server :: Booting @ Master...
[2020-9-18 3:54:34] [INFO] Routes :: Mounting API Routes...
[2020-9-18 3:54:34] [INFO] Server :: Booting @ Master...
[2020-9-18 3:54:29] [INFO] Server :: Cluster with ProcessID '8392' Connected!
[2020-9-18 3:54:29] [INFO] Server :: Cluster with ProcessID '9168' Connected!
[2020-9-18 3:54:34] [INFO] Routes :: Mounting API Routes...
[2020-9-18 3:54:34] [INFO] Server :: Booting @ Master...
[2020-9-18 3:54:29] [INFO] Server :: Cluster with ProcessID '4924' Connected!
[2020-9-18 3:54:29] [INFO] Worker :: Booting @ Master...
[2020-9-18 3:54:29] [INFO] Server :: Cluster with ProcessID '9168' Disconnected!
[2020-9-18 3:54:29] [INFO] Server :: Cluster with ProcessID '4924' Disconnected!
[2020-9-18 3:54:29] [INFO] Server :: Cluster with ProcessID '8392' Disconnected!
[2020-9-18 3:54:29] [INFO] Server :: Cluster with ProcessID '5632' Disconnected!
[2020-9-18 3:56:7] [INFO] Routes :: Mounting API Routes...
[2020-9-18 3:56:7] [INFO] Configuration :: Booting @ Master...
[2020-9-18 3:56:7] [INFO] Server :: Cluster with ProcessID '8792' has responded after it was forked! 
[2020-9-18 3:56:7] [INFO] Server :: Cluster with ProcessID '5528' has responded after it was forked! 
[2020-9-18 3:56:7] [INFO] Server :: Cluster with ProcessID '8892' has responded after it was forked! 
[2020-9-18 3:56:7] [INFO] Server :: Cluster with ProcessID '1952' has responded after it was forked! 
[2020-9-18 3:56:12] [INFO] Routes :: Mounting API Routes...
[2020-9-18 3:56:12] [INFO] Server :: Booting @ Master...
[2020-9-18 3:56:7] [INFO] Server :: Cluster with ProcessID '1952' Connected!
[2020-9-18 3:56:12] [INFO] Routes :: Mounting API Routes...
[2020-9-18 3:56:12] [INFO] Server :: Booting @ Master...
[2020-9-18 3:56:7] [INFO] Server :: Cluster with ProcessID '8892' Connected!
[2020-9-18 3:56:12] [INFO] Routes :: Mounting API Routes...
[2020-9-18 3:56:12] [INFO] Server :: Booting @ Master...
[2020-9-18 3:56:7] [INFO] Server :: Cluster with ProcessID '5528' Connected!
[2020-9-18 3:56:12] [INFO] Routes :: Mounting API Routes...
[2020-9-18 3:56:12] [INFO] Server :: Booting @ Master...
[2020-9-18 3:56:7] [INFO] Server :: Cluster with ProcessID '8792' Connected!
[2020-9-18 3:56:7] [INFO] Worker :: Booting @ Master...
[2020-9-18 3:59:21] [INFO] Routes :: Mounting API Routes...
[2020-9-18 3:59:21] [INFO] Configuration :: Booting @ Master...
[2020-9-18 3:59:21] [INFO] Server :: Cluster with ProcessID '8316' has responded after it was forked! 
[2020-9-18 3:59:21] [INFO] Server :: Cluster with ProcessID '1388' has responded after it was forked! 
[2020-9-18 3:59:21] [INFO] Server :: Cluster with ProcessID '9580' has responded after it was forked! 
[2020-9-18 3:59:21] [INFO] Server :: Cluster with ProcessID '10092' has responded after it was forked! 
[2020-9-18 3:59:25] [INFO] Routes :: Mounting API Routes...
[2020-9-18 3:59:25] [INFO] Server :: Booting @ Master...
[2020-9-18 3:59:21] [INFO] Server :: Cluster with ProcessID '9580' Connected!
[2020-9-18 3:59:25] [INFO] Routes :: Mounting API Routes...
[2020-9-18 3:59:25] [INFO] Server :: Booting @ Master...
[2020-9-18 3:59:21] [INFO] Server :: Cluster with ProcessID '1388' Connected!
[2020-9-18 3:59:25] [INFO] Routes :: Mounting API Routes...
[2020-9-18 3:59:25] [INFO] Server :: Booting @ Master...
[2020-9-18 3:59:21] [INFO] Server :: Cluster with ProcessID '8316' Connected!
[2020-9-18 3:59:25] [INFO] Routes :: Mounting API Routes...
[2020-9-18 3:59:25] [INFO] Server :: Booting @ Master...
[2020-9-18 3:59:21] [INFO] Server :: Cluster with ProcessID '10092' Connected!
[2020-9-18 3:59:21] [INFO] Server :: Cluster with ProcessID '8316' Disconnected!
[2020-9-18 3:59:21] [INFO] Server :: Cluster with ProcessID '1388' Disconnected!
[2020-9-18 3:59:21] [INFO] Server :: Cluster with ProcessID '10092' Disconnected!
[2020-9-18 3:59:21] [INFO] Server :: Cluster with ProcessID '9580' Disconnected!
[2020-9-18 3:59:56] [INFO] Routes :: Mounting API Routes...
[2020-9-18 3:59:56] [INFO] Configuration :: Booting @ Master...
[2020-9-18 3:59:56] [INFO] Server :: Cluster with ProcessID '9892' has responded after it was forked! 
[2020-9-18 3:59:56] [INFO] Server :: Cluster with ProcessID '4708' has responded after it was forked! 
[2020-9-18 3:59:56] [INFO] Server :: Cluster with ProcessID '8124' has responded after it was forked! 
[2020-9-18 3:59:56] [INFO] Server :: Cluster with ProcessID '3056' has responded after it was forked! 
[2020-9-18 4:0:1] [INFO] Routes :: Mounting API Routes...
[2020-9-18 4:0:1] [INFO] Server :: Booting @ Master...
[2020-9-18 3:59:56] [INFO] Server :: Cluster with ProcessID '3056' Connected!
[2020-9-18 4:0:1] [INFO] Routes :: Mounting API Routes...
[2020-9-18 4:0:1] [INFO] Server :: Booting @ Master...
[2020-9-18 3:59:56] [INFO] Server :: Cluster with ProcessID '8124' Connected!
[2020-9-18 4:0:1] [INFO] Routes :: Mounting API Routes...
[2020-9-18 4:0:1] [INFO] Server :: Booting @ Master...
[2020-9-18 3:59:56] [INFO] Server :: Cluster with ProcessID '9892' Connected!
[2020-9-18 4:0:1] [INFO] Routes :: Mounting API Routes...
[2020-9-18 4:0:1] [INFO] Server :: Booting @ Master...
[2020-9-18 3:59:56] [INFO] Server :: Cluster with ProcessID '4708' Connected!
[2020-9-18 3:59:56] [INFO] Worker :: Booting @ Master...
[2020-9-18 3:59:56] [INFO] Server :: Cluster with ProcessID '9892' Disconnected!
[2020-9-18 3:59:56] [INFO] Server :: Cluster with ProcessID '4708' Disconnected!
[2020-9-18 3:59:56] [INFO] Server :: Cluster with ProcessID '8124' Disconnected!
[2020-9-18 3:59:56] [INFO] Server :: Cluster with ProcessID '3056' Disconnected!
[2020-9-18 4:1:7] [INFO] Routes :: Mounting API Routes...
[2020-9-18 4:1:7] [INFO] Configuration :: Booting @ Master...
[2020-9-18 4:1:7] [INFO] Server :: Cluster with ProcessID '1700' has responded after it was forked! 
[2020-9-18 4:1:7] [INFO] Server :: Cluster with ProcessID '368' has responded after it was forked! 
[2020-9-18 4:1:7] [INFO] Server :: Cluster with ProcessID '8288' has responded after it was forked! 
[2020-9-18 4:1:7] [INFO] Server :: Cluster with ProcessID '6160' has responded after it was forked! 
[2020-9-18 4:1:11] [INFO] Routes :: Mounting API Routes...
[2020-9-18 4:1:11] [INFO] Server :: Booting @ Master...
[2020-9-18 4:1:7] [INFO] Server :: Cluster with ProcessID '6160' Connected!
[2020-9-18 4:1:11] [INFO] Routes :: Mounting API Routes...
[2020-9-18 4:1:11] [INFO] Server :: Booting @ Master...
[2020-9-18 4:1:7] [INFO] Server :: Cluster with ProcessID '368' Connected!
[2020-9-18 4:1:11] [INFO] Routes :: Mounting API Routes...
[2020-9-18 4:1:11] [INFO] Server :: Booting @ Master...
[2020-9-18 4:1:7] [INFO] Server :: Cluster with ProcessID '8288' Connected!
[2020-9-18 4:1:11] [INFO] Routes :: Mounting API Routes...
[2020-9-18 4:1:11] [INFO] Server :: Booting @ Master...
[2020-9-18 4:1:7] [INFO] Server :: Cluster with ProcessID '1700' Connected!
[2020-9-18 4:1:7] [INFO] Worker :: Booting @ Master...
[2020-9-18 4:1:7] [INFO] Server :: Cluster with ProcessID '1700' Disconnected!
[2020-9-18 4:1:7] [INFO] Server :: Cluster with ProcessID '368' Disconnected!
[2020-9-18 4:1:7] [INFO] Server :: Cluster with ProcessID '6160' Disconnected!
[2020-9-18 4:1:7] [INFO] Server :: Cluster with ProcessID '8288' Disconnected!
[2020-9-18 4:5:34] [INFO] Routes :: Mounting API Routes...
[2020-9-18 4:5:34] [INFO] Configuration :: Booting @ Master...
[2020-9-18 4:5:34] [INFO] Server :: Cluster with ProcessID '1312' has responded after it was forked! 
[2020-9-18 4:5:34] [INFO] Server :: Cluster with ProcessID '5144' has responded after it was forked! 
[2020-9-18 4:5:34] [INFO] Server :: Cluster with ProcessID '4892' has responded after it was forked! 
[2020-9-18 4:5:34] [INFO] Server :: Cluster with ProcessID '9100' has responded after it was forked! 
[2020-9-18 4:5:34] [INFO] Server :: Cluster with ProcessID '5144' Disconnected!
[2020-9-18 4:5:34] [INFO] Server :: Cluster with ProcessID '5144' is Dead with Code '1, and signal: 'null'
[2020-9-18 4:5:34] [INFO] Server :: Cluster with ProcessID '1312' Disconnected!
[2020-9-18 4:5:34] [INFO] Server :: Cluster with ProcessID '4892' Disconnected!
[2020-9-18 4:5:42] [INFO] Routes :: Mounting API Routes...
[2020-9-18 4:5:42] [INFO] Configuration :: Booting @ Master...
[2020-9-18 4:5:42] [INFO] Server :: Cluster with ProcessID '3388' has responded after it was forked! 
[2020-9-18 4:5:42] [INFO] Server :: Cluster with ProcessID '256' has responded after it was forked! 
[2020-9-18 4:5:42] [INFO] Server :: Cluster with ProcessID '10196' has responded after it was forked! 
[2020-9-18 4:5:42] [INFO] Server :: Cluster with ProcessID '9080' has responded after it was forked! 
[2020-9-18 4:5:47] [INFO] Routes :: Mounting API Routes...
[2020-9-18 4:5:47] [INFO] Server :: Booting @ Master...
[2020-9-18 4:5:42] [INFO] Server :: Cluster with ProcessID '256' Connected!
[2020-9-18 4:5:47] [INFO] Routes :: Mounting API Routes...
[2020-9-18 4:5:47] [INFO] Server :: Booting @ Master...
[2020-9-18 4:5:42] [INFO] Server :: Cluster with ProcessID '3388' Connected!
[2020-9-18 4:5:47] [INFO] Routes :: Mounting API Routes...
[2020-9-18 4:5:47] [INFO] Server :: Booting @ Master...
[2020-9-18 4:5:42] [INFO] Server :: Cluster with ProcessID '10196' Connected!
[2020-9-18 4:5:47] [INFO] Routes :: Mounting API Routes...
[2020-9-18 4:5:47] [INFO] Server :: Booting @ Master...
[2020-9-18 4:5:42] [INFO] Server :: Cluster with ProcessID '9080' Connected!
[2020-9-18 4:5:42] [INFO] Worker :: Booting @ Master...
[2020-9-18 4:5:42] [INFO] Server :: Cluster with ProcessID '256' Disconnected!
[2020-9-18 4:5:42] [INFO] Server :: Cluster with ProcessID '3388' Disconnected!
[2020-9-18 4:5:42] [INFO] Server :: Cluster with ProcessID '9080' Disconnected!
[2020-9-18 4:5:42] [INFO] Server :: Cluster with ProcessID '10196' Disconnected!
[2020-9-18 4:6:49] [INFO] Routes :: Mounting API Routes...
[2020-9-18 4:6:49] [INFO] Configuration :: Booting @ Master...
[2020-9-18 4:6:49] [INFO] Server :: Cluster with ProcessID '9580' has responded after it was forked! 
[2020-9-18 4:6:49] [INFO] Server :: Cluster with ProcessID '5696' has responded after it was forked! 
[2020-9-18 4:6:49] [INFO] Server :: Cluster with ProcessID '6176' has responded after it was forked! 
[2020-9-18 4:6:49] [INFO] Server :: Cluster with ProcessID '8876' has responded after it was forked! 
[2020-9-18 4:6:54] [INFO] Routes :: Mounting API Routes...
[2020-9-18 4:6:54] [INFO] Server :: Booting @ Master...
[2020-9-18 4:6:49] [INFO] Server :: Cluster with ProcessID '9580' Connected!
[2020-9-18 4:6:54] [INFO] Routes :: Mounting API Routes...
[2020-9-18 4:6:54] [INFO] Server :: Booting @ Master...
[2020-9-18 4:6:49] [INFO] Server :: Cluster with ProcessID '5696' Connected!
[2020-9-18 4:6:54] [INFO] Routes :: Mounting API Routes...
[2020-9-18 4:6:54] [INFO] Server :: Booting @ Master...
[2020-9-18 4:6:49] [INFO] Server :: Cluster with ProcessID '6176' Connected!
[2020-9-18 4:6:54] [INFO] Routes :: Mounting API Routes...
[2020-9-18 4:6:54] [INFO] Server :: Booting @ Master...
[2020-9-18 4:6:49] [INFO] Server :: Cluster with ProcessID '8876' Connected!
[2020-9-18 4:6:49] [INFO] Worker :: Booting @ Master...
[2020-9-18 4:7:56] [INFO] Routes :: Mounting API Routes...
[2020-9-18 4:7:56] [INFO] Configuration :: Booting @ Master...
[2020-9-18 4:7:56] [INFO] Server :: Cluster with ProcessID '1388' has responded after it was forked! 
[2020-9-18 4:7:56] [INFO] Server :: Cluster with ProcessID '1480' has responded after it was forked! 
[2020-9-18 4:7:56] [INFO] Server :: Cluster with ProcessID '8336' has responded after it was forked! 
[2020-9-18 4:7:56] [INFO] Server :: Cluster with ProcessID '5656' has responded after it was forked! 
[2020-9-18 4:8:0] [INFO] Routes :: Mounting API Routes...
[2020-9-18 4:8:0] [INFO] Server :: Booting @ Master...
[2020-9-18 4:7:56] [INFO] Server :: Cluster with ProcessID '1388' Connected!
[2020-9-18 4:8:0] [INFO] Routes :: Mounting API Routes...
[2020-9-18 4:8:0] [INFO] Server :: Booting @ Master...
[2020-9-18 4:7:56] [INFO] Server :: Cluster with ProcessID '1480' Connected!
[2020-9-18 4:8:0] [INFO] Routes :: Mounting API Routes...
[2020-9-18 4:8:0] [INFO] Server :: Booting @ Master...
[2020-9-18 4:7:56] [INFO] Server :: Cluster with ProcessID '8336' Connected!
[2020-9-18 4:8:0] [INFO] Routes :: Mounting API Routes...
[2020-9-18 4:8:0] [INFO] Server :: Booting @ Master...
[2020-9-18 4:7:56] [INFO] Server :: Cluster with ProcessID '5656' Connected!
[2020-9-18 4:7:56] [INFO] Server :: Cluster with ProcessID '1480' Disconnected!
[2020-9-18 4:7:56] [INFO] Server :: Cluster with ProcessID '1388' Disconnected!
[2020-9-18 4:7:56] [INFO] Server :: Cluster with ProcessID '8336' Disconnected!
[2020-9-18 4:7:56] [INFO] Server :: Cluster with ProcessID '5656' Disconnected!
[2020-9-18 4:8:30] [INFO] Routes :: Mounting API Routes...
[2020-9-18 4:8:30] [INFO] Configuration :: Booting @ Master...
[2020-9-18 4:8:30] [INFO] Server :: Cluster with ProcessID '6304' has responded after it was forked! 
[2020-9-18 4:8:30] [INFO] Server :: Cluster with ProcessID '9308' has responded after it was forked! 
[2020-9-18 4:8:30] [INFO] Server :: Cluster with ProcessID '2316' has responded after it was forked! 
[2020-9-18 4:8:30] [INFO] Server :: Cluster with ProcessID '7228' has responded after it was forked! 
[2020-9-18 4:8:34] [INFO] Routes :: Mounting API Routes...
[2020-9-18 4:8:34] [INFO] Server :: Booting @ Master...
[2020-9-18 4:8:30] [INFO] Server :: Cluster with ProcessID '9308' Connected!
[2020-9-18 4:8:34] [INFO] Routes :: Mounting API Routes...
[2020-9-18 4:8:34] [INFO] Server :: Booting @ Master...
[2020-9-18 4:8:30] [INFO] Server :: Cluster with ProcessID '7228' Connected!
[2020-9-18 4:8:34] [INFO] Routes :: Mounting API Routes...
[2020-9-18 4:8:34] [INFO] Server :: Booting @ Master...
[2020-9-18 4:8:30] [INFO] Server :: Cluster with ProcessID '2316' Connected!
[2020-9-18 4:8:34] [INFO] Routes :: Mounting API Routes...
[2020-9-18 4:8:34] [INFO] Server :: Booting @ Master...
[2020-9-18 4:8:30] [INFO] Server :: Cluster with ProcessID '6304' Connected!
[2020-9-18 4:8:30] [INFO] Server :: Cluster with ProcessID '6304' Disconnected!
[2020-9-18 4:8:30] [INFO] Server :: Cluster with ProcessID '2316' Disconnected!
[2020-9-18 4:8:30] [INFO] Server :: Cluster with ProcessID '9308' Disconnected!
[2020-9-18 4:8:30] [INFO] Server :: Cluster with ProcessID '6304' is Dead with Code '1, and signal: 'null'
[2020-9-18 4:8:30] [INFO] Server :: Cluster with ProcessID '7228' Disconnected!
[2020-9-18 4:8:30] [INFO] Server :: Cluster with ProcessID '9308' is Dead with Code '1, and signal: 'null'
[2020-9-18 4:9:19] [INFO] Routes :: Mounting API Routes...
[2020-9-18 4:9:19] [INFO] Configuration :: Booting @ Master...
[2020-9-18 4:9:19] [INFO] Server :: Cluster with ProcessID '1048' has responded after it was forked! 
[2020-9-18 4:9:19] [INFO] Server :: Cluster with ProcessID '4184' has responded after it was forked! 
[2020-9-18 4:9:19] [INFO] Server :: Cluster with ProcessID '7992' has responded after it was forked! 
[2020-9-18 4:9:19] [INFO] Server :: Cluster with ProcessID '9804' has responded after it was forked! 
[2020-9-18 4:9:24] [INFO] Routes :: Mounting API Routes...
[2020-9-18 4:9:24] [INFO] Server :: Booting @ Master...
[2020-9-18 4:9:19] [INFO] Server :: Cluster with ProcessID '9804' Connected!
[2020-9-18 4:9:24] [INFO] Routes :: Mounting API Routes...
[2020-9-18 4:9:24] [INFO] Server :: Booting @ Master...
[2020-9-18 4:9:19] [INFO] Server :: Cluster with ProcessID '7992' Connected!
[2020-9-18 4:9:24] [INFO] Routes :: Mounting API Routes...
[2020-9-18 4:9:24] [INFO] Server :: Booting @ Master...
[2020-9-18 4:9:19] [INFO] Server :: Cluster with ProcessID '4184' Connected!
[2020-9-18 4:9:24] [INFO] Routes :: Mounting API Routes...
[2020-9-18 4:9:24] [INFO] Server :: Booting @ Master...
[2020-9-18 4:9:19] [INFO] Server :: Cluster with ProcessID '1048' Connected!
[2020-9-18 4:9:19] [INFO] Worker :: Booting @ Master...
[2020-9-18 4:19:44] [INFO] Routes :: Mounting API Routes...
[2020-9-18 4:19:44] [INFO] Configuration :: Booting @ Master...
[2020-9-18 4:19:44] [INFO] Server :: Cluster with ProcessID '6544' has responded after it was forked! 
[2020-9-18 4:19:44] [INFO] Server :: Cluster with ProcessID '8552' has responded after it was forked! 
[2020-9-18 4:19:44] [INFO] Server :: Cluster with ProcessID '1624' has responded after it was forked! 
[2020-9-18 4:19:44] [INFO] Server :: Cluster with ProcessID '5464' has responded after it was forked! 
[2020-9-18 4:19:49] [INFO] Routes :: Mounting API Routes...
[2020-9-18 4:19:49] [INFO] Server :: Booting @ Master...
[2020-9-18 4:19:44] [INFO] Server :: Cluster with ProcessID '1624' Connected!
[2020-9-18 4:19:49] [INFO] Routes :: Mounting API Routes...
[2020-9-18 4:19:49] [INFO] Server :: Booting @ Master...
[2020-9-18 4:19:44] [INFO] Server :: Cluster with ProcessID '5464' Connected!
[2020-9-18 4:19:49] [INFO] Routes :: Mounting API Routes...
[2020-9-18 4:19:49] [INFO] Server :: Booting @ Master...
[2020-9-18 4:19:44] [INFO] Server :: Cluster with ProcessID '8552' Connected!
[2020-9-18 4:19:49] [INFO] Server :: Booting @ Master...
[2020-9-18 4:19:49] [INFO] Routes :: Mounting API Routes...
[2020-9-18 4:19:44] [INFO] Server :: Cluster with ProcessID '6544' Connected!
[2020-9-18 4:20:11] [INFO] Routes :: Mounting API Routes...
[2020-9-18 4:20:11] [INFO] Configuration :: Booting @ Master...
[2020-9-18 4:20:11] [INFO] Server :: Cluster with ProcessID '2004' has responded after it was forked! 
[2020-9-18 4:20:11] [INFO] Server :: Cluster with ProcessID '8456' has responded after it was forked! 
[2020-9-18 4:20:11] [INFO] Server :: Cluster with ProcessID '2876' has responded after it was forked! 
[2020-9-18 4:20:11] [INFO] Server :: Cluster with ProcessID '2268' has responded after it was forked! 
[2020-9-18 4:20:11] [INFO] Routes :: Mounting API Routes...
[2020-9-18 4:20:11] [INFO] Server :: Booting @ Master...
[2020-9-18 4:20:11] [INFO] Routes :: Mounting API Routes...
[2020-9-18 4:20:11] [INFO] Server :: Cluster with ProcessID '2004' Connected!
[2020-9-18 4:20:11] [INFO] Server :: Booting @ Master...
[2020-9-18 4:20:11] [INFO] Server :: Cluster with ProcessID '8456' Connected!
[2020-9-18 4:20:11] [INFO] Routes :: Mounting API Routes...
[2020-9-18 4:20:11] [INFO] Server :: Booting @ Master...
[2020-9-18 4:20:11] [INFO] Routes :: Mounting API Routes...
[2020-9-18 4:20:11] [INFO] Server :: Booting @ Master...
[2020-9-18 4:20:11] [INFO] Server :: Cluster with ProcessID '2876' Connected!
[2020-9-18 4:20:11] [INFO] Server :: Cluster with ProcessID '2268' Connected!
[2020-9-18 12:28:1] [INFO] Routes :: Mounting API Routes...
[2020-9-18 12:28:1] [INFO] Configuration :: Booting @ Master...
[2020-9-18 12:28:1] [INFO] Server :: Cluster with ProcessID '5312' has responded after it was forked! 
[2020-9-18 12:28:1] [INFO] Server :: Cluster with ProcessID '6508' has responded after it was forked! 
[2020-9-18 12:28:1] [INFO] Server :: Cluster with ProcessID '10628' has responded after it was forked! 
[2020-9-18 12:28:1] [INFO] Server :: Cluster with ProcessID '3668' has responded after it was forked! 
[2020-9-18 12:28:6] [INFO] Routes :: Mounting API Routes...
[2020-9-18 12:28:6] [INFO] Server :: Booting @ Master...
[2020-9-18 12:28:1] [INFO] Server :: Cluster with ProcessID '10628' Connected!
[2020-9-18 12:28:6] [INFO] Routes :: Mounting API Routes...
[2020-9-18 12:28:6] [INFO] Server :: Booting @ Master...
[2020-9-18 12:28:1] [INFO] Server :: Cluster with ProcessID '5312' Connected!
[2020-9-18 12:28:6] [INFO] Routes :: Mounting API Routes...
[2020-9-18 12:28:6] [INFO] Server :: Booting @ Master...
[2020-9-18 12:28:1] [INFO] Server :: Cluster with ProcessID '6508' Connected!
[2020-9-18 12:28:6] [INFO] Routes :: Mounting API Routes...
[2020-9-18 12:28:6] [INFO] Server :: Booting @ Master...
[2020-9-18 12:28:1] [INFO] Server :: Cluster with ProcessID '3668' Connected!
[2020-9-18 12:29:4] [INFO] Routes :: Mounting API Routes...
[2020-9-18 12:29:4] [INFO] Configuration :: Booting @ Master...
[2020-9-18 12:29:4] [INFO] Server :: Cluster with ProcessID '10196' has responded after it was forked! 
[2020-9-18 12:29:4] [INFO] Server :: Cluster with ProcessID '10564' has responded after it was forked! 
[2020-9-18 12:29:4] [INFO] Server :: Cluster with ProcessID '9640' has responded after it was forked! 
[2020-9-18 12:29:4] [INFO] Server :: Cluster with ProcessID '508' has responded after it was forked! 
[2020-9-18 12:29:4] [INFO] Routes :: Mounting API Routes...
[2020-9-18 12:29:4] [INFO] Server :: Booting @ Master...
[2020-9-18 12:29:4] [INFO] Routes :: Mounting API Routes...
[2020-9-18 12:29:4] [INFO] Server :: Booting @ Master...
[2020-9-18 12:29:4] [INFO] Server :: Cluster with ProcessID '10196' Connected!
[2020-9-18 12:29:4] [INFO] Server :: Cluster with ProcessID '508' Connected!
[2020-9-18 12:29:4] [INFO] Routes :: Mounting API Routes...
[2020-9-18 12:29:4] [INFO] Server :: Booting @ Master...
[2020-9-18 12:29:4] [INFO] Routes :: Mounting API Routes...
[2020-9-18 12:29:4] [INFO] Server :: Booting @ Master...
[2020-9-18 12:29:4] [INFO] Server :: Cluster with ProcessID '10564' Connected!
[2020-9-18 12:29:4] [INFO] Server :: Cluster with ProcessID '9640' Connected!
[2020-9-18 12:32:54] [INFO] Routes :: Mounting API Routes...
[2020-9-18 12:32:54] [INFO] Configuration :: Booting @ Master...
[2020-9-18 12:32:54] [INFO] Server :: Cluster with ProcessID '7440' has responded after it was forked! 
[2020-9-18 12:32:54] [INFO] Server :: Cluster with ProcessID '6436' has responded after it was forked! 
[2020-9-18 12:32:54] [INFO] Server :: Cluster with ProcessID '8360' has responded after it was forked! 
[2020-9-18 12:32:54] [INFO] Server :: Cluster with ProcessID '5892' has responded after it was forked! 
[2020-9-18 12:32:54] [INFO] Routes :: Mounting API Routes...
[2020-9-18 12:32:54] [INFO] Server :: Booting @ Master...
[2020-9-18 12:32:54] [INFO] Routes :: Mounting API Routes...
[2020-9-18 12:32:54] [INFO] Server :: Booting @ Master...
[2020-9-18 12:32:54] [INFO] Server :: Cluster with ProcessID '7440' Connected!
[2020-9-18 12:32:54] [INFO] Server :: Cluster with ProcessID '8360' Connected!
[2020-9-18 12:32:54] [INFO] Routes :: Mounting API Routes...
[2020-9-18 12:32:54] [INFO] Server :: Booting @ Master...
[2020-9-18 12:32:54] [INFO] Server :: Cluster with ProcessID '6436' Connected!
[2020-9-18 12:32:54] [INFO] Routes :: Mounting API Routes...
[2020-9-18 12:32:54] [INFO] Server :: Booting @ Master...
[2020-9-18 12:32:54] [INFO] Server :: Cluster with ProcessID '5892' Connected!
[2020-9-18 12:33:30] [INFO] Routes :: Mounting API Routes...
[2020-9-18 12:33:30] [INFO] Configuration :: Booting @ Master...
[2020-9-18 12:33:30] [INFO] Server :: Cluster with ProcessID '9592' has responded after it was forked! 
[2020-9-18 12:33:30] [INFO] Server :: Cluster with ProcessID '2572' has responded after it was forked! 
[2020-9-18 12:33:30] [INFO] Server :: Cluster with ProcessID '10788' has responded after it was forked! 
[2020-9-18 12:33:30] [INFO] Server :: Cluster with ProcessID '8284' has responded after it was forked! 
[2020-9-18 12:33:31] [INFO] Routes :: Mounting API Routes...
[2020-9-18 12:33:31] [INFO] Server :: Booting @ Master...
[2020-9-18 12:33:31] [INFO] Routes :: Mounting API Routes...
[2020-9-18 12:33:31] [INFO] Server :: Booting @ Master...
[2020-9-18 12:33:30] [INFO] Server :: Cluster with ProcessID '9592' Connected!
[2020-9-18 12:33:30] [INFO] Server :: Cluster with ProcessID '10788' Connected!
[2020-9-18 12:33:31] [INFO] Routes :: Mounting API Routes...
[2020-9-18 12:33:31] [INFO] Server :: Booting @ Master...
[2020-9-18 12:33:30] [INFO] Server :: Cluster with ProcessID '2572' Connected!
[2020-9-18 12:33:31] [INFO] Routes :: Mounting API Routes...
[2020-9-18 12:33:31] [INFO] Server :: Booting @ Master...
[2020-9-18 12:33:30] [INFO] Server :: Cluster with ProcessID '8284' Connected!
[2020-9-18 12:35:38] [INFO] Routes :: Mounting API Routes...
[2020-9-18 12:35:38] [INFO] Configuration :: Booting @ Master...
[2020-9-18 12:35:38] [INFO] Server :: Cluster with ProcessID '472' has responded after it was forked! 
[2020-9-18 12:35:38] [INFO] Server :: Cluster with ProcessID '9768' has responded after it was forked! 
[2020-9-18 12:35:38] [INFO] Server :: Cluster with ProcessID '10832' has responded after it was forked! 
[2020-9-18 12:35:38] [INFO] Server :: Cluster with ProcessID '7848' has responded after it was forked! 
[2020-9-18 12:35:38] [INFO] Routes :: Mounting API Routes...
[2020-9-18 12:35:38] [INFO] Server :: Booting @ Master...
[2020-9-18 12:35:38] [INFO] Server :: Cluster with ProcessID '10832' Connected!
[2020-9-18 12:35:38] [INFO] Routes :: Mounting API Routes...
[2020-9-18 12:35:38] [INFO] Server :: Booting @ Master...
[2020-9-18 12:35:38] [INFO] Server :: Cluster with ProcessID '9768' Connected!
[2020-9-18 12:35:38] [INFO] Routes :: Mounting API Routes...
[2020-9-18 12:35:38] [INFO] Server :: Booting @ Master...
[2020-9-18 12:35:38] [INFO] Server :: Cluster with ProcessID '472' Connected!
[2020-9-18 12:35:38] [INFO] Routes :: Mounting API Routes...
[2020-9-18 12:35:38] [INFO] Server :: Booting @ Master...
[2020-9-18 12:35:38] [INFO] Server :: Cluster with ProcessID '7848' Connected!
[2020-9-18 12:37:15] [INFO] Routes :: Mounting API Routes...
[2020-9-18 12:37:15] [INFO] Configuration :: Booting @ Master...
[2020-9-18 12:37:15] [INFO] Server :: Cluster with ProcessID '6916' has responded after it was forked! 
[2020-9-18 12:37:15] [INFO] Server :: Cluster with ProcessID '3568' has responded after it was forked! 
[2020-9-18 12:37:15] [INFO] Server :: Cluster with ProcessID '10368' has responded after it was forked! 
[2020-9-18 12:37:15] [INFO] Server :: Cluster with ProcessID '10100' has responded after it was forked! 
[2020-9-18 12:37:16] [INFO] Routes :: Mounting API Routes...
[2020-9-18 12:37:16] [INFO] Server :: Booting @ Master...
[2020-9-18 12:37:15] [INFO] Server :: Cluster with ProcessID '10368' Connected!
[2020-9-18 12:37:16] [INFO] Routes :: Mounting API Routes...
[2020-9-18 12:37:16] [INFO] Server :: Booting @ Master...
[2020-9-18 12:37:15] [INFO] Server :: Cluster with ProcessID '6916' Connected!
[2020-9-18 12:37:16] [INFO] Routes :: Mounting API Routes...
[2020-9-18 12:37:16] [INFO] Server :: Booting @ Master...
[2020-9-18 12:37:15] [INFO] Server :: Cluster with ProcessID '3568' Connected!
[2020-9-18 12:37:16] [INFO] Routes :: Mounting API Routes...
[2020-9-18 12:37:16] [INFO] Server :: Booting @ Master...
[2020-9-18 12:37:15] [INFO] Server :: Cluster with ProcessID '10100' Connected!
[2020-9-18 12:39:31] [INFO] Routes :: Mounting API Routes...
[2020-9-18 12:39:31] [INFO] Configuration :: Booting @ Master...
[2020-9-18 12:39:31] [INFO] Server :: Cluster with ProcessID '3388' has responded after it was forked! 
[2020-9-18 12:39:31] [INFO] Server :: Cluster with ProcessID '10060' has responded after it was forked! 
[2020-9-18 12:39:31] [INFO] Server :: Cluster with ProcessID '3076' has responded after it was forked! 
[2020-9-18 12:39:31] [INFO] Server :: Cluster with ProcessID '2612' has responded after it was forked! 
[2020-9-18 12:39:36] [INFO] Routes :: Mounting API Routes...
[2020-9-18 12:39:36] [INFO] Server :: Booting @ Master...
[2020-9-18 12:39:31] [INFO] Server :: Cluster with ProcessID '3076' Connected!
[2020-9-18 12:39:36] [INFO] Routes :: Mounting API Routes...
[2020-9-18 12:39:36] [INFO] Server :: Booting @ Master...
[2020-9-18 12:39:31] [INFO] Server :: Cluster with ProcessID '3388' Connected!
[2020-9-18 12:39:36] [INFO] Routes :: Mounting API Routes...
[2020-9-18 12:39:36] [INFO] Server :: Booting @ Master...
[2020-9-18 12:39:31] [INFO] Server :: Cluster with ProcessID '10060' Connected!
[2020-9-18 12:39:36] [INFO] Routes :: Mounting API Routes...
[2020-9-18 12:39:36] [INFO] Server :: Booting @ Master...
[2020-9-18 12:39:31] [INFO] Server :: Cluster with ProcessID '2612' Connected!
[2020-9-18 13:23:22] [INFO] Routes :: Mounting API Routes...
[2020-9-18 13:23:22] [INFO] Configuration :: Booting @ Master...
[2020-9-18 13:23:22] [INFO] Server :: Cluster with ProcessID '3604' has responded after it was forked! 
[2020-9-18 13:23:22] [INFO] Server :: Cluster with ProcessID '8824' has responded after it was forked! 
[2020-9-18 13:23:22] [INFO] Server :: Cluster with ProcessID '8332' has responded after it was forked! 
[2020-9-18 13:23:22] [INFO] Server :: Cluster with ProcessID '5576' has responded after it was forked! 
[2020-9-18 13:23:22] [INFO] Server :: Cluster with ProcessID '8824' Disconnected!
[2020-9-18 13:23:22] [INFO] Server :: Cluster with ProcessID '8824' is Dead with Code '1, and signal: 'null'
[2020-9-18 13:23:22] [INFO] Server :: Cluster with ProcessID '11568' has responded after it was forked! 
[2020-9-18 13:23:22] [INFO] Server :: Cluster with ProcessID '8332' Disconnected!
[2020-9-18 13:23:22] [INFO] Server :: Cluster with ProcessID '8332' is Dead with Code '1, and signal: 'null'
[2020-9-18 13:23:22] [INFO] Server :: Cluster with ProcessID '3604' Disconnected!
[2020-9-18 13:23:22] [INFO] Server :: Cluster with ProcessID '3604' is Dead with Code '1, and signal: 'null'
[2020-9-18 13:23:22] [INFO] Server :: Cluster with ProcessID '12232' has responded after it was forked! 
[2020-9-18 13:23:22] [INFO] Server :: Cluster with ProcessID '5748' has responded after it was forked! 
[2020-9-18 13:23:22] [INFO] Server :: Cluster with ProcessID '5576' Disconnected!
[2020-9-18 13:23:22] [INFO] Server :: Cluster with ProcessID '5576' is Dead with Code '1, and signal: 'null'
[2020-9-18 13:23:22] [INFO] Server :: Cluster with ProcessID '11568' Disconnected!
[2020-9-18 13:23:22] [INFO] Server :: Cluster with ProcessID '11568' is Dead with Code '1, and signal: 'null'
[2020-9-18 13:23:22] [INFO] Server :: Cluster with ProcessID '3188' has responded after it was forked! 
[2020-9-18 13:23:22] [INFO] Server :: Cluster with ProcessID '11516' has responded after it was forked! 
[2020-9-18 13:23:22] [INFO] Server :: Cluster with ProcessID '12232' Disconnected!
[2020-9-18 13:23:22] [INFO] Server :: Cluster with ProcessID '12232' is Dead with Code '1, and signal: 'null'
[2020-9-18 13:23:22] [INFO] Server :: Cluster with ProcessID '10296' has responded after it was forked! 
[2020-9-18 13:23:22] [INFO] Server :: Cluster with ProcessID '5748' Disconnected!
[2020-9-18 13:23:22] [INFO] Server :: Cluster with ProcessID '5748' is Dead with Code '1, and signal: 'null'
[2020-9-18 13:23:22] [INFO] Server :: Cluster with ProcessID '6116' has responded after it was forked! 
[2020-9-18 13:23:22] [INFO] Server :: Cluster with ProcessID '11516' Disconnected!
[2020-9-18 13:23:22] [INFO] Server :: Cluster with ProcessID '11516' is Dead with Code '1, and signal: 'null'
[2020-9-18 13:23:22] [INFO] Server :: Cluster with ProcessID '10296' Disconnected!
[2020-9-18 13:23:22] [INFO] Server :: Cluster with ProcessID '10296' is Dead with Code '1, and signal: 'null'
[2020-9-18 13:23:22] [INFO] Server :: Cluster with ProcessID '11728' has responded after it was forked! 
[2020-9-18 13:23:22] [INFO] Server :: Cluster with ProcessID '11672' has responded after it was forked! 
[2020-9-18 13:23:22] [INFO] Server :: Cluster with ProcessID '11672' Disconnected!
[2020-9-18 13:23:22] [INFO] Server :: Cluster with ProcessID '11672' is Dead with Code '1, and signal: 'null'
[2020-9-18 13:23:22] [INFO] Server :: Cluster with ProcessID '6116' Disconnected!
[2020-9-18 13:23:22] [INFO] Server :: Cluster with ProcessID '3188' Disconnected!
[2020-9-18 13:23:22] [INFO] Server :: Cluster with ProcessID '6116' is Dead with Code '1, and signal: 'null'
[2020-9-18 13:23:22] [INFO] Server :: Cluster with ProcessID '3188' is Dead with Code '1, and signal: 'null'
[2020-9-18 13:23:22] [INFO] Server :: Cluster with ProcessID '11876' has responded after it was forked! 
[2020-9-18 13:23:22] [INFO] Server :: Cluster with ProcessID '11964' has responded after it was forked! 
[2020-9-18 13:23:22] [INFO] Server :: Cluster with ProcessID '11944' has responded after it was forked! 
[2020-9-18 13:23:22] [INFO] Server :: Cluster with ProcessID '11728' Disconnected!
[2020-9-18 13:23:22] [INFO] Server :: Cluster with ProcessID '11728' is Dead with Code '1, and signal: 'null'
[2020-9-18 13:23:22] [INFO] Server :: Cluster with ProcessID '10668' has responded after it was forked! 
[2020-9-18 13:23:22] [INFO] Server :: Cluster with ProcessID '11876' Disconnected!
[2020-9-18 13:23:22] [INFO] Server :: Cluster with ProcessID '11876' is Dead with Code '1, and signal: 'null'
[2020-9-18 13:25:12] [INFO] Routes :: Mounting API Routes...
[2020-9-18 13:25:12] [INFO] Configuration :: Booting @ Master...
[2020-9-18 13:25:12] [INFO] Server :: Cluster with ProcessID '11312' has responded after it was forked! 
[2020-9-18 13:25:12] [INFO] Server :: Cluster with ProcessID '8524' has responded after it was forked! 
[2020-9-18 13:25:12] [INFO] Server :: Cluster with ProcessID '12260' has responded after it was forked! 
[2020-9-18 13:25:12] [INFO] Server :: Cluster with ProcessID '4544' has responded after it was forked! 
[2020-9-18 13:25:12] [INFO] Server :: Cluster with ProcessID '11312' Disconnected!
[2020-9-18 13:25:12] [INFO] Server :: Cluster with ProcessID '11312' is Dead with Code '1, and signal: 'null'
[2020-9-18 13:25:12] [INFO] Server :: Cluster with ProcessID '10944' has responded after it was forked! 
[2020-9-18 13:25:12] [INFO] Server :: Cluster with ProcessID '4544' Disconnected!
[2020-9-18 13:25:12] [INFO] Server :: Cluster with ProcessID '4544' is Dead with Code '1, and signal: 'null'
[2020-9-18 13:25:12] [INFO] Server :: Cluster with ProcessID '8524' Disconnected!
[2020-9-18 13:25:12] [INFO] Server :: Cluster with ProcessID '8524' is Dead with Code '1, and signal: 'null'
[2020-9-18 13:25:12] [INFO] Server :: Cluster with ProcessID '12260' Disconnected!
[2020-9-18 13:25:12] [INFO] Server :: Cluster with ProcessID '12260' is Dead with Code '1, and signal: 'null'
[2020-9-18 13:25:12] [INFO] Server :: Cluster with ProcessID '11804' has responded after it was forked! 
[2020-9-18 13:25:12] [INFO] Server :: Cluster with ProcessID '11808' has responded after it was forked! 
[2020-9-18 13:25:12] [INFO] Server :: Cluster with ProcessID '2232' has responded after it was forked! 
[2020-9-18 13:25:12] [INFO] Server :: Cluster with ProcessID '10944' Disconnected!
[2020-9-18 13:25:12] [INFO] Server :: Cluster with ProcessID '10944' is Dead with Code '1, and signal: 'null'
[2020-9-18 13:25:12] [INFO] Server :: Cluster with ProcessID '7704' has responded after it was forked! 
[2020-9-18 13:25:45] [INFO] Routes :: Mounting API Routes...
[2020-9-18 13:25:45] [INFO] Configuration :: Booting @ Master...
[2020-9-18 13:25:45] [INFO] Server :: Cluster with ProcessID '7952' has responded after it was forked! 
[2020-9-18 13:25:45] [INFO] Server :: Cluster with ProcessID '9820' has responded after it was forked! 
[2020-9-18 13:25:45] [INFO] Server :: Cluster with ProcessID '5580' has responded after it was forked! 
[2020-9-18 13:25:45] [INFO] Server :: Cluster with ProcessID '4372' has responded after it was forked! 
[2020-9-18 13:25:55] [INFO] Routes :: Mounting API Routes...
[2020-9-18 13:25:55] [INFO] Server :: Booting @ Master...
[2020-9-18 13:25:45] [INFO] Server :: Cluster with ProcessID '5580' Connected!
[2020-9-18 13:25:55] [INFO] Routes :: Mounting API Routes...
[2020-9-18 13:25:55] [INFO] Server :: Booting @ Master...
[2020-9-18 13:25:45] [INFO] Server :: Cluster with ProcessID '9820' Connected!
[2020-9-18 13:25:55] [INFO] Routes :: Mounting API Routes...
[2020-9-18 13:25:55] [INFO] Server :: Booting @ Master...
[2020-9-18 13:25:45] [INFO] Server :: Cluster with ProcessID '7952' Connected!
[2020-9-18 13:25:55] [INFO] Routes :: Mounting API Routes...
[2020-9-18 13:25:55] [INFO] Server :: Booting @ Master...
[2020-9-18 13:25:45] [INFO] Server :: Cluster with ProcessID '4372' Connected!
[2020-9-18 13:26:26] [INFO] Routes :: Mounting API Routes...
[2020-9-18 13:26:26] [INFO] Configuration :: Booting @ Master...
[2020-9-18 13:26:26] [INFO] Server :: Cluster with ProcessID '4892' has responded after it was forked! 
[2020-9-18 13:26:26] [INFO] Server :: Cluster with ProcessID '12084' has responded after it was forked! 
[2020-9-18 13:26:26] [INFO] Server :: Cluster with ProcessID '11892' has responded after it was forked! 
[2020-9-18 13:26:26] [INFO] Server :: Cluster with ProcessID '5496' has responded after it was forked! 
[2020-9-18 13:26:34] [INFO] Routes :: Mounting API Routes...
[2020-9-18 13:26:34] [INFO] Server :: Booting @ Master...
[2020-9-18 13:26:26] [INFO] Server :: Cluster with ProcessID '4892' Connected!
[2020-9-18 13:26:34] [INFO] Routes :: Mounting API Routes...
[2020-9-18 13:26:34] [INFO] Server :: Booting @ Master...
[2020-9-18 13:26:26] [INFO] Server :: Cluster with ProcessID '11892' Connected!
[2020-9-18 13:26:34] [INFO] Routes :: Mounting API Routes...
[2020-9-18 13:26:34] [INFO] Server :: Booting @ Master...
[2020-9-18 13:26:26] [INFO] Server :: Cluster with ProcessID '5496' Connected!
[2020-9-18 13:26:34] [INFO] Routes :: Mounting API Routes...
[2020-9-18 13:26:34] [INFO] Server :: Booting @ Master...
[2020-9-18 13:26:26] [INFO] Server :: Cluster with ProcessID '12084' Connected!
[2020-9-18 13:26:26] [INFO] Worker :: Booting @ Master...
