[2020-9-20 14:26:37] [INFO] Routes :: Mounting API Routes...
[2020-9-20 14:26:37] [INFO] Booting the 'HTTP' middleware...
[2020-9-20 14:26:37] [INFO] Booting the 'Statics' middleware...
[2020-9-20 14:26:37] [INFO] Configuration :: Booting @ Master...
[2020-9-20 14:26:37] [INFO] Server :: Cluster with ProcessID '4008' has responded after it was forked! 
[2020-9-20 14:26:37] [INFO] Server :: Cluster with ProcessID '9936' has responded after it was forked! 
[2020-9-20 14:26:37] [INFO] Server :: Cluster with ProcessID '9472' has responded after it was forked! 
[2020-9-20 14:26:37] [INFO] Server :: Cluster with ProcessID '6592' has responded after it was forked! 
[2020-9-20 14:26:37] [INFO] Routes :: Mounting API Routes...
[2020-9-20 14:26:37] [INFO] Booting the 'HTTP' middleware...
[2020-9-20 14:26:37] [INFO] Booting the 'Statics' middleware...
[2020-9-20 14:26:37] [INFO] Server :: Booting @ Master...
[2020-9-20 14:26:37] [INFO] Server :: Cluster with ProcessID '9936' Connected!
[2020-9-20 14:26:37] [INFO] Routes :: Mounting API Routes...
[2020-9-20 14:26:37] [INFO] Booting the 'HTTP' middleware...
[2020-9-20 14:26:37] [INFO] Booting the 'Statics' middleware...
[2020-9-20 14:26:37] [INFO] Server :: Booting @ Master...
[2020-9-20 14:26:37] [INFO] Server :: Cluster with ProcessID '9472' Connected!
[2020-9-20 14:26:37] [INFO] Routes :: Mounting API Routes...
[2020-9-20 14:26:37] [INFO] Booting the 'HTTP' middleware...
[2020-9-20 14:26:37] [INFO] Booting the 'Statics' middleware...
[2020-9-20 14:26:37] [INFO] Server :: Booting @ Master...
[2020-9-20 14:26:37] [INFO] Server :: Cluster with ProcessID '4008' Connected!
[2020-9-20 14:26:37] [INFO] Routes :: Mounting API Routes...
[2020-9-20 14:26:37] [INFO] Booting the 'HTTP' middleware...
[2020-9-20 14:26:37] [INFO] Booting the 'Statics' middleware...
[2020-9-20 14:26:37] [INFO] Server :: Booting @ Master...
[2020-9-20 14:26:37] [INFO] Server :: Cluster with ProcessID '6592' Connected!
