[2020-9-23 14:40:57] [INFO] Booting the 'HTTP' middleware...
[2020-9-23 14:40:57] [INFO] Booting the 'Statics' middleware...
[2020-9-23 14:40:57] [INFO] Configuration :: Booting @ Master...
[2020-9-23 14:40:57] [INFO] Routes :: Mounting API Routes...
[2020-9-23 14:40:57] [INFO] Server :: Cluster with ProcessID '7552' has responded after it was forked! 
[2020-9-23 14:40:57] [INFO] Server :: Cluster with ProcessID '1428' has responded after it was forked! 
[2020-9-23 14:40:57] [INFO] Server :: Cluster with ProcessID '7636' has responded after it was forked! 
[2020-9-23 14:40:57] [INFO] Server :: Cluster with ProcessID '1080' has responded after it was forked! 
[2020-9-23 14:41:3] [INFO] Routes :: Mounting API Routes...
[2020-9-23 14:41:3] [INFO] Database :: Booting @ Master...
[2020-9-23 14:41:3] [INFO] Server :: Booting @ Master...
[2020-9-23 14:41:3] [INFO] Booting the 'HTTP' middleware...
[2020-9-23 14:41:3] [INFO] Booting the 'Statics' middleware...
[2020-9-23 14:41:3] [INFO] Routes :: Mounting API Routes...
[2020-9-23 14:41:3] [INFO] Booting the 'HTTP' middleware...
[2020-9-23 14:41:3] [INFO] Booting the 'Statics' middleware...
[2020-9-23 14:41:3] [INFO] Database :: Booting @ Master...
[2020-9-23 14:41:3] [INFO] Server :: Booting @ Master...
[2020-9-23 14:41:3] [INFO] Routes :: Mounting API Routes...
[2020-9-23 14:41:3] [INFO] Booting the 'HTTP' middleware...
[2020-9-23 14:41:3] [INFO] Booting the 'Statics' middleware...
[2020-9-23 14:41:3] [INFO] Database :: Booting @ Master...
[2020-9-23 14:41:3] [INFO] Server :: Booting @ Master...
[2020-9-23 14:40:57] [INFO] Server :: Cluster with ProcessID '7552' Connected!
[2020-9-23 14:40:57] [INFO] Server :: Cluster with ProcessID '1080' Connected!
[2020-9-23 14:40:57] [INFO] Server :: Cluster with ProcessID '7636' Connected!
[2020-9-23 14:41:3] [INFO] Connected to oracledb server at : localhost:1521/orcl
[2020-9-23 14:41:3] [INFO] Connected to oracledb server at : localhost:1521/orcl
[2020-9-23 14:41:3] [INFO] Connected to oracledb server at : localhost:1521/orcl
[2020-9-23 14:41:3] [INFO] Routes :: Mounting API Routes...
[2020-9-23 14:41:3] [INFO] Booting the 'HTTP' middleware...
[2020-9-23 14:41:3] [INFO] Booting the 'Statics' middleware...
[2020-9-23 14:41:3] [INFO] Database :: Booting @ Master...
[2020-9-23 14:41:3] [INFO] Server :: Booting @ Master...
[2020-9-23 14:40:57] [INFO] Server :: Cluster with ProcessID '1428' Connected!
[2020-9-23 14:41:3] [INFO] Connected to oracledb server at : localhost:1521/orcl
[2020-9-23 14:41:3] [INFO] Success created table
[2020-9-23 14:41:3] [INFO] Success created table
[2020-9-23 14:43:41] [INFO] Routes :: Mounting API Routes...
[2020-9-23 14:43:41] [INFO] Booting the 'HTTP' middleware...
[2020-9-23 14:43:41] [INFO] Booting the 'Statics' middleware...
[2020-9-23 14:43:41] [INFO] Configuration :: Booting @ Master...
[2020-9-23 14:43:41] [INFO] Server :: Cluster with ProcessID '3512' has responded after it was forked! 
[2020-9-23 14:43:41] [INFO] Server :: Cluster with ProcessID '5572' has responded after it was forked! 
[2020-9-23 14:43:41] [INFO] Server :: Cluster with ProcessID '6756' has responded after it was forked! 
[2020-9-23 14:43:41] [INFO] Server :: Cluster with ProcessID '4452' has responded after it was forked! 
[2020-9-23 14:43:47] [INFO] Routes :: Mounting API Routes...
[2020-9-23 14:43:47] [INFO] Booting the 'HTTP' middleware...
[2020-9-23 14:43:47] [INFO] Booting the 'Statics' middleware...
[2020-9-23 14:43:47] [INFO] Database :: Booting @ Master...
[2020-9-23 14:43:47] [INFO] Server :: Booting @ Master...
[2020-9-23 14:43:47] [INFO] Routes :: Mounting API Routes...
[2020-9-23 14:43:47] [INFO] Routes :: Mounting API Routes...
[2020-9-23 14:43:47] [INFO] Booting the 'HTTP' middleware...
[2020-9-23 14:43:47] [INFO] Booting the 'Statics' middleware...
[2020-9-23 14:43:47] [INFO] Booting the 'Statics' middleware...
[2020-9-23 14:43:47] [INFO] Server :: Booting @ Master...
[2020-9-23 14:43:47] [INFO] Database :: Booting @ Master...
[2020-9-23 14:43:47] [INFO] Server :: Booting @ Master...
[2020-9-23 14:43:47] [INFO] Booting the 'HTTP' middleware...
[2020-9-23 14:43:47] [INFO] Database :: Booting @ Master...
[2020-9-23 14:43:41] [INFO] Server :: Cluster with ProcessID '5572' Connected!
[2020-9-23 14:43:41] [INFO] Server :: Cluster with ProcessID '4452' Connected!
[2020-9-23 14:43:41] [INFO] Server :: Cluster with ProcessID '6756' Connected!
[2020-9-23 14:43:47] [INFO] Connected to oracledb server at : localhost:1521/orcl
[2020-9-23 14:43:47] [INFO] Connected to oracledb server at : localhost:1521/orcl
[2020-9-23 14:43:47] [INFO] Routes :: Mounting API Routes...
[2020-9-23 14:43:47] [INFO] Booting the 'HTTP' middleware...
[2020-9-23 14:43:47] [INFO] Booting the 'Statics' middleware...
[2020-9-23 14:43:47] [INFO] Database :: Booting @ Master...
[2020-9-23 14:43:47] [INFO] Server :: Booting @ Master...
[2020-9-23 14:43:41] [INFO] Server :: Cluster with ProcessID '3512' Connected!
[2020-9-23 14:43:47] [INFO] Connected to oracledb server at : localhost:1521/orcl
[2020-9-23 14:43:47] [INFO] Connected to oracledb server at : localhost:1521/orcl
[2020-9-23 14:43:41] [INFO] Server :: Cluster with ProcessID '5572' Disconnected!
[2020-9-23 14:43:41] [INFO] Server :: Cluster with ProcessID '3512' Disconnected!
[2020-9-23 14:43:41] [INFO] Server :: Cluster with ProcessID '6756' Disconnected!
[2020-9-23 14:43:41] [INFO] Server :: Cluster with ProcessID '4452' Disconnected!
[2020-9-23 14:43:41] [INFO] Server :: Cluster with ProcessID '3512' is Dead with Code '1, and signal: 'null'
[2020-9-23 14:43:41] [INFO] Server :: Cluster with ProcessID '5572' is Dead with Code '1, and signal: 'null'
[2020-9-23 14:43:41] [INFO] Server :: Cluster with ProcessID '6756' is Dead with Code '1, and signal: 'null'
[2020-9-23 14:44:12] [INFO] Routes :: Mounting API Routes...
[2020-9-23 14:44:12] [INFO] Booting the 'HTTP' middleware...
[2020-9-23 14:44:12] [INFO] Booting the 'Statics' middleware...
[2020-9-23 14:44:12] [INFO] Configuration :: Booting @ Master...
[2020-9-23 14:44:12] [INFO] Server :: Cluster with ProcessID '5880' has responded after it was forked! 
[2020-9-23 14:44:12] [INFO] Server :: Cluster with ProcessID '1108' has responded after it was forked! 
[2020-9-23 14:44:12] [INFO] Server :: Cluster with ProcessID '3220' has responded after it was forked! 
[2020-9-23 14:44:12] [INFO] Server :: Cluster with ProcessID '10820' has responded after it was forked! 
[2020-9-23 14:44:17] [INFO] Routes :: Mounting API Routes...
[2020-9-23 14:44:17] [INFO] Booting the 'HTTP' middleware...
[2020-9-23 14:44:17] [INFO] Booting the 'Statics' middleware...
[2020-9-23 14:44:17] [INFO] Database :: Booting @ Master...
[2020-9-23 14:44:17] [INFO] Server :: Booting @ Master...
[2020-9-23 14:44:12] [INFO] Server :: Cluster with ProcessID '5880' Connected!
[2020-9-23 14:44:17] [INFO] Routes :: Mounting API Routes...
[2020-9-23 14:44:17] [INFO] Booting the 'HTTP' middleware...
[2020-9-23 14:44:17] [INFO] Booting the 'Statics' middleware...
[2020-9-23 14:44:17] [INFO] Database :: Booting @ Master...
[2020-9-23 14:44:17] [INFO] Server :: Booting @ Master...
[2020-9-23 14:44:12] [INFO] Server :: Cluster with ProcessID '10820' Connected!
[2020-9-23 14:44:17] [INFO] Routes :: Mounting API Routes...
[2020-9-23 14:44:17] [INFO] Booting the 'HTTP' middleware...
[2020-9-23 14:44:17] [INFO] Booting the 'Statics' middleware...
[2020-9-23 14:44:17] [INFO] Database :: Booting @ Master...
[2020-9-23 14:44:17] [INFO] Server :: Booting @ Master...
[2020-9-23 14:44:12] [INFO] Server :: Cluster with ProcessID '1108' Connected!
[2020-9-23 14:44:17] [INFO] Connected to oracledb server at : localhost:1521/orcl
[2020-9-23 14:44:17] [INFO] Routes :: Mounting API Routes...
[2020-9-23 14:44:17] [INFO] Booting the 'HTTP' middleware...
[2020-9-23 14:44:17] [INFO] Booting the 'Statics' middleware...
[2020-9-23 14:44:17] [INFO] Database :: Booting @ Master...
[2020-9-23 14:44:17] [INFO] Server :: Booting @ Master...
[2020-9-23 14:44:17] [INFO] Connected to oracledb server at : localhost:1521/orcl
[2020-9-23 14:44:12] [INFO] Server :: Cluster with ProcessID '3220' Connected!
[2020-9-23 14:44:17] [INFO] Connected to oracledb server at : localhost:1521/orcl
[2020-9-23 14:44:17] [INFO] Connected to oracledb server at : localhost:1521/orcl
[2020-9-23 14:44:12] [INFO] Server :: Cluster with ProcessID '5880' Disconnected!
[2020-9-23 14:44:12] [INFO] Server :: Cluster with ProcessID '3220' Disconnected!
[2020-9-23 14:44:12] [INFO] Server :: Cluster with ProcessID '1108' Disconnected!
[2020-9-23 14:44:12] [INFO] Server :: Cluster with ProcessID '3220' is Dead with Code '1, and signal: 'null'
[2020-9-23 14:44:31] [INFO] Routes :: Mounting API Routes...
[2020-9-23 14:44:31] [INFO] Booting the 'HTTP' middleware...
[2020-9-23 14:44:31] [INFO] Booting the 'Statics' middleware...
[2020-9-23 14:44:31] [INFO] Configuration :: Booting @ Master...
[2020-9-23 14:44:31] [INFO] Server :: Cluster with ProcessID '1936' has responded after it was forked! 
[2020-9-23 14:44:31] [INFO] Server :: Cluster with ProcessID '10368' has responded after it was forked! 
[2020-9-23 14:44:31] [INFO] Server :: Cluster with ProcessID '6460' has responded after it was forked! 
[2020-9-23 14:44:31] [INFO] Server :: Cluster with ProcessID '9288' has responded after it was forked! 
[2020-9-23 14:44:38] [INFO] Routes :: Mounting API Routes...
[2020-9-23 14:44:38] [INFO] Booting the 'HTTP' middleware...
[2020-9-23 14:44:38] [INFO] Booting the 'Statics' middleware...
[2020-9-23 14:44:38] [INFO] Database :: Booting @ Master...
[2020-9-23 14:44:38] [INFO] Server :: Booting @ Master...
[2020-9-23 14:44:38] [INFO] Routes :: Mounting API Routes...
[2020-9-23 14:44:38] [INFO] Booting the 'HTTP' middleware...
[2020-9-23 14:44:38] [INFO] Booting the 'Statics' middleware...
[2020-9-23 14:44:38] [INFO] Database :: Booting @ Master...
[2020-9-23 14:44:38] [INFO] Server :: Booting @ Master...
[2020-9-23 14:44:31] [INFO] Server :: Cluster with ProcessID '1936' Connected!
[2020-9-23 14:44:31] [INFO] Server :: Cluster with ProcessID '9288' Connected!
[2020-9-23 14:44:38] [INFO] Routes :: Mounting API Routes...
[2020-9-23 14:44:38] [INFO] Booting the 'HTTP' middleware...
[2020-9-23 14:44:38] [INFO] Booting the 'Statics' middleware...
[2020-9-23 14:44:38] [INFO] Database :: Booting @ Master...
[2020-9-23 14:44:38] [INFO] Server :: Booting @ Master...
[2020-9-23 14:44:31] [INFO] Server :: Cluster with ProcessID '10368' Connected!
[2020-9-23 14:44:38] [INFO] Connected to oracledb server at : localhost:1521/orcl
[2020-9-23 14:44:38] [INFO] Connected to oracledb server at : localhost:1521/orcl
[2020-9-23 14:44:38] [INFO] Connected to oracledb server at : localhost:1521/orcl
[2020-9-23 14:44:38] [INFO] Routes :: Mounting API Routes...
[2020-9-23 14:44:38] [INFO] Booting the 'HTTP' middleware...
[2020-9-23 14:44:38] [INFO] Booting the 'Statics' middleware...
[2020-9-23 14:44:38] [INFO] Database :: Booting @ Master...
[2020-9-23 14:44:38] [INFO] Server :: Booting @ Master...
[2020-9-23 14:44:31] [INFO] Server :: Cluster with ProcessID '6460' Connected!
[2020-9-23 14:44:38] [INFO] Connected to oracledb server at : localhost:1521/orcl
[2020-9-23 14:45:57] [INFO] Routes :: Mounting API Routes...
[2020-9-23 14:45:57] [INFO] Booting the 'HTTP' middleware...
[2020-9-23 14:45:57] [INFO] Booting the 'Statics' middleware...
[2020-9-23 14:45:57] [INFO] Configuration :: Booting @ Master...
[2020-9-23 14:45:57] [INFO] Server :: Cluster with ProcessID '488' has responded after it was forked! 
[2020-9-23 14:45:57] [INFO] Server :: Cluster with ProcessID '8020' has responded after it was forked! 
[2020-9-23 14:45:57] [INFO] Server :: Cluster with ProcessID '7228' has responded after it was forked! 
[2020-9-23 14:45:57] [INFO] Server :: Cluster with ProcessID '5956' has responded after it was forked! 
[2020-9-23 14:46:3] [INFO] Routes :: Mounting API Routes...
[2020-9-23 14:46:3] [INFO] Booting the 'HTTP' middleware...
[2020-9-23 14:46:3] [INFO] Booting the 'Statics' middleware...
[2020-9-23 14:46:3] [INFO] Database :: Booting @ Master...
[2020-9-23 14:46:3] [INFO] Server :: Booting @ Master...
[2020-9-23 14:45:57] [INFO] Server :: Cluster with ProcessID '488' Connected!
[2020-9-23 14:46:3] [INFO] Routes :: Mounting API Routes...
[2020-9-23 14:46:3] [INFO] Booting the 'Statics' middleware...
[2020-9-23 14:46:3] [INFO] Booting the 'HTTP' middleware...
[2020-9-23 14:46:3] [INFO] Database :: Booting @ Master...
[2020-9-23 14:46:3] [INFO] Server :: Booting @ Master...
[2020-9-23 14:45:57] [INFO] Server :: Cluster with ProcessID '7228' Connected!
[2020-9-23 14:46:3] [INFO] Connected to oracledb server at : localhost:1521/orcl
[2020-9-23 14:46:3] [INFO] Connected to oracledb server at : localhost:1521/orcl
[2020-9-23 14:46:3] [INFO] Routes :: Mounting API Routes...
[2020-9-23 14:46:3] [INFO] Booting the 'HTTP' middleware...
[2020-9-23 14:46:3] [INFO] Booting the 'Statics' middleware...
[2020-9-23 14:46:3] [INFO] Database :: Booting @ Master...
[2020-9-23 14:46:3] [INFO] Server :: Booting @ Master...
[2020-9-23 14:45:57] [INFO] Server :: Cluster with ProcessID '5956' Connected!
[2020-9-23 14:46:3] [INFO] Connected to oracledb server at : localhost:1521/orcl
[2020-9-23 14:46:3] [INFO] Routes :: Mounting API Routes...
[2020-9-23 14:46:3] [INFO] Booting the 'Statics' middleware...
[2020-9-23 14:46:3] [INFO] Booting the 'HTTP' middleware...
[2020-9-23 14:46:3] [INFO] Server :: Booting @ Master...
[2020-9-23 14:46:3] [INFO] Database :: Booting @ Master...
[2020-9-23 14:45:57] [INFO] Server :: Cluster with ProcessID '8020' Connected!
[2020-9-23 14:46:3] [INFO] Connected to oracledb server at : localhost:1521/orcl
[2020-9-23 14:50:13] [INFO] Routes :: Mounting API Routes...
[2020-9-23 14:50:13] [INFO] Booting the 'HTTP' middleware...
[2020-9-23 14:50:13] [INFO] Booting the 'Statics' middleware...
[2020-9-23 14:50:13] [INFO] Configuration :: Booting @ Master...
[2020-9-23 14:50:13] [INFO] Server :: Cluster with ProcessID '2684' has responded after it was forked! 
[2020-9-23 14:50:13] [INFO] Server :: Cluster with ProcessID '9452' has responded after it was forked! 
[2020-9-23 14:50:13] [INFO] Server :: Cluster with ProcessID '5356' has responded after it was forked! 
[2020-9-23 14:50:13] [INFO] Server :: Cluster with ProcessID '3536' has responded after it was forked! 
[2020-9-23 14:50:19] [INFO] Routes :: Mounting API Routes...
[2020-9-23 14:50:19] [INFO] Booting the 'HTTP' middleware...
[2020-9-23 14:50:19] [INFO] Booting the 'Statics' middleware...
[2020-9-23 14:50:19] [INFO] Database :: Booting @ Master...
[2020-9-23 14:50:19] [INFO] Server :: Booting @ Master...
[2020-9-23 14:50:13] [INFO] Server :: Cluster with ProcessID '5356' Connected!
[2020-9-23 14:50:19] [INFO] Routes :: Mounting API Routes...
[2020-9-23 14:50:19] [INFO] Booting the 'HTTP' middleware...
[2020-9-23 14:50:19] [INFO] Booting the 'Statics' middleware...
[2020-9-23 14:50:19] [INFO] Database :: Booting @ Master...
[2020-9-23 14:50:19] [INFO] Server :: Booting @ Master...
[2020-9-23 14:50:13] [INFO] Server :: Cluster with ProcessID '9452' Connected!
[2020-9-23 14:50:19] [INFO] Routes :: Mounting API Routes...
[2020-9-23 14:50:19] [INFO] Booting the 'HTTP' middleware...
[2020-9-23 14:50:19] [INFO] Booting the 'Statics' middleware...
[2020-9-23 14:50:19] [INFO] Database :: Booting @ Master...
[2020-9-23 14:50:19] [INFO] Server :: Booting @ Master...
[2020-9-23 14:50:13] [INFO] Server :: Cluster with ProcessID '2684' Connected!
[2020-9-23 14:50:19] [INFO] Routes :: Mounting API Routes...
[2020-9-23 14:50:19] [INFO] Booting the 'HTTP' middleware...
[2020-9-23 14:50:19] [INFO] Booting the 'Statics' middleware...
[2020-9-23 14:50:19] [INFO] Database :: Booting @ Master...
[2020-9-23 14:50:19] [INFO] Server :: Booting @ Master...
[2020-9-23 14:50:13] [INFO] Server :: Cluster with ProcessID '3536' Connected!
[2020-9-23 14:50:19] [INFO] Connected to oracledb server at : localhost:1521/orcl
[2020-9-23 14:50:19] [INFO] Connected to oracledb server at : localhost:1521/orcl
[2020-9-23 14:50:19] [INFO] Connected to oracledb server at : localhost:1521/orcl
[2020-9-23 14:50:19] [INFO] Connected to oracledb server at : localhost:1521/orcl
[2020-9-23 14:50:13] [INFO] Server :: Cluster with ProcessID '5356' Disconnected!
[2020-9-23 14:50:13] [INFO] Server :: Cluster with ProcessID '2684' Disconnected!
[2020-9-23 14:50:13] [INFO] Server :: Cluster with ProcessID '3536' Disconnected!
[2020-9-23 14:50:13] [INFO] Server :: Cluster with ProcessID '5356' is Dead with Code '1, and signal: 'null'
[2020-9-23 14:50:13] [INFO] Server :: Cluster with ProcessID '9452' Disconnected!
[2020-9-23 14:52:21] [INFO] Routes :: Mounting API Routes...
[2020-9-23 14:52:21] [INFO] Booting the 'HTTP' middleware...
[2020-9-23 14:52:21] [INFO] Booting the 'Statics' middleware...
[2020-9-23 14:52:21] [INFO] Configuration :: Booting @ Master...
[2020-9-23 14:52:21] [INFO] Server :: Cluster with ProcessID '8372' has responded after it was forked! 
[2020-9-23 14:52:21] [INFO] Server :: Cluster with ProcessID '3304' has responded after it was forked! 
[2020-9-23 14:52:21] [INFO] Server :: Cluster with ProcessID '10552' has responded after it was forked! 
[2020-9-23 14:52:21] [INFO] Server :: Cluster with ProcessID '7680' has responded after it was forked! 
[2020-9-23 14:52:27] [INFO] Routes :: Mounting API Routes...
[2020-9-23 14:52:27] [INFO] Booting the 'HTTP' middleware...
[2020-9-23 14:52:27] [INFO] Booting the 'Statics' middleware...
[2020-9-23 14:52:27] [INFO] Database :: Booting @ Master...
[2020-9-23 14:52:27] [INFO] Server :: Booting @ Master...
[2020-9-23 14:52:21] [INFO] Server :: Cluster with ProcessID '7680' Connected!
[2020-9-23 14:52:27] [INFO] Routes :: Mounting API Routes...
[2020-9-23 14:52:27] [INFO] Booting the 'HTTP' middleware...
[2020-9-23 14:52:27] [INFO] Booting the 'Statics' middleware...
[2020-9-23 14:52:27] [INFO] Database :: Booting @ Master...
[2020-9-23 14:52:27] [INFO] Server :: Booting @ Master...
[2020-9-23 14:52:27] [INFO] Routes :: Mounting API Routes...
[2020-9-23 14:52:27] [INFO] Booting the 'HTTP' middleware...
[2020-9-23 14:52:27] [INFO] Booting the 'Statics' middleware...
[2020-9-23 14:52:27] [INFO] Database :: Booting @ Master...
[2020-9-23 14:52:27] [INFO] Server :: Booting @ Master...
[2020-9-23 14:52:21] [INFO] Server :: Cluster with ProcessID '8372' Connected!
[2020-9-23 14:52:21] [INFO] Server :: Cluster with ProcessID '10552' Connected!
[2020-9-23 14:52:27] [INFO] Connected to oracledb server at : localhost:1521/orcl
[2020-9-23 14:52:27] [INFO] Connected to oracledb server at : localhost:1521/orcl
[2020-9-23 14:52:27] [INFO] Connected to oracledb server at : localhost:1521/orcl
[2020-9-23 14:52:27] [INFO] Routes :: Mounting API Routes...
[2020-9-23 14:52:27] [INFO] Booting the 'HTTP' middleware...
[2020-9-23 14:52:27] [INFO] Booting the 'Statics' middleware...
[2020-9-23 14:52:27] [INFO] Database :: Booting @ Master...
[2020-9-23 14:52:27] [INFO] Server :: Booting @ Master...
[2020-9-23 14:52:21] [INFO] Server :: Cluster with ProcessID '3304' Connected!
[2020-9-23 14:52:27] [INFO] Connected to oracledb server at : localhost:1521/orcl
[2020-9-23 14:52:21] [INFO] Server :: Cluster with ProcessID '8372' Disconnected!
[2020-9-23 14:52:21] [INFO] Server :: Cluster with ProcessID '3304' Disconnected!
[2020-9-23 14:52:21] [INFO] Server :: Cluster with ProcessID '10552' Disconnected!
[2020-9-23 14:53:20] [INFO] Routes :: Mounting API Routes...
[2020-9-23 14:53:20] [INFO] Booting the 'HTTP' middleware...
[2020-9-23 14:53:20] [INFO] Booting the 'Statics' middleware...
[2020-9-23 14:53:20] [INFO] Configuration :: Booting @ Master...
[2020-9-23 14:53:20] [INFO] Server :: Cluster with ProcessID '5656' has responded after it was forked! 
[2020-9-23 14:53:20] [INFO] Server :: Cluster with ProcessID '5536' has responded after it was forked! 
[2020-9-23 14:53:20] [INFO] Server :: Cluster with ProcessID '6704' has responded after it was forked! 
[2020-9-23 14:53:20] [INFO] Server :: Cluster with ProcessID '4724' has responded after it was forked! 
[2020-9-23 14:53:25] [INFO] Routes :: Mounting API Routes...
[2020-9-23 14:53:25] [INFO] Booting the 'HTTP' middleware...
[2020-9-23 14:53:25] [INFO] Booting the 'Statics' middleware...
[2020-9-23 14:53:25] [INFO] Database :: Booting @ Master...
[2020-9-23 14:53:25] [INFO] Server :: Booting @ Master...
[2020-9-23 14:53:20] [INFO] Server :: Cluster with ProcessID '4724' Connected!
[2020-9-23 14:53:25] [INFO] Routes :: Mounting API Routes...
[2020-9-23 14:53:25] [INFO] Booting the 'HTTP' middleware...
[2020-9-23 14:53:25] [INFO] Booting the 'Statics' middleware...
[2020-9-23 14:53:25] [INFO] Database :: Booting @ Master...
[2020-9-23 14:53:25] [INFO] Server :: Booting @ Master...
[2020-9-23 14:53:20] [INFO] Server :: Cluster with ProcessID '5656' Connected!
[2020-9-23 14:53:25] [INFO] Routes :: Mounting API Routes...
[2020-9-23 14:53:25] [INFO] Booting the 'HTTP' middleware...
[2020-9-23 14:53:25] [INFO] Booting the 'Statics' middleware...
[2020-9-23 14:53:25] [INFO] Database :: Booting @ Master...
[2020-9-23 14:53:25] [INFO] Server :: Booting @ Master...
[2020-9-23 14:53:20] [INFO] Server :: Cluster with ProcessID '6704' Connected!
[2020-9-23 14:53:25] [INFO] Connected to oracledb server at : localhost:1521/orcl
[2020-9-23 14:53:25] [INFO] Routes :: Mounting API Routes...
[2020-9-23 14:53:25] [INFO] Booting the 'HTTP' middleware...
[2020-9-23 14:53:25] [INFO] Booting the 'Statics' middleware...
[2020-9-23 14:53:25] [INFO] Database :: Booting @ Master...
[2020-9-23 14:53:25] [INFO] Server :: Booting @ Master...
[2020-9-23 14:53:20] [INFO] Server :: Cluster with ProcessID '5536' Connected!
[2020-9-23 14:53:25] [INFO] Connected to oracledb server at : localhost:1521/orcl
[2020-9-23 14:53:25] [INFO] Connected to oracledb server at : localhost:1521/orcl
[2020-9-23 14:53:25] [INFO] Connected to oracledb server at : localhost:1521/orcl
