[2020-9-27 19:51:21] [INFO] Routes :: Mounting API Routes...
[2020-9-27 19:51:21] [INFO] Booting the 'HTTP' middleware...
[2020-9-27 19:51:21] [INFO] Booting the 'Statics' middleware...
[2020-9-27 19:51:21] [INFO] Database :: Booting @ Master...
[2020-9-27 19:51:21] [INFO] Configuration :: Booting @ Master...
[2020-9-27 19:51:21] [INFO] Server :: Booting @ Master...
[2020-9-27 19:51:21] [INFO] Connected to oracledb server at : localhost:1521/orcl
[2020-9-27 19:51:21] [INFO] Database :: Creating Tables...
[2020-9-27 19:51:21] [INFO] Success created table
[2020-9-27 19:51:21] [INFO] Error with creating table
[2020-9-27 19:51:21] [INFO] Error with creating table
[2020-9-27 19:51:21] [INFO] Success created table
[2020-9-27 19:51:21] [INFO] Success created table
[2020-9-27 19:51:21] [INFO] Error with creating table
[2020-9-27 19:51:21] [INFO] Error with creating table
[2020-9-27 19:51:21] [INFO] Error with creating table
[2020-9-27 19:53:10] [INFO] Routes :: Mounting API Routes...
[2020-9-27 19:53:10] [INFO] Booting the 'HTTP' middleware...
[2020-9-27 19:53:10] [INFO] Booting the 'Statics' middleware...
[2020-9-27 19:53:10] [INFO] Database :: Booting @ Master...
[2020-9-27 19:53:10] [INFO] Configuration :: Booting @ Master...
[2020-9-27 19:53:10] [INFO] Server :: Booting @ Master...
[2020-9-27 19:53:10] [INFO] Connected to oracledb server at : localhost:1521/orcl
[2020-9-27 19:53:10] [INFO] Database :: Creating Tables...
[2020-9-27 20:2:53] [INFO] Routes :: Mounting API Routes...
[2020-9-27 20:2:53] [INFO] Booting the 'HTTP' middleware...
[2020-9-27 20:2:53] [INFO] Booting the 'Statics' middleware...
[2020-9-27 20:2:53] [INFO] Database :: Booting @ Master...
[2020-9-27 20:2:53] [INFO] Configuration :: Booting @ Master...
[2020-9-27 20:2:53] [INFO] Server :: Booting @ Master...
[2020-9-27 20:2:53] [INFO] Connected to oracledb server at : localhost:1521/orcl
[2020-9-27 20:2:53] [INFO] Database :: Creating Tables...
[2020-9-27 20:3:48] [INFO] Routes :: Mounting API Routes...
[2020-9-27 20:3:48] [INFO] Booting the 'HTTP' middleware...
[2020-9-27 20:3:48] [INFO] Booting the 'Statics' middleware...
[2020-9-27 20:3:48] [INFO] Database :: Booting @ Master...
[2020-9-27 20:3:48] [INFO] Configuration :: Booting @ Master...
[2020-9-27 20:3:48] [INFO] Server :: Booting @ Master...
[2020-9-27 20:3:48] [INFO] Connected to oracledb server at : localhost:1521/orcl
[2020-9-27 20:3:48] [INFO] Database :: Creating Tables...
[2020-9-27 20:4:10] [INFO] Routes :: Mounting API Routes...
[2020-9-27 20:4:10] [INFO] Booting the 'HTTP' middleware...
[2020-9-27 20:4:10] [INFO] Booting the 'Statics' middleware...
[2020-9-27 20:4:10] [INFO] Database :: Booting @ Master...
[2020-9-27 20:4:10] [INFO] Configuration :: Booting @ Master...
[2020-9-27 20:4:10] [INFO] Server :: Booting @ Master...
[2020-9-27 20:4:10] [INFO] Database :: Creating Tables...
[2020-9-27 20:4:10] [INFO] Connected to oracledb server at : localhost:1521/orcl
[2020-9-27 20:5:15] [INFO] Routes :: Mounting API Routes...
[2020-9-27 20:5:15] [INFO] Booting the 'HTTP' middleware...
[2020-9-27 20:5:15] [INFO] Booting the 'Statics' middleware...
[2020-9-27 20:5:15] [INFO] Database :: Booting @ Master...
[2020-9-27 20:5:15] [INFO] Configuration :: Booting @ Master...
[2020-9-27 20:5:15] [INFO] Server :: Booting @ Master...
[2020-9-27 20:5:15] [INFO] Connected to oracledb server at : localhost:1521/orcl
[2020-9-27 20:5:15] [INFO] Database :: Creating Tables...
[2020-9-27 20:5:15] [INFO] Error with creating table
[2020-9-27 20:5:15] [INFO] Error with creating table
[2020-9-27 20:5:15] [INFO] Error with creating table
[2020-9-27 20:5:15] [INFO] Error with creating table
[2020-9-27 20:5:15] [INFO] Error with creating table
[2020-9-27 20:5:15] [INFO] Error with creating table
[2020-9-27 20:5:15] [INFO] Error with creating table
[2020-9-27 20:5:15] [INFO] Error with creating table
[2020-9-27 20:6:33] [INFO] Routes :: Mounting API Routes...
[2020-9-27 20:6:33] [INFO] Booting the 'HTTP' middleware...
[2020-9-27 20:6:33] [INFO] Booting the 'Statics' middleware...
[2020-9-27 20:6:33] [INFO] Database :: Booting @ Master...
[2020-9-27 20:6:33] [INFO] Configuration :: Booting @ Master...
[2020-9-27 20:6:33] [INFO] Server :: Booting @ Master...
[2020-9-27 20:6:33] [INFO] Database :: Creating Tables...
[2020-9-27 20:6:33] [INFO] Connected to oracledb server at : localhost:1521/orcl
[2020-9-27 20:6:33] [INFO] Success created table
[2020-9-27 20:6:33] [INFO] Error with creating table
[2020-9-27 20:6:33] [INFO] Error with creating table
[2020-9-27 20:6:33] [INFO] Success created table
[2020-9-27 20:6:33] [INFO] Error with creating table
[2020-9-27 20:6:33] [INFO] Error with creating table
[2020-9-27 20:6:33] [INFO] Success created table
[2020-9-27 20:6:33] [INFO] Error with creating table
[2020-9-27 20:13:10] [INFO] Routes :: Mounting API Routes...
[2020-9-27 20:13:10] [INFO] Booting the 'HTTP' middleware...
[2020-9-27 20:13:10] [INFO] Booting the 'Statics' middleware...
[2020-9-27 20:13:10] [INFO] Database :: Booting @ Master...
[2020-9-27 20:13:10] [INFO] Configuration :: Booting @ Master...
[2020-9-27 20:13:10] [INFO] Server :: Booting @ Master...
[2020-9-27 20:13:10] [INFO] Database :: Creating Tables...
[2020-9-27 20:13:10] [INFO] Connected to oracledb server at : localhost:1521/orcl
[2020-9-27 20:15:29] [INFO] Routes :: Mounting API Routes...
[2020-9-27 20:15:29] [INFO] Booting the 'HTTP' middleware...
[2020-9-27 20:15:29] [INFO] Booting the 'Statics' middleware...
[2020-9-27 20:15:29] [INFO] Database :: Booting @ Master...
[2020-9-27 20:15:29] [INFO] Configuration :: Booting @ Master...
[2020-9-27 20:15:29] [INFO] Server :: Booting @ Master...
[2020-9-27 20:15:29] [INFO] Connected to oracledb server at : localhost:1521/orcl
[2020-9-27 20:15:29] [INFO] Database :: Creating Tables...
[2020-9-27 20:15:39] [INFO] Routes :: Mounting API Routes...
[2020-9-27 20:15:39] [INFO] Booting the 'HTTP' middleware...
[2020-9-27 20:15:39] [INFO] Booting the 'Statics' middleware...
[2020-9-27 20:15:39] [INFO] Database :: Booting @ Master...
[2020-9-27 20:15:39] [INFO] Configuration :: Booting @ Master...
[2020-9-27 20:15:39] [INFO] Server :: Booting @ Master...
[2020-9-27 20:15:39] [INFO] Database :: Creating Tables...
[2020-9-27 20:15:39] [INFO] Connected to oracledb server at : localhost:1521/orcl
[2020-9-27 20:19:28] [INFO] Routes :: Mounting API Routes...
[2020-9-27 20:19:28] [INFO] Booting the 'HTTP' middleware...
[2020-9-27 20:19:28] [INFO] Booting the 'Statics' middleware...
[2020-9-27 20:19:28] [INFO] Database :: Booting @ Master...
[2020-9-27 20:19:28] [INFO] Configuration :: Booting @ Master...
[2020-9-27 20:19:28] [INFO] Server :: Booting @ Master...
[2020-9-27 20:19:28] [INFO] Connected to oracledb server at : localhost:1521/orcl
[2020-9-27 20:19:28] [INFO] Database :: Creating Tables...
[2020-9-27 20:20:2] [INFO] Routes :: Mounting API Routes...
[2020-9-27 20:20:2] [INFO] Booting the 'HTTP' middleware...
[2020-9-27 20:20:2] [INFO] Booting the 'Statics' middleware...
[2020-9-27 20:20:2] [INFO] Database :: Booting @ Master...
[2020-9-27 20:20:2] [INFO] Configuration :: Booting @ Master...
[2020-9-27 20:20:2] [INFO] Server :: Booting @ Master...
[2020-9-27 20:20:2] [INFO] Connected to oracledb server at : localhost:1521/orcl
[2020-9-27 20:20:2] [INFO] Database :: Creating Tables...
[2020-9-27 20:20:25] [INFO] Routes :: Mounting API Routes...
[2020-9-27 20:20:25] [INFO] Booting the 'HTTP' middleware...
[2020-9-27 20:20:25] [INFO] Database :: Booting @ Master...
[2020-9-27 20:20:25] [INFO] Booting the 'Statics' middleware...
[2020-9-27 20:20:25] [INFO] Configuration :: Booting @ Master...
[2020-9-27 20:20:25] [INFO] Server :: Booting @ Master...
[2020-9-27 20:20:25] [INFO] Connected to oracledb server at : localhost:1521/orcl
[2020-9-27 20:20:25] [INFO] Database :: Creating Tables...
[2020-9-27 20:20:37] [INFO] Booting the 'HTTP' middleware...
[2020-9-27 20:20:37] [INFO] Routes :: Mounting API Routes...
[2020-9-27 20:20:37] [INFO] Booting the 'Statics' middleware...
[2020-9-27 20:20:37] [INFO] Database :: Booting @ Master...
[2020-9-27 20:20:37] [INFO] Configuration :: Booting @ Master...
[2020-9-27 20:20:37] [INFO] Server :: Booting @ Master...
[2020-9-27 20:20:37] [INFO] Connected to oracledb server at : localhost:1521/orcl
[2020-9-27 20:20:37] [INFO] Database :: Creating Tables...
[2020-9-27 20:20:49] [INFO] Routes :: Mounting API Routes...
[2020-9-27 20:20:49] [INFO] Booting the 'HTTP' middleware...
[2020-9-27 20:20:49] [INFO] Booting the 'Statics' middleware...
[2020-9-27 20:20:49] [INFO] Database :: Booting @ Master...
[2020-9-27 20:20:49] [INFO] Configuration :: Booting @ Master...
[2020-9-27 20:20:49] [INFO] Server :: Booting @ Master...
[2020-9-27 20:20:49] [INFO] Connected to oracledb server at : localhost:1521/orcl
[2020-9-27 20:20:49] [INFO] Database :: Creating Tables...
[2020-9-27 20:21:49] [INFO] Routes :: Mounting API Routes...
[2020-9-27 20:21:49] [INFO] Booting the 'HTTP' middleware...
[2020-9-27 20:21:49] [INFO] Booting the 'Statics' middleware...
[2020-9-27 20:21:49] [INFO] Database :: Booting @ Master...
[2020-9-27 20:21:49] [INFO] Configuration :: Booting @ Master...
[2020-9-27 20:21:49] [INFO] Server :: Booting @ Master...
[2020-9-27 20:21:49] [INFO] Database :: Creating Tables...
[2020-9-27 20:21:49] [INFO] Connected to oracledb server at : localhost:1521/orcl
[2020-9-27 20:29:54] [INFO] Routes :: Mounting API Routes...
[2020-9-27 20:29:54] [INFO] Booting the 'HTTP' middleware...
[2020-9-27 20:29:54] [INFO] Booting the 'Statics' middleware...
[2020-9-27 20:29:54] [INFO] Database :: Booting @ Master...
[2020-9-27 20:29:54] [INFO] Configuration :: Booting @ Master...
[2020-9-27 20:29:54] [INFO] Server :: Booting @ Master...
[2020-9-27 20:29:54] [INFO] Connected to oracledb server at : localhost:1521/orcl
[2020-9-27 20:29:54] [INFO] Database :: Creating Tables...
[2020-9-27 20:31:15] [INFO] Routes :: Mounting API Routes...
[2020-9-27 20:31:15] [INFO] Booting the 'HTTP' middleware...
[2020-9-27 20:31:15] [INFO] Booting the 'Statics' middleware...
[2020-9-27 20:31:15] [INFO] Database :: Booting @ Master...
[2020-9-27 20:31:15] [INFO] Configuration :: Booting @ Master...
[2020-9-27 20:31:15] [INFO] Server :: Booting @ Master...
[2020-9-27 20:31:15] [INFO] Connected to oracledb server at : localhost:1521/orcl
[2020-9-27 20:31:15] [INFO] Database :: Creating Tables...
[2020-9-27 20:31:36] [INFO] Routes :: Mounting API Routes...
[2020-9-27 20:31:36] [INFO] Booting the 'HTTP' middleware...
[2020-9-27 20:31:36] [INFO] Booting the 'Statics' middleware...
[2020-9-27 20:31:36] [INFO] Database :: Booting @ Master...
[2020-9-27 20:31:36] [INFO] Configuration :: Booting @ Master...
[2020-9-27 20:31:36] [INFO] Server :: Booting @ Master...
[2020-9-27 20:31:36] [INFO] Connected to oracledb server at : localhost:1521/orcl
[2020-9-27 20:31:36] [INFO] Database :: Creating Tables...
[2020-9-27 20:34:9] [INFO] Routes :: Mounting API Routes...
[2020-9-27 20:34:9] [INFO] Booting the 'HTTP' middleware...
[2020-9-27 20:34:9] [INFO] Booting the 'Statics' middleware...
[2020-9-27 20:34:9] [INFO] Database :: Booting @ Master...
[2020-9-27 20:34:9] [INFO] Configuration :: Booting @ Master...
[2020-9-27 20:34:9] [INFO] Server :: Booting @ Master...
[2020-9-27 20:34:9] [INFO] Connected to oracledb server at : localhost:1521/orcl
[2020-9-27 20:34:9] [INFO] Database :: Creating Tables...
[2020-9-27 20:34:18] [INFO] Routes :: Mounting API Routes...
[2020-9-27 20:34:18] [INFO] Booting the 'HTTP' middleware...
[2020-9-27 20:34:18] [INFO] Booting the 'Statics' middleware...
[2020-9-27 20:34:18] [INFO] Database :: Booting @ Master...
[2020-9-27 20:34:18] [INFO] Configuration :: Booting @ Master...
[2020-9-27 20:34:18] [INFO] Server :: Booting @ Master...
[2020-9-27 20:34:18] [INFO] Connected to oracledb server at : localhost:1521/orcl
[2020-9-27 20:34:18] [INFO] Database :: Creating Tables...
[2020-9-27 20:34:55] [INFO] Routes :: Mounting API Routes...
[2020-9-27 20:34:55] [INFO] Booting the 'Statics' middleware...
[2020-9-27 20:34:55] [INFO] Booting the 'HTTP' middleware...
[2020-9-27 20:34:55] [INFO] Database :: Booting @ Master...
[2020-9-27 20:34:55] [INFO] Configuration :: Booting @ Master...
[2020-9-27 20:34:55] [INFO] Server :: Booting @ Master...
[2020-9-27 20:34:55] [INFO] Connected to oracledb server at : localhost:1521/orcl
[2020-9-27 20:34:55] [INFO] Database :: Creating Tables...
[2020-9-27 20:35:51] [INFO] Routes :: Mounting API Routes...
[2020-9-27 20:35:51] [INFO] Booting the 'HTTP' middleware...
[2020-9-27 20:35:51] [INFO] Booting the 'Statics' middleware...
[2020-9-27 20:35:51] [INFO] Database :: Booting @ Master...
[2020-9-27 20:35:51] [INFO] Configuration :: Booting @ Master...
[2020-9-27 20:35:51] [INFO] Server :: Booting @ Master...
[2020-9-27 20:35:51] [INFO] Connected to oracledb server at : localhost:1521/orcl
[2020-9-27 20:35:51] [INFO] Database :: Creating Tables...
[2020-9-27 20:39:28] [INFO] Routes :: Mounting API Routes...
[2020-9-27 20:39:28] [INFO] Booting the 'HTTP' middleware...
[2020-9-27 20:39:28] [INFO] Booting the 'Statics' middleware...
[2020-9-27 20:39:28] [INFO] Database :: Booting @ Master...
[2020-9-27 20:39:28] [INFO] Configuration :: Booting @ Master...
[2020-9-27 20:39:28] [INFO] Server :: Booting @ Master...
[2020-9-27 20:39:28] [INFO] Database :: Creating Tables...
[2020-9-27 20:39:28] [INFO] Connected to oracledb server at : localhost:1521/orcl
[2020-9-27 20:39:49] [INFO] Routes :: Mounting API Routes...
[2020-9-27 20:39:49] [INFO] Booting the 'HTTP' middleware...
[2020-9-27 20:39:49] [INFO] Booting the 'Statics' middleware...
[2020-9-27 20:39:49] [INFO] Database :: Booting @ Master...
[2020-9-27 20:39:49] [INFO] Configuration :: Booting @ Master...
[2020-9-27 20:39:49] [INFO] Server :: Booting @ Master...
[2020-9-27 20:39:49] [INFO] Connected to oracledb server at : localhost:1521/orcl
[2020-9-27 20:39:49] [INFO] Database :: Creating Tables...
[2020-9-27 20:40:46] [INFO] Booting the 'HTTP' middleware...
[2020-9-27 20:40:46] [INFO] Routes :: Mounting API Routes...
[2020-9-27 20:40:46] [INFO] Database :: Booting @ Master...
[2020-9-27 20:40:46] [INFO] Booting the 'Statics' middleware...
[2020-9-27 20:40:46] [INFO] Server :: Booting @ Master...
[2020-9-27 20:40:46] [INFO] Configuration :: Booting @ Master...
[2020-9-27 20:40:46] [INFO] Connected to oracledb server at : localhost:1521/orcl
[2020-9-27 20:40:46] [INFO] Database :: Creating Tables...
[2020-9-27 20:42:22] [INFO] Booting the 'HTTP' middleware...
[2020-9-27 20:42:22] [INFO] Routes :: Mounting API Routes...
[2020-9-27 20:42:22] [INFO] Database :: Booting @ Master...
[2020-9-27 20:42:22] [INFO] Booting the 'Statics' middleware...
[2020-9-27 20:42:22] [INFO] Configuration :: Booting @ Master...
[2020-9-27 20:42:22] [INFO] Server :: Booting @ Master...
[2020-9-27 20:42:22] [INFO] Connected to oracledb server at : localhost:1521/orcl
[2020-9-27 20:42:22] [INFO] Database :: Creating Tables...
[2020-9-27 20:42:31] [INFO] Routes :: Mounting API Routes...
[2020-9-27 20:42:31] [INFO] Booting the 'HTTP' middleware...
[2020-9-27 20:42:31] [INFO] Booting the 'Statics' middleware...
[2020-9-27 20:42:31] [INFO] Database :: Booting @ Master...
[2020-9-27 20:42:31] [INFO] Configuration :: Booting @ Master...
[2020-9-27 20:42:31] [INFO] Server :: Booting @ Master...
[2020-9-27 20:42:31] [INFO] Connected to oracledb server at : localhost:1521/orcl
[2020-9-27 20:42:31] [INFO] Database :: Creating Tables...
[2020-9-27 20:43:21] [INFO] Routes :: Mounting API Routes...
[2020-9-27 20:43:21] [INFO] Booting the 'HTTP' middleware...
[2020-9-27 20:43:21] [INFO] Database :: Booting @ Master...
[2020-9-27 20:43:21] [INFO] Booting the 'Statics' middleware...
[2020-9-27 20:43:21] [INFO] Server :: Booting @ Master...
[2020-9-27 20:43:21] [INFO] Configuration :: Booting @ Master...
[2020-9-27 20:43:21] [INFO] Connected to oracledb server at : localhost:1521/orcl
[2020-9-27 20:43:21] [INFO] Database :: Creating Tables...
[2020-9-27 20:43:41] [INFO] Routes :: Mounting API Routes...
[2020-9-27 20:43:41] [INFO] Booting the 'HTTP' middleware...
[2020-9-27 20:43:41] [INFO] Booting the 'Statics' middleware...
[2020-9-27 20:43:41] [INFO] Configuration :: Booting @ Master...
[2020-9-27 20:43:41] [INFO] Database :: Booting @ Master...
[2020-9-27 20:43:41] [INFO] Server :: Booting @ Master...
[2020-9-27 20:43:41] [INFO] Connected to oracledb server at : localhost:1521/orcl
[2020-9-27 20:43:41] [INFO] Database :: Creating Tables...
[2020-9-27 20:48:49] [INFO] Routes :: Mounting API Routes...
[2020-9-27 20:48:49] [INFO] Booting the 'HTTP' middleware...
[2020-9-27 20:48:49] [INFO] Booting the 'Statics' middleware...
[2020-9-27 20:48:49] [INFO] Database :: Booting @ Master...
[2020-9-27 20:48:49] [INFO] Configuration :: Booting @ Master...
[2020-9-27 20:48:49] [INFO] Server :: Booting @ Master...
[2020-9-27 20:48:49] [INFO] Connected to oracledb server at : localhost:1521/orcl
[2020-9-27 20:48:49] [INFO] Database :: Creating Tables...
[2020-9-27 20:49:2] [INFO] Routes :: Mounting API Routes...
[2020-9-27 20:49:2] [INFO] Booting the 'HTTP' middleware...
[2020-9-27 20:49:2] [INFO] Booting the 'Statics' middleware...
[2020-9-27 20:49:2] [INFO] Database :: Booting @ Master...
[2020-9-27 20:49:2] [INFO] Configuration :: Booting @ Master...
[2020-9-27 20:49:2] [INFO] Server :: Booting @ Master...
[2020-9-27 20:49:2] [INFO] Connected to oracledb server at : localhost:1521/orcl
[2020-9-27 20:49:2] [INFO] Database :: Creating Tables...
[2020-9-27 20:49:52] [INFO] Routes :: Mounting API Routes...
[2020-9-27 20:49:52] [INFO] Booting the 'HTTP' middleware...
[2020-9-27 20:49:52] [INFO] Configuration :: Booting @ Master...
[2020-9-27 20:49:52] [INFO] Server :: Booting @ Master...
[2020-9-27 20:49:52] [INFO] Database :: Booting @ Master...
[2020-9-27 20:49:52] [INFO] Booting the 'Statics' middleware...
[2020-9-27 20:49:52] [INFO] Database :: Creating Tables...
[2020-9-27 20:49:52] [INFO] Connected to oracledb server at : localhost:1521/orcl
[2020-9-27 20:50:34] [INFO] Routes :: Mounting API Routes...
[2020-9-27 20:50:34] [INFO] Booting the 'HTTP' middleware...
[2020-9-27 20:50:34] [INFO] Booting the 'Statics' middleware...
[2020-9-27 20:50:34] [INFO] Database :: Booting @ Master...
[2020-9-27 20:50:34] [INFO] Configuration :: Booting @ Master...
[2020-9-27 20:50:34] [INFO] Server :: Booting @ Master...
[2020-9-27 20:50:34] [INFO] Connected to oracledb server at : localhost:1521/orcl
[2020-9-27 20:50:34] [INFO] Database :: Creating Tables...
[2020-9-27 20:51:16] [INFO] Routes :: Mounting API Routes...
[2020-9-27 20:51:16] [INFO] Booting the 'Statics' middleware...
[2020-9-27 20:51:16] [INFO] Booting the 'HTTP' middleware...
[2020-9-27 20:51:16] [INFO] Database :: Booting @ Master...
[2020-9-27 20:51:16] [INFO] Configuration :: Booting @ Master...
[2020-9-27 20:51:16] [INFO] Server :: Booting @ Master...
[2020-9-27 20:51:16] [INFO] Connected to oracledb server at : localhost:1521/orcl
[2020-9-27 20:51:16] [INFO] Database :: Creating Tables...
[2020-9-27 20:52:49] [INFO] Routes :: Mounting API Routes...
[2020-9-27 20:52:49] [INFO] Booting the 'HTTP' middleware...
[2020-9-27 20:52:49] [INFO] Booting the 'Statics' middleware...
[2020-9-27 20:52:49] [INFO] Configuration :: Booting @ Master...
[2020-9-27 20:52:49] [INFO] Database :: Booting @ Master...
[2020-9-27 20:52:49] [INFO] Server :: Booting @ Master...
[2020-9-27 20:52:49] [INFO] Connected to oracledb server at : localhost:1521/orcl
[2020-9-27 20:52:49] [INFO] Database :: Creating Tables...
[2020-9-27 20:54:16] [INFO] Routes :: Mounting API Routes...
[2020-9-27 20:54:16] [INFO] Booting the 'HTTP' middleware...
[2020-9-27 20:54:16] [INFO] Booting the 'Statics' middleware...
[2020-9-27 20:54:16] [INFO] Database :: Booting @ Master...
[2020-9-27 20:54:16] [INFO] Configuration :: Booting @ Master...
[2020-9-27 20:54:16] [INFO] Server :: Booting @ Master...
[2020-9-27 20:54:16] [INFO] Database :: Creating Tables...
[2020-9-27 20:54:16] [INFO] Connected to oracledb server at : localhost:1521/orcl
[2020-9-27 20:56:13] [INFO] Routes :: Mounting API Routes...
[2020-9-27 20:56:13] [INFO] Booting the 'HTTP' middleware...
[2020-9-27 20:56:13] [INFO] Booting the 'Statics' middleware...
[2020-9-27 20:56:13] [INFO] Database :: Booting @ Master...
[2020-9-27 20:56:13] [INFO] Configuration :: Booting @ Master...
[2020-9-27 20:56:13] [INFO] Server :: Booting @ Master...
[2020-9-27 20:56:13] [INFO] Database :: Creating Tables...
[2020-9-27 20:56:13] [INFO] Connected to oracledb server at : localhost:1521/orcl
[2020-9-27 20:57:17] [INFO] Routes :: Mounting API Routes...
[2020-9-27 20:57:17] [INFO] Booting the 'HTTP' middleware...
[2020-9-27 20:57:17] [INFO] Booting the 'Statics' middleware...
[2020-9-27 20:57:17] [INFO] Database :: Booting @ Master...
[2020-9-27 20:57:17] [INFO] Configuration :: Booting @ Master...
[2020-9-27 20:57:17] [INFO] Server :: Booting @ Master...
[2020-9-27 20:57:17] [INFO] Database :: Creating Tables...
[2020-9-27 20:57:17] [INFO] Connected to oracledb server at : localhost:1521/orcl
[2020-9-27 20:57:52] [INFO] Routes :: Mounting API Routes...
[2020-9-27 20:57:52] [INFO] Booting the 'HTTP' middleware...
[2020-9-27 20:57:52] [INFO] Booting the 'Statics' middleware...
[2020-9-27 20:57:52] [INFO] Database :: Booting @ Master...
[2020-9-27 20:57:52] [INFO] Configuration :: Booting @ Master...
[2020-9-27 20:57:52] [INFO] Server :: Booting @ Master...
[2020-9-27 20:57:52] [INFO] Connected to oracledb server at : localhost:1521/orcl
[2020-9-27 20:57:52] [INFO] Database :: Creating Tables...
[2020-9-27 20:59:15] [INFO] Routes :: Mounting API Routes...
[2020-9-27 20:59:15] [INFO] Booting the 'HTTP' middleware...
[2020-9-27 20:59:15] [INFO] Booting the 'Statics' middleware...
[2020-9-27 20:59:15] [INFO] Database :: Booting @ Master...
[2020-9-27 20:59:15] [INFO] Configuration :: Booting @ Master...
[2020-9-27 20:59:15] [INFO] Server :: Booting @ Master...
[2020-9-27 20:59:15] [INFO] Connected to oracledb server at : localhost:1521/orcl
[2020-9-27 20:59:15] [INFO] Database :: Creating Tables...
[2020-9-27 21:1:41] [INFO] Routes :: Mounting API Routes...
[2020-9-27 21:1:41] [INFO] Booting the 'HTTP' middleware...
[2020-9-27 21:1:41] [INFO] Database :: Booting @ Master...
[2020-9-27 21:1:41] [INFO] Booting the 'Statics' middleware...
[2020-9-27 21:1:41] [INFO] Server :: Booting @ Master...
[2020-9-27 21:1:41] [INFO] Configuration :: Booting @ Master...
[2020-9-27 21:1:41] [INFO] Connected to oracledb server at : localhost:1521/orcl
[2020-9-27 21:1:41] [INFO] Database :: Creating Tables...
[2020-9-27 21:2:49] [INFO] Routes :: Mounting API Routes...
[2020-9-27 21:2:49] [INFO] Booting the 'HTTP' middleware...
[2020-9-27 21:2:49] [INFO] Database :: Booting @ Master...
[2020-9-27 21:2:49] [INFO] Booting the 'Statics' middleware...
[2020-9-27 21:2:49] [INFO] Server :: Booting @ Master...
[2020-9-27 21:2:49] [INFO] Configuration :: Booting @ Master...
[2020-9-27 21:2:49] [INFO] Database :: Creating Tables...
[2020-9-27 21:2:49] [INFO] Connected to oracledb server at : localhost:1521/orcl
[2020-9-27 21:13:4] [INFO] Routes :: Mounting API Routes...
[2020-9-27 21:13:4] [INFO] Booting the 'HTTP' middleware...
[2020-9-27 21:13:4] [INFO] Booting the 'Statics' middleware...
[2020-9-27 21:13:4] [INFO] Database :: Booting @ Master...
[2020-9-27 21:13:4] [INFO] Server :: Booting @ Master...
[2020-9-27 21:13:4] [INFO] Configuration :: Booting @ Master...
[2020-9-27 21:13:4] [INFO] Database :: Creating Tables...
[2020-9-27 21:13:4] [INFO] Connected to oracledb server at : localhost:1521/orcl
[2020-9-27 21:13:36] [INFO] Routes :: Mounting API Routes...
[2020-9-27 21:13:36] [INFO] Booting the 'HTTP' middleware...
[2020-9-27 21:13:36] [INFO] Database :: Booting @ Master...
[2020-9-27 21:13:36] [INFO] Configuration :: Booting @ Master...
[2020-9-27 21:13:36] [INFO] Server :: Booting @ Master...
[2020-9-27 21:13:36] [INFO] Booting the 'Statics' middleware...
[2020-9-27 21:13:36] [INFO] Connected to oracledb server at : localhost:1521/orcl
[2020-9-27 21:13:36] [INFO] Database :: Creating Tables...
[2020-9-27 21:14:13] [INFO] Routes :: Mounting API Routes...
[2020-9-27 21:14:13] [INFO] Booting the 'HTTP' middleware...
[2020-9-27 21:14:13] [INFO] Booting the 'Statics' middleware...
[2020-9-27 21:14:13] [INFO] Database :: Booting @ Master...
[2020-9-27 21:14:13] [INFO] Configuration :: Booting @ Master...
[2020-9-27 21:14:13] [INFO] Server :: Booting @ Master...
[2020-9-27 21:14:13] [INFO] Connected to oracledb server at : localhost:1521/orcl
[2020-9-27 21:14:13] [INFO] Database :: Creating Tables...
[2020-9-27 21:15:58] [INFO] Routes :: Mounting API Routes...
[2020-9-27 21:15:58] [INFO] Booting the 'HTTP' middleware...
[2020-9-27 21:15:58] [INFO] Database :: Booting @ Master...
[2020-9-27 21:15:58] [INFO] Booting the 'Statics' middleware...
[2020-9-27 21:15:58] [INFO] Configuration :: Booting @ Master...
[2020-9-27 21:15:58] [INFO] Server :: Booting @ Master...
[2020-9-27 21:15:58] [INFO] Connected to oracledb server at : localhost:1521/orcl
[2020-9-27 21:15:58] [INFO] Database :: Creating Tables...
[2020-9-27 21:16:46] [INFO] Routes :: Mounting API Routes...
[2020-9-27 21:16:46] [INFO] Booting the 'Statics' middleware...
[2020-9-27 21:16:46] [INFO] Booting the 'HTTP' middleware...
[2020-9-27 21:16:46] [INFO] Database :: Booting @ Master...
[2020-9-27 21:16:46] [INFO] Configuration :: Booting @ Master...
[2020-9-27 21:16:46] [INFO] Server :: Booting @ Master...
[2020-9-27 21:16:46] [INFO] Connected to oracledb server at : localhost:1521/orcl
[2020-9-27 21:16:46] [INFO] Database :: Creating Tables...
[2020-9-27 21:18:46] [INFO] Routes :: Mounting API Routes...
[2020-9-27 21:18:46] [INFO] Booting the 'HTTP' middleware...
[2020-9-27 21:18:46] [INFO] Booting the 'Statics' middleware...
[2020-9-27 21:18:46] [INFO] Database :: Booting @ Master...
[2020-9-27 21:18:46] [INFO] Configuration :: Booting @ Master...
[2020-9-27 21:18:46] [INFO] Server :: Booting @ Master...
[2020-9-27 21:18:46] [INFO] Database :: Creating Tables...
[2020-9-27 21:18:46] [INFO] Connected to oracledb server at : localhost:1521/orcl
[2020-9-27 21:18:57] [INFO] Routes :: Mounting API Routes...
[2020-9-27 21:18:57] [INFO] Booting the 'HTTP' middleware...
[2020-9-27 21:18:57] [INFO] Database :: Booting @ Master...
[2020-9-27 21:18:57] [INFO] Booting the 'Statics' middleware...
[2020-9-27 21:18:57] [INFO] Configuration :: Booting @ Master...
[2020-9-27 21:18:57] [INFO] Server :: Booting @ Master...
[2020-9-27 21:18:57] [INFO] Connected to oracledb server at : localhost:1521/orcl
[2020-9-27 21:18:57] [INFO] Database :: Creating Tables...
[2020-9-27 21:19:43] [INFO] Routes :: Mounting API Routes...
[2020-9-27 21:19:43] [INFO] Booting the 'HTTP' middleware...
[2020-9-27 21:19:43] [INFO] Booting the 'Statics' middleware...
[2020-9-27 21:19:43] [INFO] Database :: Booting @ Master...
[2020-9-27 21:19:43] [INFO] Configuration :: Booting @ Master...
[2020-9-27 21:19:43] [INFO] Server :: Booting @ Master...
[2020-9-27 21:19:43] [INFO] Connected to oracledb server at : localhost:1521/orcl
[2020-9-27 21:19:43] [INFO] Database :: Creating Tables...
[2020-9-27 21:20:29] [INFO] Booting the 'HTTP' middleware...
[2020-9-27 21:20:29] [INFO] Booting the 'Statics' middleware...
[2020-9-27 21:20:29] [INFO] Routes :: Mounting API Routes...
[2020-9-27 21:20:29] [INFO] Database :: Booting @ Master...
[2020-9-27 21:20:29] [INFO] Configuration :: Booting @ Master...
[2020-9-27 21:20:29] [INFO] Server :: Booting @ Master...
[2020-9-27 21:20:29] [INFO] Connected to oracledb server at : localhost:1521/orcl
[2020-9-27 21:20:29] [INFO] Database :: Creating Tables...
[2020-9-27 21:20:57] [INFO] Booting the 'Statics' middleware...
[2020-9-27 21:20:57] [INFO] Booting the 'HTTP' middleware...
[2020-9-27 21:20:57] [INFO] Routes :: Mounting API Routes...
[2020-9-27 21:20:57] [INFO] Database :: Booting @ Master...
[2020-9-27 21:20:57] [INFO] Server :: Booting @ Master...
[2020-9-27 21:20:57] [INFO] Configuration :: Booting @ Master...
[2020-9-27 21:20:57] [INFO] Connected to oracledb server at : localhost:1521/orcl
[2020-9-27 21:20:57] [INFO] Database :: Creating Tables...
[2020-9-27 21:21:41] [INFO] Routes :: Mounting API Routes...
[2020-9-27 21:21:41] [INFO] Booting the 'Statics' middleware...
[2020-9-27 21:21:41] [INFO] Booting the 'HTTP' middleware...
[2020-9-27 21:21:41] [INFO] Database :: Booting @ Master...
[2020-9-27 21:21:41] [INFO] Configuration :: Booting @ Master...
[2020-9-27 21:21:41] [INFO] Server :: Booting @ Master...
[2020-9-27 21:21:41] [INFO] Connected to oracledb server at : localhost:1521/orcl
[2020-9-27 21:21:41] [INFO] Database :: Creating Tables...
[2020-9-27 21:22:21] [INFO] Routes :: Mounting API Routes...
[2020-9-27 21:22:21] [INFO] Booting the 'HTTP' middleware...
[2020-9-27 21:22:21] [INFO] Booting the 'Statics' middleware...
[2020-9-27 21:22:21] [INFO] Database :: Booting @ Master...
[2020-9-27 21:22:21] [INFO] Configuration :: Booting @ Master...
[2020-9-27 21:22:21] [INFO] Server :: Booting @ Master...
[2020-9-27 21:22:21] [INFO] Connected to oracledb server at : localhost:1521/orcl
[2020-9-27 21:22:21] [INFO] Database :: Creating Tables...
[2020-9-27 21:22:33] [INFO] Routes :: Mounting API Routes...
[2020-9-27 21:22:33] [INFO] Booting the 'HTTP' middleware...
[2020-9-27 21:22:33] [INFO] Booting the 'Statics' middleware...
[2020-9-27 21:22:33] [INFO] Database :: Booting @ Master...
[2020-9-27 21:22:33] [INFO] Configuration :: Booting @ Master...
[2020-9-27 21:22:33] [INFO] Server :: Booting @ Master...
[2020-9-27 21:22:33] [INFO] Connected to oracledb server at : localhost:1521/orcl
[2020-9-27 21:22:33] [INFO] Database :: Creating Tables...
[2020-9-27 21:22:48] [INFO] Booting the 'HTTP' middleware...
[2020-9-27 21:22:48] [INFO] Routes :: Mounting API Routes...
[2020-9-27 21:22:48] [INFO] Database :: Booting @ Master...
[2020-9-27 21:22:48] [INFO] Booting the 'Statics' middleware...
[2020-9-27 21:22:48] [INFO] Server :: Booting @ Master...
[2020-9-27 21:22:48] [INFO] Configuration :: Booting @ Master...
[2020-9-27 21:22:48] [INFO] Database :: Creating Tables...
[2020-9-27 21:22:48] [INFO] Connected to oracledb server at : localhost:1521/orcl
[2020-9-27 21:23:25] [INFO] Routes :: Mounting API Routes...
[2020-9-27 21:23:25] [INFO] Booting the 'HTTP' middleware...
[2020-9-27 21:23:25] [INFO] Booting the 'Statics' middleware...
[2020-9-27 21:23:25] [INFO] Database :: Booting @ Master...
[2020-9-27 21:23:25] [INFO] Configuration :: Booting @ Master...
[2020-9-27 21:23:25] [INFO] Server :: Booting @ Master...
[2020-9-27 21:23:25] [INFO] Database :: Creating Tables...
[2020-9-27 21:23:25] [INFO] Connected to oracledb server at : localhost:1521/orcl
[2020-9-27 21:23:49] [INFO] Booting the 'HTTP' middleware...
[2020-9-27 21:23:49] [INFO] Routes :: Mounting API Routes...
[2020-9-27 21:23:49] [INFO] Database :: Booting @ Master...
[2020-9-27 21:23:49] [INFO] Booting the 'Statics' middleware...
[2020-9-27 21:23:49] [INFO] Configuration :: Booting @ Master...
[2020-9-27 21:23:49] [INFO] Server :: Booting @ Master...
[2020-9-27 21:23:49] [INFO] Connected to oracledb server at : localhost:1521/orcl
[2020-9-27 21:23:49] [INFO] Database :: Creating Tables...
[2020-9-27 21:26:46] [INFO] Routes :: Mounting API Routes...
[2020-9-27 21:26:46] [INFO] Booting the 'HTTP' middleware...
[2020-9-27 21:26:46] [INFO] Booting the 'Statics' middleware...
[2020-9-27 21:26:46] [INFO] Database :: Booting @ Master...
[2020-9-27 21:26:46] [INFO] Configuration :: Booting @ Master...
[2020-9-27 21:26:46] [INFO] Server :: Booting @ Master...
[2020-9-27 21:26:46] [INFO] Connected to oracledb server at : localhost:1521/orcl
[2020-9-27 21:26:46] [INFO] Database :: Creating Tables...
[2020-9-27 21:27:12] [INFO] Routes :: Mounting API Routes...
[2020-9-27 21:27:12] [INFO] Booting the 'HTTP' middleware...
[2020-9-27 21:27:12] [INFO] Booting the 'Statics' middleware...
[2020-9-27 21:27:12] [INFO] Configuration :: Booting @ Master...
[2020-9-27 21:27:12] [INFO] Database :: Booting @ Master...
[2020-9-27 21:27:12] [INFO] Server :: Booting @ Master...
[2020-9-27 21:27:12] [INFO] Connected to oracledb server at : localhost:1521/orcl
[2020-9-27 21:27:12] [INFO] Database :: Creating Tables...
[2020-9-27 21:27:29] [INFO] Routes :: Mounting API Routes...
[2020-9-27 21:27:29] [INFO] Booting the 'HTTP' middleware...
[2020-9-27 21:27:29] [INFO] Booting the 'Statics' middleware...
[2020-9-27 21:27:29] [INFO] Database :: Booting @ Master...
[2020-9-27 21:27:29] [INFO] Configuration :: Booting @ Master...
[2020-9-27 21:27:29] [INFO] Server :: Booting @ Master...
[2020-9-27 21:27:29] [INFO] Connected to oracledb server at : localhost:1521/orcl
[2020-9-27 21:27:29] [INFO] Database :: Creating Tables...
[2020-9-27 21:29:2] [INFO] Routes :: Mounting API Routes...
[2020-9-27 21:29:2] [INFO] Booting the 'HTTP' middleware...
[2020-9-27 21:29:2] [INFO] Database :: Booting @ Master...
[2020-9-27 21:29:2] [INFO] Booting the 'Statics' middleware...
[2020-9-27 21:29:2] [INFO] Server :: Booting @ Master...
[2020-9-27 21:29:2] [INFO] Configuration :: Booting @ Master...
[2020-9-27 21:29:2] [INFO] Connected to oracledb server at : localhost:1521/orcl
[2020-9-27 21:29:2] [INFO] Database :: Creating Tables...
[2020-9-27 21:29:31] [INFO] Routes :: Mounting API Routes...
[2020-9-27 21:29:31] [INFO] Booting the 'HTTP' middleware...
[2020-9-27 21:29:31] [INFO] Booting the 'Statics' middleware...
[2020-9-27 21:29:31] [INFO] Database :: Booting @ Master...
[2020-9-27 21:29:31] [INFO] Configuration :: Booting @ Master...
[2020-9-27 21:29:31] [INFO] Server :: Booting @ Master...
[2020-9-27 21:29:31] [INFO] Connected to oracledb server at : localhost:1521/orcl
[2020-9-27 21:29:31] [INFO] Database :: Creating Tables...
[2020-9-27 21:29:56] [INFO] Routes :: Mounting API Routes...
[2020-9-27 21:29:56] [INFO] Booting the 'HTTP' middleware...
[2020-9-27 21:29:56] [INFO] Database :: Booting @ Master...
[2020-9-27 21:29:56] [INFO] Booting the 'Statics' middleware...
[2020-9-27 21:29:56] [INFO] Configuration :: Booting @ Master...
[2020-9-27 21:29:56] [INFO] Server :: Booting @ Master...
[2020-9-27 21:29:56] [INFO] Connected to oracledb server at : localhost:1521/orcl
[2020-9-27 21:29:56] [INFO] Database :: Creating Tables...
[2020-9-27 21:30:32] [INFO] Routes :: Mounting API Routes...
[2020-9-27 21:30:32] [INFO] Booting the 'Statics' middleware...
[2020-9-27 21:30:32] [INFO] Database :: Booting @ Master...
[2020-9-27 21:30:32] [INFO] Booting the 'HTTP' middleware...
[2020-9-27 21:30:32] [INFO] Configuration :: Booting @ Master...
[2020-9-27 21:30:32] [INFO] Server :: Booting @ Master...
[2020-9-27 21:30:32] [INFO] Database :: Creating Tables...
[2020-9-27 21:30:32] [INFO] Connected to oracledb server at : localhost:1521/orcl
[2020-9-27 21:31:5] [INFO] Routes :: Mounting API Routes...
[2020-9-27 21:31:5] [INFO] Booting the 'HTTP' middleware...
[2020-9-27 21:31:5] [INFO] Booting the 'Statics' middleware...
[2020-9-27 21:31:5] [INFO] Database :: Booting @ Master...
[2020-9-27 21:31:5] [INFO] Configuration :: Booting @ Master...
[2020-9-27 21:31:5] [INFO] Server :: Booting @ Master...
[2020-9-27 21:31:5] [INFO] Connected to oracledb server at : localhost:1521/orcl
[2020-9-27 21:31:5] [INFO] Database :: Creating Tables...
[2020-9-27 21:31:41] [INFO] Routes :: Mounting API Routes...
[2020-9-27 21:31:41] [INFO] Booting the 'HTTP' middleware...
[2020-9-27 21:31:41] [INFO] Booting the 'Statics' middleware...
[2020-9-27 21:31:41] [INFO] Configuration :: Booting @ Master...
[2020-9-27 21:31:41] [INFO] Database :: Booting @ Master...
[2020-9-27 21:31:41] [INFO] Server :: Booting @ Master...
[2020-9-27 21:31:41] [INFO] Connected to oracledb server at : localhost:1521/orcl
[2020-9-27 21:31:41] [INFO] Database :: Creating Tables...
[2020-9-27 21:31:56] [INFO] Routes :: Mounting API Routes...
[2020-9-27 21:31:56] [INFO] Booting the 'HTTP' middleware...
[2020-9-27 21:31:56] [INFO] Database :: Booting @ Master...
[2020-9-27 21:31:56] [INFO] Booting the 'Statics' middleware...
[2020-9-27 21:31:56] [INFO] Server :: Booting @ Master...
[2020-9-27 21:31:56] [INFO] Configuration :: Booting @ Master...
[2020-9-27 21:31:56] [INFO] Connected to oracledb server at : localhost:1521/orcl
[2020-9-27 21:31:56] [INFO] Database :: Creating Tables...
[2020-9-27 21:33:5] [INFO] Routes :: Mounting API Routes...
[2020-9-27 21:33:5] [INFO] Booting the 'HTTP' middleware...
[2020-9-27 21:33:5] [INFO] Booting the 'Statics' middleware...
[2020-9-27 21:33:5] [INFO] Database :: Booting @ Master...
[2020-9-27 21:33:5] [INFO] Configuration :: Booting @ Master...
[2020-9-27 21:33:5] [INFO] Server :: Booting @ Master...
[2020-9-27 21:33:5] [INFO] Database :: Creating Tables...
[2020-9-27 21:33:5] [INFO] Connected to oracledb server at : localhost:1521/orcl
[2020-9-27 21:33:41] [INFO] Routes :: Mounting API Routes...
[2020-9-27 21:33:41] [INFO] Booting the 'Statics' middleware...
[2020-9-27 21:33:41] [INFO] Database :: Booting @ Master...
[2020-9-27 21:33:41] [INFO] Booting the 'HTTP' middleware...
[2020-9-27 21:33:41] [INFO] Server :: Booting @ Master...
[2020-9-27 21:33:41] [INFO] Configuration :: Booting @ Master...
[2020-9-27 21:33:41] [INFO] Connected to oracledb server at : localhost:1521/orcl
[2020-9-27 21:33:41] [INFO] Database :: Creating Tables...
[2020-9-27 21:33:55] [INFO] Routes :: Mounting API Routes...
[2020-9-27 21:33:55] [INFO] Booting the 'Statics' middleware...
[2020-9-27 21:33:55] [INFO] Database :: Booting @ Master...
[2020-9-27 21:33:55] [INFO] Booting the 'HTTP' middleware...
[2020-9-27 21:33:55] [INFO] Configuration :: Booting @ Master...
[2020-9-27 21:33:55] [INFO] Server :: Booting @ Master...
[2020-9-27 21:33:55] [INFO] Connected to oracledb server at : localhost:1521/orcl
[2020-9-27 21:33:55] [INFO] Database :: Creating Tables...
[2020-9-27 21:35:1] [INFO] Routes :: Mounting API Routes...
[2020-9-27 21:35:1] [INFO] Booting the 'HTTP' middleware...
[2020-9-27 21:35:1] [INFO] Booting the 'Statics' middleware...
[2020-9-27 21:35:1] [INFO] Database :: Booting @ Master...
[2020-9-27 21:35:1] [INFO] Configuration :: Booting @ Master...
[2020-9-27 21:35:1] [INFO] Server :: Booting @ Master...
[2020-9-27 21:35:1] [INFO] Connected to oracledb server at : localhost:1521/orcl
[2020-9-27 21:35:1] [INFO] Database :: Creating Tables...
[2020-9-27 21:35:15] [INFO] Booting the 'HTTP' middleware...
[2020-9-27 21:35:15] [INFO] Routes :: Mounting API Routes...
[2020-9-27 21:35:15] [INFO] Booting the 'Statics' middleware...
[2020-9-27 21:35:15] [INFO] Database :: Booting @ Master...
[2020-9-27 21:35:15] [INFO] Configuration :: Booting @ Master...
[2020-9-27 21:35:15] [INFO] Server :: Booting @ Master...
[2020-9-27 21:35:15] [INFO] Connected to oracledb server at : localhost:1521/orcl
[2020-9-27 21:35:15] [INFO] Database :: Creating Tables...
[2020-9-27 21:36:35] [INFO] Routes :: Mounting API Routes...
[2020-9-27 21:36:35] [INFO] Booting the 'HTTP' middleware...
[2020-9-27 21:36:35] [INFO] Booting the 'Statics' middleware...
[2020-9-27 21:36:35] [INFO] Database :: Booting @ Master...
[2020-9-27 21:36:35] [INFO] Configuration :: Booting @ Master...
[2020-9-27 21:36:35] [INFO] Server :: Booting @ Master...
[2020-9-27 21:36:35] [INFO] Connected to oracledb server at : localhost:1521/orcl
[2020-9-27 21:36:35] [INFO] Database :: Creating Tables...
[2020-9-27 21:36:52] [INFO] Routes :: Mounting API Routes...
[2020-9-27 21:36:52] [INFO] Booting the 'HTTP' middleware...
[2020-9-27 21:36:52] [INFO] Booting the 'Statics' middleware...
[2020-9-27 21:36:52] [INFO] Database :: Booting @ Master...
[2020-9-27 21:36:52] [INFO] Configuration :: Booting @ Master...
[2020-9-27 21:36:52] [INFO] Server :: Booting @ Master...
[2020-9-27 21:36:52] [INFO] Connected to oracledb server at : localhost:1521/orcl
[2020-9-27 21:36:52] [INFO] Database :: Creating Tables...
[2020-9-27 21:38:54] [INFO] Routes :: Mounting API Routes...
[2020-9-27 21:38:54] [INFO] Booting the 'HTTP' middleware...
[2020-9-27 21:38:54] [INFO] Booting the 'Statics' middleware...
[2020-9-27 21:38:54] [INFO] Database :: Booting @ Master...
[2020-9-27 21:38:54] [INFO] Configuration :: Booting @ Master...
[2020-9-27 21:38:54] [INFO] Server :: Booting @ Master...
[2020-9-27 21:38:54] [INFO] Database :: Creating Tables...
[2020-9-27 21:38:54] [INFO] Connected to oracledb server at : localhost:1521/orcl
[2020-9-27 21:55:33] [INFO] Routes :: Mounting API Routes...
[2020-9-27 21:55:33] [INFO] Booting the 'HTTP' middleware...
[2020-9-27 21:55:33] [INFO] Booting the 'Statics' middleware...
[2020-9-27 21:55:33] [INFO] Database :: Booting @ Master...
[2020-9-27 21:55:33] [INFO] Configuration :: Booting @ Master...
[2020-9-27 21:55:33] [INFO] Server :: Booting @ Master...
[2020-9-27 21:55:33] [INFO] Database :: Creating Tables...
[2020-9-27 21:55:33] [INFO] Connected to oracledb server at : localhost:1521/orcl
[2020-9-27 21:55:56] [INFO] Routes :: Mounting API Routes...
[2020-9-27 21:55:56] [INFO] Booting the 'Statics' middleware...
[2020-9-27 21:55:56] [INFO] Booting the 'HTTP' middleware...
[2020-9-27 21:55:56] [INFO] Database :: Booting @ Master...
[2020-9-27 21:55:56] [INFO] Configuration :: Booting @ Master...
[2020-9-27 21:55:56] [INFO] Server :: Booting @ Master...
[2020-9-27 21:55:56] [INFO] Connected to oracledb server at : localhost:1521/orcl
[2020-9-27 21:55:56] [INFO] Database :: Creating Tables...
[2020-9-27 21:56:30] [INFO] Booting the 'HTTP' middleware...
[2020-9-27 21:56:30] [INFO] Routes :: Mounting API Routes...
[2020-9-27 21:56:30] [INFO] Booting the 'Statics' middleware...
[2020-9-27 21:56:30] [INFO] Database :: Booting @ Master...
[2020-9-27 21:56:30] [INFO] Configuration :: Booting @ Master...
[2020-9-27 21:56:30] [INFO] Server :: Booting @ Master...
[2020-9-27 21:56:30] [INFO] Connected to oracledb server at : localhost:1521/orcl
[2020-9-27 21:56:30] [INFO] Database :: Creating Tables...
[2020-9-27 21:57:34] [INFO] Routes :: Mounting API Routes...
[2020-9-27 21:57:34] [INFO] Booting the 'HTTP' middleware...
[2020-9-27 21:57:34] [INFO] Booting the 'Statics' middleware...
[2020-9-27 21:57:34] [INFO] Database :: Booting @ Master...
[2020-9-27 21:57:34] [INFO] Configuration :: Booting @ Master...
[2020-9-27 21:57:34] [INFO] Server :: Booting @ Master...
[2020-9-27 21:57:34] [INFO] Connected to oracledb server at : localhost:1521/orcl
[2020-9-27 21:57:34] [INFO] Database :: Creating Tables...
[2020-9-27 21:58:14] [INFO] Routes :: Mounting API Routes...
[2020-9-27 21:58:14] [INFO] Booting the 'HTTP' middleware...
[2020-9-27 21:58:14] [INFO] Booting the 'Statics' middleware...
[2020-9-27 21:58:14] [INFO] Database :: Booting @ Master...
[2020-9-27 21:58:14] [INFO] Configuration :: Booting @ Master...
[2020-9-27 21:58:14] [INFO] Server :: Booting @ Master...
[2020-9-27 21:58:14] [INFO] Connected to oracledb server at : localhost:1521/orcl
[2020-9-27 21:58:14] [INFO] Database :: Creating Tables...
[2020-9-27 21:59:51] [INFO] Routes :: Mounting API Routes...
[2020-9-27 21:59:51] [INFO] Booting the 'HTTP' middleware...
[2020-9-27 21:59:51] [INFO] Database :: Booting @ Master...
[2020-9-27 21:59:51] [INFO] Booting the 'Statics' middleware...
[2020-9-27 21:59:51] [INFO] Server :: Booting @ Master...
[2020-9-27 21:59:51] [INFO] Configuration :: Booting @ Master...
[2020-9-27 21:59:51] [INFO] Connected to oracledb server at : localhost:1521/orcl
[2020-9-27 21:59:51] [INFO] Database :: Creating Tables...
[2020-9-27 22:1:11] [INFO] Routes :: Mounting API Routes...
[2020-9-27 22:1:11] [INFO] Booting the 'HTTP' middleware...
[2020-9-27 22:1:11] [INFO] Database :: Booting @ Master...
[2020-9-27 22:1:11] [INFO] Booting the 'Statics' middleware...
[2020-9-27 22:1:11] [INFO] Configuration :: Booting @ Master...
[2020-9-27 22:1:11] [INFO] Server :: Booting @ Master...
[2020-9-27 22:1:11] [INFO] Connected to oracledb server at : localhost:1521/orcl
[2020-9-27 22:1:11] [INFO] Database :: Creating Tables...
[2020-9-27 22:2:19] [INFO] Routes :: Mounting API Routes...
[2020-9-27 22:2:19] [INFO] Booting the 'HTTP' middleware...
[2020-9-27 22:2:19] [INFO] Booting the 'Statics' middleware...
[2020-9-27 22:2:19] [INFO] Database :: Booting @ Master...
[2020-9-27 22:2:19] [INFO] Configuration :: Booting @ Master...
[2020-9-27 22:2:19] [INFO] Server :: Booting @ Master...
[2020-9-27 22:2:19] [INFO] Connected to oracledb server at : localhost:1521/orcl
[2020-9-27 22:2:19] [INFO] Database :: Creating Tables...
[2020-9-27 22:2:59] [INFO] Routes :: Mounting API Routes...
[2020-9-27 22:2:59] [INFO] Booting the 'HTTP' middleware...
[2020-9-27 22:2:59] [INFO] Booting the 'Statics' middleware...
[2020-9-27 22:2:59] [INFO] Database :: Booting @ Master...
[2020-9-27 22:2:59] [INFO] Configuration :: Booting @ Master...
[2020-9-27 22:2:59] [INFO] Server :: Booting @ Master...
[2020-9-27 22:2:59] [INFO] Failed to connect to the oracledb server
[2020-9-27 22:4:19] [INFO] Routes :: Mounting API Routes...
[2020-9-27 22:4:19] [INFO] Booting the 'HTTP' middleware...
[2020-9-27 22:4:19] [INFO] Booting the 'Statics' middleware...
[2020-9-27 22:4:19] [INFO] Database :: Booting @ Master...
[2020-9-27 22:4:19] [INFO] Configuration :: Booting @ Master...
[2020-9-27 22:4:19] [INFO] Server :: Booting @ Master...
[2020-9-27 22:4:19] [INFO] Failed to connect to the oracledb server
[2020-9-27 22:5:3] [INFO] Routes :: Mounting API Routes...
[2020-9-27 22:5:3] [INFO] Booting the 'HTTP' middleware...
[2020-9-27 22:5:3] [INFO] Booting the 'Statics' middleware...
[2020-9-27 22:5:3] [INFO] Configuration :: Booting @ Master...
[2020-9-27 22:5:3] [INFO] Database :: Booting @ Master...
[2020-9-27 22:5:3] [INFO] Server :: Booting @ Master...
[2020-9-27 22:5:3] [INFO] Connected to oracledb server at : localhost:1521/orcl
[2020-9-27 22:5:3] [INFO] Database :: Creating Tables...
[2020-9-27 22:5:18] [INFO] Routes :: Mounting API Routes...
[2020-9-27 22:5:18] [INFO] Booting the 'Statics' middleware...
[2020-9-27 22:5:18] [INFO] Booting the 'HTTP' middleware...
[2020-9-27 22:5:18] [INFO] Database :: Booting @ Master...
[2020-9-27 22:5:18] [INFO] Configuration :: Booting @ Master...
[2020-9-27 22:5:18] [INFO] Server :: Booting @ Master...
[2020-9-27 22:5:18] [INFO] Connected to oracledb server at : localhost:1521/orcl
[2020-9-27 22:5:18] [INFO] Database :: Creating Tables...
[2020-9-27 22:7:25] [INFO] Routes :: Mounting API Routes...
[2020-9-27 22:7:25] [INFO] Booting the 'HTTP' middleware...
[2020-9-27 22:7:25] [INFO] Booting the 'Statics' middleware...
[2020-9-27 22:7:25] [INFO] Database :: Booting @ Master...
[2020-9-27 22:7:25] [INFO] Configuration :: Booting @ Master...
[2020-9-27 22:7:25] [INFO] Server :: Booting @ Master...
[2020-9-27 22:7:25] [INFO] Connected to oracledb server at : localhost:1521/orcl
[2020-9-27 22:7:25] [INFO] Database :: Creating Tables...
[2020-9-27 22:7:46] [INFO] Routes :: Mounting API Routes...
[2020-9-27 22:7:46] [INFO] Booting the 'HTTP' middleware...
[2020-9-27 22:7:46] [INFO] Booting the 'Statics' middleware...
[2020-9-27 22:7:46] [INFO] Database :: Booting @ Master...
[2020-9-27 22:7:46] [INFO] Configuration :: Booting @ Master...
[2020-9-27 22:7:46] [INFO] Server :: Booting @ Master...
[2020-9-27 22:7:46] [INFO] Connected to oracledb server at : localhost:1521/orcl
[2020-9-27 22:7:46] [INFO] Database :: Creating Tables...
[2020-9-27 22:8:25] [INFO] Routes :: Mounting API Routes...
[2020-9-27 22:8:25] [INFO] Booting the 'HTTP' middleware...
[2020-9-27 22:8:25] [INFO] Booting the 'Statics' middleware...
[2020-9-27 22:8:25] [INFO] Configuration :: Booting @ Master...
[2020-9-27 22:8:25] [INFO] Database :: Booting @ Master...
[2020-9-27 22:8:25] [INFO] Server :: Booting @ Master...
[2020-9-27 22:8:25] [INFO] Connected to oracledb server at : localhost:1521/orcl
[2020-9-27 22:8:25] [INFO] Database :: Creating Tables...
[2020-9-27 22:8:36] [INFO] Routes :: Mounting API Routes...
[2020-9-27 22:8:36] [INFO] Booting the 'Statics' middleware...
[2020-9-27 22:8:36] [INFO] Booting the 'HTTP' middleware...
[2020-9-27 22:8:36] [INFO] Database :: Booting @ Master...
[2020-9-27 22:8:36] [INFO] Configuration :: Booting @ Master...
[2020-9-27 22:8:36] [INFO] Server :: Booting @ Master...
[2020-9-27 22:8:36] [INFO] Connected to oracledb server at : localhost:1521/orcl
[2020-9-27 22:8:36] [INFO] Database :: Creating Tables...
[2020-9-27 22:9:45] [INFO] Routes :: Mounting API Routes...
[2020-9-27 22:9:45] [INFO] Booting the 'HTTP' middleware...
[2020-9-27 22:9:45] [INFO] Booting the 'Statics' middleware...
[2020-9-27 22:9:45] [INFO] Database :: Booting @ Master...
[2020-9-27 22:9:45] [INFO] Configuration :: Booting @ Master...
[2020-9-27 22:9:45] [INFO] Server :: Booting @ Master...
[2020-9-27 22:9:45] [INFO] Connected to oracledb server at : localhost:1521/orcl
[2020-9-27 22:9:45] [INFO] Database :: Creating Tables...
[2020-9-27 22:11:9] [INFO] Routes :: Mounting API Routes...
[2020-9-27 22:11:9] [INFO] Booting the 'HTTP' middleware...
[2020-9-27 22:11:9] [INFO] Booting the 'Statics' middleware...
[2020-9-27 22:11:9] [INFO] Database :: Booting @ Master...
[2020-9-27 22:11:9] [INFO] Configuration :: Booting @ Master...
[2020-9-27 22:11:9] [INFO] Server :: Booting @ Master...
[2020-9-27 22:11:9] [INFO] Connected to oracledb server at : localhost:1521/orcl
[2020-9-27 22:11:9] [INFO] Database :: Creating Tables...
[2020-9-27 22:12:9] [INFO] Routes :: Mounting API Routes...
[2020-9-27 22:12:9] [INFO] Booting the 'Statics' middleware...
[2020-9-27 22:12:9] [INFO] Booting the 'HTTP' middleware...
[2020-9-27 22:12:9] [INFO] Database :: Booting @ Master...
[2020-9-27 22:12:9] [INFO] Configuration :: Booting @ Master...
[2020-9-27 22:12:9] [INFO] Server :: Booting @ Master...
[2020-9-27 22:12:9] [INFO] Connected to oracledb server at : localhost:1521/orcl
[2020-9-27 22:12:9] [INFO] Database :: Creating Tables...
